[I 2023-09-25 12:38:13,984] Trial 2 finished with value: 0.291542288557214 and parameters: {'ls': 63.61738639388972}. Best is trial 1 with value: 0.2925373134328358.
The least-squares solution (tikhonov_reg == 0) of the reduced rank problem in the kernel setting is computationally very inefficient. Consider adding a small regularization parameter.
[I 2023-09-25 12:38:18,349] Trial 3 finished with value: 0.2908789386401327 and parameters: {'ls': 57.60922750839072}. Best is trial 1 with value: 0.2925373134328358.
The least-squares solution (tikhonov_reg == 0) of the reduced rank problem in the kernel setting is computationally very inefficient. Consider adding a small regularization parameter.
[I 2023-09-25 12:38:22,155] Trial 4 finished with value: 0.29054726368159206 and parameters: {'ls': 45.02531318887839}. Best is trial 1 with value: 0.2925373134328358.
The least-squares solution (tikhonov_reg == 0) of the reduced rank problem in the kernel setting is computationally very inefficient. Consider adding a small regularization parameter.
[I 2023-09-25 12:38:25,720] Trial 5 finished with value: 0.2918739635157546 and parameters: {'ls': 68.09450208664582}. Best is trial 1 with value: 0.2925373134328358.
The least-squares solution (tikhonov_reg == 0) of the reduced rank problem in the kernel setting is computationally very inefficient. Consider adding a small regularization parameter.
[I 2023-09-25 12:38:29,177] Trial 6 finished with value: 0.29121061359867334 and parameters: {'ls': 46.47154444778654}. Best is trial 1 with value: 0.2925373134328358.
The least-squares solution (tikhonov_reg == 0) of the reduced rank problem in the kernel setting is computationally very inefficient. Consider adding a small regularization parameter.
[I 2023-09-25 12:38:32,948] Trial 7 finished with value: 0.2925373134328358 and parameters: {'ls': 93.61755834314899}. Best is trial 1 with value: 0.2925373134328358.
The least-squares solution (tikhonov_reg == 0) of the reduced rank problem in the kernel setting is computationally very inefficient. Consider adding a small regularization parameter.
[I 2023-09-25 12:38:37,365] Trial 8 finished with value: 0.2918739635157546 and parameters: {'ls': 101.0799574072641}. Best is trial 1 with value: 0.2925373134328358.
The least-squares solution (tikhonov_reg == 0) of the reduced rank problem in the kernel setting is computationally very inefficient. Consider adding a small regularization parameter.
[I 2023-09-25 12:38:41,199] Trial 9 finished with value: 0.29121061359867334 and parameters: {'ls': 40.85103930008896}. Best is trial 1 with value: 0.2925373134328358.
The least-squares solution (tikhonov_reg == 0) of the reduced rank problem in the kernel setting is computationally very inefficient. Consider adding a small regularization parameter.
[I 2023-09-25 12:38:45,234] Trial 10 finished with value: 0.2746268656716418 and parameters: {'ls': 7.743722489140197}. Best is trial 1 with value: 0.2925373134328358.
The least-squares solution (tikhonov_reg == 0) of the reduced rank problem in the kernel setting is computationally very inefficient. Consider adding a small regularization parameter.
[I 2023-09-25 12:38:48,904] Trial 11 finished with value: 0.29253731343283584 and parameters: {'ls': 93.19311554423462}. Best is trial 11 with value: 0.29253731343283584.
The least-squares solution (tikhonov_reg == 0) of the reduced rank problem in the kernel setting is computationally very inefficient. Consider adding a small regularization parameter.
[I 2023-09-25 12:38:52,481] Trial 12 finished with value: 0.29286898839137643 and parameters: {'ls': 85.53002168626863}. Best is trial 12 with value: 0.29286898839137643.
The least-squares solution (tikhonov_reg == 0) of the reduced rank problem in the kernel setting is computationally very inefficient. Consider adding a small regularization parameter.
[I 2023-09-25 12:38:55,734] Trial 13 finished with value: 0.29121061359867334 and parameters: {'ls': 83.26005809726087}. Best is trial 12 with value: 0.29286898839137643.
The least-squares solution (tikhonov_reg == 0) of the reduced rank problem in the kernel setting is computationally very inefficient. Consider adding a small regularization parameter.
[I 2023-09-25 12:38:59,055] Trial 14 finished with value: 0.29121061359867334 and parameters: {'ls': 102.35334971979113}. Best is trial 12 with value: 0.29286898839137643.
The least-squares solution (tikhonov_reg == 0) of the reduced rank problem in the kernel setting is computationally very inefficient. Consider adding a small regularization parameter.
[I 2023-09-25 12:39:02,037] Trial 15 finished with value: 0.29320066334991707 and parameters: {'ls': 86.27915771882266}. Best is trial 15 with value: 0.29320066334991707.
The least-squares solution (tikhonov_reg == 0) of the reduced rank problem in the kernel setting is computationally very inefficient. Consider adding a small regularization parameter.
[I 2023-09-25 12:39:05,989] Trial 16 finished with value: 0.2908789386401327 and parameters: {'ls': 81.05795190172695}. Best is trial 15 with value: 0.29320066334991707.
The least-squares solution (tikhonov_reg == 0) of the reduced rank problem in the kernel setting is computationally very inefficient. Consider adding a small regularization parameter.
[I 2023-09-25 12:39:09,201] Trial 17 finished with value: 0.2922056384742952 and parameters: {'ls': 85.58386529740461}. Best is trial 15 with value: 0.29320066334991707.
The least-squares solution (tikhonov_reg == 0) of the reduced rank problem in the kernel setting is computationally very inefficient. Consider adding a small regularization parameter.
[I 2023-09-25 12:39:12,545] Trial 18 finished with value: 0.2902155887230514 and parameters: {'ls': 69.6444710131484}. Best is trial 15 with value: 0.29320066334991707.
The least-squares solution (tikhonov_reg == 0) of the reduced rank problem in the kernel setting is computationally very inefficient. Consider adding a small regularization parameter.
[I 2023-09-25 12:39:15,939] Trial 19 finished with value: 0.291542288557214 and parameters: {'ls': 104.22067951175752}. Best is trial 15 with value: 0.29320066334991707.
The least-squares solution (tikhonov_reg == 0) of the reduced rank problem in the kernel setting is computationally very inefficient. Consider adding a small regularization parameter.
[I 2023-09-25 12:39:19,919] Trial 20 finished with value: 0.2908789386401327 and parameters: {'ls': 75.62095677510024}. Best is trial 15 with value: 0.29320066334991707.
The least-squares solution (tikhonov_reg == 0) of the reduced rank problem in the kernel setting is computationally very inefficient. Consider adding a small regularization parameter.
[I 2023-09-25 12:39:23,945] Trial 21 finished with value: 0.291542288557214 and parameters: {'ls': 90.81666229855229}. Best is trial 15 with value: 0.29320066334991707.
The least-squares solution (tikhonov_reg == 0) of the reduced rank problem in the kernel setting is computationally very inefficient. Consider adding a small regularization parameter.
[I 2023-09-25 12:39:27,384] Trial 22 finished with value: 0.2918739635157546 and parameters: {'ls': 89.68192495688946}. Best is trial 15 with value: 0.29320066334991707.
The least-squares solution (tikhonov_reg == 0) of the reduced rank problem in the kernel setting is computationally very inefficient. Consider adding a small regularization parameter.
[I 2023-09-25 12:39:30,814] Trial 23 finished with value: 0.2918739635157546 and parameters: {'ls': 90.8784743485132}. Best is trial 15 with value: 0.29320066334991707.
The least-squares solution (tikhonov_reg == 0) of the reduced rank problem in the kernel setting is computationally very inefficient. Consider adding a small regularization parameter.
[I 2023-09-25 12:39:34,067] Trial 24 finished with value: 0.2918739635157546 and parameters: {'ls': 96.36478069531904}. Best is trial 15 with value: 0.29320066334991707.
The least-squares solution (tikhonov_reg == 0) of the reduced rank problem in the kernel setting is computationally very inefficient. Consider adding a small regularization parameter.
[I 2023-09-25 12:39:38,290] Trial 25 finished with value: 0.291542288557214 and parameters: {'ls': 80.3791317500954}. Best is trial 15 with value: 0.29320066334991707.
The least-squares solution (tikhonov_reg == 0) of the reduced rank problem in the kernel setting is computationally very inefficient. Consider adding a small regularization parameter.
[I 2023-09-25 12:39:40,726] Trial 26 finished with value: 0.29121061359867334 and parameters: {'ls': 97.22085262249823}. Best is trial 15 with value: 0.29320066334991707.
The least-squares solution (tikhonov_reg == 0) of the reduced rank problem in the kernel setting is computationally very inefficient. Consider adding a small regularization parameter.
[I 2023-09-25 12:39:43,391] Trial 27 finished with value: 0.291542288557214 and parameters: {'ls': 88.12581753481093}. Best is trial 15 with value: 0.29320066334991707.
The least-squares solution (tikhonov_reg == 0) of the reduced rank problem in the kernel setting is computationally very inefficient. Consider adding a small regularization parameter.
[I 2023-09-25 12:39:46,319] Trial 28 finished with value: 0.29286898839137643 and parameters: {'ls': 97.52622068545985}. Best is trial 15 with value: 0.29320066334991707.
The least-squares solution (tikhonov_reg == 0) of the reduced rank problem in the kernel setting is computationally very inefficient. Consider adding a small regularization parameter.
[I 2023-09-25 12:39:50,438] Trial 29 finished with value: 0.2925373134328358 and parameters: {'ls': 103.04880839143016}. Best is trial 15 with value: 0.29320066334991707.
The least-squares solution (tikhonov_reg == 0) of the reduced rank problem in the kernel setting is computationally very inefficient. Consider adding a small regularization parameter.
[I 2023-09-25 12:39:53,468] Trial 30 finished with value: 0.2922056384742952 and parameters: {'ls': 80.34882214181076}. Best is trial 15 with value: 0.29320066334991707.
The least-squares solution (tikhonov_reg == 0) of the reduced rank problem in the kernel setting is computationally very inefficient. Consider adding a small regularization parameter.
[I 2023-09-25 12:39:57,427] Trial 31 finished with value: 0.291542288557214 and parameters: {'ls': 95.7092365118133}. Best is trial 15 with value: 0.29320066334991707.
The least-squares solution (tikhonov_reg == 0) of the reduced rank problem in the kernel setting is computationally very inefficient. Consider adding a small regularization parameter.
[I 2023-09-25 12:40:01,980] Trial 32 finished with value: 0.29121061359867334 and parameters: {'ls': 87.5921897174288}. Best is trial 15 with value: 0.29320066334991707.
The least-squares solution (tikhonov_reg == 0) of the reduced rank problem in the kernel setting is computationally very inefficient. Consider adding a small regularization parameter.
[I 2023-09-25 12:40:05,857] Trial 33 finished with value: 0.2918739635157546 and parameters: {'ls': 75.19874593791678}. Best is trial 15 with value: 0.29320066334991707.
The least-squares solution (tikhonov_reg == 0) of the reduced rank problem in the kernel setting is computationally very inefficient. Consider adding a small regularization parameter.
[I 2023-09-25 12:40:09,752] Trial 34 finished with value: 0.2922056384742952 and parameters: {'ls': 96.58657660860854}. Best is trial 15 with value: 0.29320066334991707.
The least-squares solution (tikhonov_reg == 0) of the reduced rank problem in the kernel setting is computationally very inefficient. Consider adding a small regularization parameter.
[I 2023-09-25 12:40:13,322] Trial 35 finished with value: 0.291542288557214 and parameters: {'ls': 84.1798664094049}. Best is trial 15 with value: 0.29320066334991707.
The least-squares solution (tikhonov_reg == 0) of the reduced rank problem in the kernel setting is computationally very inefficient. Consider adding a small regularization parameter.
[I 2023-09-25 12:40:17,202] Trial 36 finished with value: 0.2922056384742952 and parameters: {'ls': 104.31953521857841}. Best is trial 15 with value: 0.29320066334991707.
The least-squares solution (tikhonov_reg == 0) of the reduced rank problem in the kernel setting is computationally very inefficient. Consider adding a small regularization parameter.
[I 2023-09-25 12:40:20,688] Trial 37 finished with value: 0.29286898839137643 and parameters: {'ls': 93.51004072795203}. Best is trial 15 with value: 0.29320066334991707.
The least-squares solution (tikhonov_reg == 0) of the reduced rank problem in the kernel setting is computationally very inefficient. Consider adding a small regularization parameter.
[I 2023-09-25 12:40:24,361] Trial 38 finished with value: 0.2908789386401327 and parameters: {'ls': 60.99372965543306}. Best is trial 15 with value: 0.29320066334991707.
The least-squares solution (tikhonov_reg == 0) of the reduced rank problem in the kernel setting is computationally very inefficient. Consider adding a small regularization parameter.
[I 2023-09-25 12:40:27,846] Trial 39 finished with value: 0.291542288557214 and parameters: {'ls': 98.47392057670297}. Best is trial 15 with value: 0.29320066334991707.
The least-squares solution (tikhonov_reg == 0) of the reduced rank problem in the kernel setting is computationally very inefficient. Consider adding a small regularization parameter.
[I 2023-09-25 12:40:31,584] Trial 40 finished with value: 0.291542288557214 and parameters: {'ls': 75.29100947803786}. Best is trial 15 with value: 0.29320066334991707.
The least-squares solution (tikhonov_reg == 0) of the reduced rank problem in the kernel setting is computationally very inefficient. Consider adding a small regularization parameter.
[I 2023-09-25 12:40:35,066] Trial 41 finished with value: 0.2925373134328358 and parameters: {'ls': 93.61035399126203}. Best is trial 15 with value: 0.29320066334991707.
The least-squares solution (tikhonov_reg == 0) of the reduced rank problem in the kernel setting is computationally very inefficient. Consider adding a small regularization parameter.
[I 2023-09-25 12:40:38,943] Trial 42 finished with value: 0.291542288557214 and parameters: {'ls': 92.49163093361359}. Best is trial 15 with value: 0.29320066334991707.
The least-squares solution (tikhonov_reg == 0) of the reduced rank problem in the kernel setting is computationally very inefficient. Consider adding a small regularization parameter.
[I 2023-09-25 12:40:42,685] Trial 43 finished with value: 0.291542288557214 and parameters: {'ls': 98.57360848625414}. Best is trial 15 with value: 0.29320066334991707.
The least-squares solution (tikhonov_reg == 0) of the reduced rank problem in the kernel setting is computationally very inefficient. Consider adding a small regularization parameter.
[I 2023-09-25 12:40:46,881] Trial 44 finished with value: 0.29253731343283584 and parameters: {'ls': 87.13099843005432}. Best is trial 15 with value: 0.29320066334991707.
The least-squares solution (tikhonov_reg == 0) of the reduced rank problem in the kernel setting is computationally very inefficient. Consider adding a small regularization parameter.
[I 2023-09-25 12:40:51,002] Trial 45 finished with value: 0.2908789386401327 and parameters: {'ls': 100.6170603966437}. Best is trial 15 with value: 0.29320066334991707.
The least-squares solution (tikhonov_reg == 0) of the reduced rank problem in the kernel setting is computationally very inefficient. Consider adding a small regularization parameter.
[I 2023-09-25 12:40:54,500] Trial 46 finished with value: 0.291542288557214 and parameters: {'ls': 92.73344210941609}. Best is trial 15 with value: 0.29320066334991707.
The least-squares solution (tikhonov_reg == 0) of the reduced rank problem in the kernel setting is computationally very inefficient. Consider adding a small regularization parameter.
[I 2023-09-25 12:40:58,437] Trial 47 finished with value: 0.2922056384742952 and parameters: {'ls': 85.798831512214}. Best is trial 15 with value: 0.29320066334991707.
The least-squares solution (tikhonov_reg == 0) of the reduced rank problem in the kernel setting is computationally very inefficient. Consider adding a small regularization parameter.
[I 2023-09-25 12:41:02,267] Trial 48 finished with value: 0.29253731343283584 and parameters: {'ls': 67.80686845152458}. Best is trial 15 with value: 0.29320066334991707.
The least-squares solution (tikhonov_reg == 0) of the reduced rank problem in the kernel setting is computationally very inefficient. Consider adding a small regularization parameter.
