[I 2023-09-25 12:41:06,128] Trial 49 finished with value: 0.291542288557214 and parameters: {'ls': 81.27237927213352}. Best is trial 15 with value: 0.29320066334991707.
The least-squares solution (tikhonov_reg == 0) of the reduced rank problem in the kernel setting is computationally very inefficient. Consider adding a small regularization parameter.
Fitted KernelDMD model. Lookback length set to 1
Fitted KernelDMD model. Lookback length set to 1
Fitted KernelDMD model. Lookback length set to 1
Fitted KernelDMD model. Lookback length set to 1
Fitted KernelDMD model. Lookback length set to 1
Fitted KernelDMD model. Lookback length set to 1
Fitted KernelDMD model. Lookback length set to 1
Fitted KernelDMD model. Lookback length set to 1
Fitted KernelDMD model. Lookback length set to 1
Fitted KernelDMD model. Lookback length set to 1
Fitted KernelDMD model. Lookback length set to 1
Fitted KernelDMD model. Lookback length set to 1
Fitted KernelDMD model. Lookback length set to 1
Fitted KernelDMD model. Lookback length set to 1
Fitted KernelDMD model. Lookback length set to 1
Fitted KernelDMD model. Lookback length set to 1
Fitted KernelDMD model. Lookback length set to 1
Fitted KernelDMD model. Lookback length set to 1
Fitted KernelDMD model. Lookback length set to 1
Fitted KernelDMD model. Lookback length set to 1
Fitted KernelDMD model. Lookback length set to 1
Fitted KernelDMD model. Lookback length set to 1
Fitted KernelDMD model. Lookback length set to 1
Fitted KernelDMD model. Lookback length set to 1
Fitted KernelDMD model. Lookback length set to 1
Fitted KernelDMD model. Lookback length set to 1
Fitted KernelDMD model. Lookback length set to 1
Fitted KernelDMD model. Lookback length set to 1
Fitted KernelDMD model. Lookback length set to 1
Fitted KernelDMD model. Lookback length set to 1
Fitted KernelDMD model. Lookback length set to 1
Fitted KernelDMD model. Lookback length set to 1
Fitted KernelDMD model. Lookback length set to 1
Fitted KernelDMD model. Lookback length set to 1
Fitted KernelDMD model. Lookback length set to 1
Fitted KernelDMD model. Lookback length set to 1
Fitted KernelDMD model. Lookback length set to 1
Fitted KernelDMD model. Lookback length set to 1
Fitted KernelDMD model. Lookback length set to 1
Fitted KernelDMD model. Lookback length set to 1
Fitted KernelDMD model. Lookback length set to 1
Fitted KernelDMD model. Lookback length set to 1
Fitted KernelDMD model. Lookback length set to 1
Fitted KernelDMD model. Lookback length set to 1
Fitted KernelDMD model. Lookback length set to 1
Fitted KernelDMD model. Lookback length set to 1
Fitted KernelDMD model. Lookback length set to 1
Fitted KernelDMD model. Lookback length set to 1
Fitted KernelDMD model. Lookback length set to 1
Fitted KernelDMD model. Lookback length set to 1
Fitted KernelDMD model. Lookback length set to 1
GPU available: True (cuda), used: True
TPU available: False, using: 0 TPU cores
IPU available: False, using: 0 IPUs
HPU available: False, using: 0 HPUs
Global seed set to 0
LOCAL_RANK: 0 - CUDA_VISIBLE_DEVICES: [GPU-e724bb03-ffd4-0954-9f9a-10f721e8e98e]
/projects/mlcompchem/mambaforge/envs/kooplearn/lib/python3.11/site-packages/lightning/pytorch/trainer/connectors/data_connector.py:442: PossibleUserWarning: The dataloader, train_dataloader, does not have many workers which may be a bottleneck. Consider increasing the value of the `num_workers` argument` (try 20 which is the number of cpus on this machine) in the `DataLoader` init to improve performance.
  rank_zero_warn(
Finding best initial lr:   0%|          | 0/50 [00:00<?, ?it/s]/projects/mlcompchem/mambaforge/envs/kooplearn/lib/python3.11/site-packages/lightning/pytorch/core/module.py:490: UserWarning: You called `self.log('train/VAMP_score', ..., logger=True)` but have no logger configured. You can enable one by doing `Trainer(logger=ALogger(...))`
  rank_zero_warn(
Finding best initial lr:   2%|▏         | 1/50 [00:01<01:19,  1.62s/it]Finding best initial lr:  36%|███▌      | 18/50 [00:01<00:02, 14.25it/s]Finding best initial lr:  74%|███████▍  | 37/50 [00:01<00:00, 32.35it/s]`Trainer.fit` stopped: `max_steps=50` reached.
Finding best initial lr: 100%|██████████| 50/50 [00:01<00:00, 26.33it/s]
Learning rate set to 0.0008709635899560806
Restoring states from the checkpoint path at /work/pnovelli/dp_examples/ordered_MNIST/.lr_find_2fc32c0a-c07a-4bff-ba85-7d9124875836.ckpt
Restored all states from the checkpoint at /work/pnovelli/dp_examples/ordered_MNIST/.lr_find_2fc32c0a-c07a-4bff-ba85-7d9124875836.ckpt
LOCAL_RANK: 0 - CUDA_VISIBLE_DEVICES: [GPU-e724bb03-ffd4-0954-9f9a-10f721e8e98e]

  | Name | Type       | Params
------------------------------------
0 | lobe | CNNEncoder | 21.1 K
------------------------------------
21.1 K    Trainable params
0         Non-trainable params
21.1 K    Total params
0.084     Total estimated model params size (MB)
`Trainer.fit` stopped: `max_epochs=150` reached.
GPU available: True (cuda), used: True
TPU available: False, using: 0 TPU cores
IPU available: False, using: 0 IPUs
HPU available: False, using: 0 HPUs
Global seed set to 1
LOCAL_RANK: 0 - CUDA_VISIBLE_DEVICES: [GPU-e724bb03-ffd4-0954-9f9a-10f721e8e98e]
Fitting VAMPNet. Lookback window length set to 1
Fitted DeepEDMD model. Lookback length set to 1
Finding best initial lr:   0%|          | 0/50 [00:00<?, ?it/s]Finding best initial lr:  38%|███▊      | 19/50 [00:00<00:00, 183.73it/s]Finding best initial lr:  78%|███████▊  | 39/50 [00:00<00:00, 188.58it/s]`Trainer.fit` stopped: `max_steps=50` reached.
Finding best initial lr: 100%|██████████| 50/50 [00:00<00:00, 188.42it/s]
Learning rate set to 0.0008709635899560806
Restoring states from the checkpoint path at /work/pnovelli/dp_examples/ordered_MNIST/.lr_find_ece165b1-47cc-45c4-ac44-159266e486d9.ckpt
Restored all states from the checkpoint at /work/pnovelli/dp_examples/ordered_MNIST/.lr_find_ece165b1-47cc-45c4-ac44-159266e486d9.ckpt
LOCAL_RANK: 0 - CUDA_VISIBLE_DEVICES: [GPU-e724bb03-ffd4-0954-9f9a-10f721e8e98e]

  | Name | Type       | Params
------------------------------------
0 | lobe | CNNEncoder | 21.1 K
------------------------------------
21.1 K    Trainable params
0         Non-trainable params
21.1 K    Total params
0.084     Total estimated model params size (MB)
`Trainer.fit` stopped: `max_epochs=150` reached.
GPU available: True (cuda), used: True
TPU available: False, using: 0 TPU cores
IPU available: False, using: 0 IPUs
HPU available: False, using: 0 HPUs
Global seed set to 2
LOCAL_RANK: 0 - CUDA_VISIBLE_DEVICES: [GPU-e724bb03-ffd4-0954-9f9a-10f721e8e98e]
Fitting VAMPNet. Lookback window length set to 1
Fitted DeepEDMD model. Lookback length set to 1
Finding best initial lr:   0%|          | 0/50 [00:00<?, ?it/s]Finding best initial lr:  34%|███▍      | 17/50 [00:00<00:00, 165.15it/s]Finding best initial lr:  70%|███████   | 35/50 [00:00<00:00, 170.00it/s]`Trainer.fit` stopped: `max_steps=50` reached.
Finding best initial lr: 100%|██████████| 50/50 [00:00<00:00, 171.28it/s]
Learning rate set to 0.0008709635899560806
Restoring states from the checkpoint path at /work/pnovelli/dp_examples/ordered_MNIST/.lr_find_93cb5f74-fc97-4efc-be0c-2ebaeef0a5aa.ckpt
Restored all states from the checkpoint at /work/pnovelli/dp_examples/ordered_MNIST/.lr_find_93cb5f74-fc97-4efc-be0c-2ebaeef0a5aa.ckpt
LOCAL_RANK: 0 - CUDA_VISIBLE_DEVICES: [GPU-e724bb03-ffd4-0954-9f9a-10f721e8e98e]

  | Name | Type       | Params
------------------------------------
0 | lobe | CNNEncoder | 21.1 K
------------------------------------
21.1 K    Trainable params
0         Non-trainable params
21.1 K    Total params
0.084     Total estimated model params size (MB)
`Trainer.fit` stopped: `max_epochs=150` reached.
GPU available: True (cuda), used: True
TPU available: False, using: 0 TPU cores
IPU available: False, using: 0 IPUs
HPU available: False, using: 0 HPUs
Global seed set to 3
LOCAL_RANK: 0 - CUDA_VISIBLE_DEVICES: [GPU-e724bb03-ffd4-0954-9f9a-10f721e8e98e]
Fitting VAMPNet. Lookback window length set to 1
Fitted DeepEDMD model. Lookback length set to 1
Finding best initial lr:   0%|          | 0/50 [00:00<?, ?it/s]Finding best initial lr:  34%|███▍      | 17/50 [00:00<00:00, 166.47it/s]Finding best initial lr:  68%|██████▊   | 34/50 [00:00<00:00, 166.17it/s]`Trainer.fit` stopped: `max_steps=50` reached.
Finding best initial lr: 100%|██████████| 50/50 [00:00<00:00, 169.37it/s]
Learning rate set to 0.0007585775750291836
Restoring states from the checkpoint path at /work/pnovelli/dp_examples/ordered_MNIST/.lr_find_d723ff97-506a-4681-abf2-62a896f14ac3.ckpt
Restored all states from the checkpoint at /work/pnovelli/dp_examples/ordered_MNIST/.lr_find_d723ff97-506a-4681-abf2-62a896f14ac3.ckpt
LOCAL_RANK: 0 - CUDA_VISIBLE_DEVICES: [GPU-e724bb03-ffd4-0954-9f9a-10f721e8e98e]

  | Name | Type       | Params
------------------------------------
0 | lobe | CNNEncoder | 21.1 K
------------------------------------
21.1 K    Trainable params
0         Non-trainable params
21.1 K    Total params
0.084     Total estimated model params size (MB)
`Trainer.fit` stopped: `max_epochs=150` reached.
GPU available: True (cuda), used: True
TPU available: False, using: 0 TPU cores
IPU available: False, using: 0 IPUs
HPU available: False, using: 0 HPUs
Global seed set to 4
LOCAL_RANK: 0 - CUDA_VISIBLE_DEVICES: [GPU-e724bb03-ffd4-0954-9f9a-10f721e8e98e]
Fitting VAMPNet. Lookback window length set to 1
Fitted DeepEDMD model. Lookback length set to 1
Finding best initial lr:   0%|          | 0/50 [00:00<?, ?it/s]Finding best initial lr:  36%|███▌      | 18/50 [00:00<00:00, 172.97it/s]Finding best initial lr:  76%|███████▌  | 38/50 [00:00<00:00, 185.02it/s]`Trainer.fit` stopped: `max_steps=50` reached.
Finding best initial lr: 100%|██████████| 50/50 [00:00<00:00, 180.79it/s]
Learning rate set to 0.000331131121482591
Restoring states from the checkpoint path at /work/pnovelli/dp_examples/ordered_MNIST/.lr_find_fa2bff4b-27cb-498c-a36c-401a8c4347f9.ckpt
Restored all states from the checkpoint at /work/pnovelli/dp_examples/ordered_MNIST/.lr_find_fa2bff4b-27cb-498c-a36c-401a8c4347f9.ckpt
LOCAL_RANK: 0 - CUDA_VISIBLE_DEVICES: [GPU-e724bb03-ffd4-0954-9f9a-10f721e8e98e]

  | Name | Type       | Params
------------------------------------
0 | lobe | CNNEncoder | 21.1 K
------------------------------------
21.1 K    Trainable params
0         Non-trainable params
21.1 K    Total params
0.084     Total estimated model params size (MB)
`Trainer.fit` stopped: `max_epochs=150` reached.
The numerical rank of the result (4) is smaller than the desired rank (5).
 1 degrees of freedom will be ignored.
GPU available: True (cuda), used: True
TPU available: False, using: 0 TPU cores
IPU available: False, using: 0 IPUs
HPU available: False, using: 0 HPUs
Global seed set to 5
LOCAL_RANK: 0 - CUDA_VISIBLE_DEVICES: [GPU-e724bb03-ffd4-0954-9f9a-10f721e8e98e]
Fitting VAMPNet. Lookback window length set to 1
Fitted DeepEDMD model. Lookback length set to 1
Finding best initial lr:   0%|          | 0/50 [00:00<?, ?it/s]Finding best initial lr:  32%|███▏      | 16/50 [00:00<00:00, 155.25it/s]Finding best initial lr:  68%|██████▊   | 34/50 [00:00<00:00, 168.01it/s]`Trainer.fit` stopped: `max_steps=50` reached.
Finding best initial lr: 100%|██████████| 50/50 [00:00<00:00, 167.10it/s]
Learning rate set to 0.0008709635899560806
Restoring states from the checkpoint path at /work/pnovelli/dp_examples/ordered_MNIST/.lr_find_182a84a3-6649-4485-8102-68f863d75d58.ckpt
Restored all states from the checkpoint at /work/pnovelli/dp_examples/ordered_MNIST/.lr_find_182a84a3-6649-4485-8102-68f863d75d58.ckpt
LOCAL_RANK: 0 - CUDA_VISIBLE_DEVICES: [GPU-e724bb03-ffd4-0954-9f9a-10f721e8e98e]

  | Name | Type       | Params
------------------------------------
0 | lobe | CNNEncoder | 21.1 K
------------------------------------
21.1 K    Trainable params
0         Non-trainable params
21.1 K    Total params
0.084     Total estimated model params size (MB)
`Trainer.fit` stopped: `max_epochs=150` reached.
GPU available: True (cuda), used: True
TPU available: False, using: 0 TPU cores
IPU available: False, using: 0 IPUs
HPU available: False, using: 0 HPUs
Global seed set to 6
LOCAL_RANK: 0 - CUDA_VISIBLE_DEVICES: [GPU-e724bb03-ffd4-0954-9f9a-10f721e8e98e]
Fitting VAMPNet. Lookback window length set to 1
Fitted DeepEDMD model. Lookback length set to 1
Finding best initial lr:   0%|          | 0/50 [00:00<?, ?it/s]Finding best initial lr:  38%|███▊      | 19/50 [00:00<00:00, 182.34it/s]Finding best initial lr:  76%|███████▌  | 38/50 [00:00<00:00, 179.92it/s]`Trainer.fit` stopped: `max_steps=50` reached.
Finding best initial lr: 100%|██████████| 50/50 [00:00<00:00, 182.50it/s]
Learning rate set to 0.0008709635899560806
Restoring states from the checkpoint path at /work/pnovelli/dp_examples/ordered_MNIST/.lr_find_5d73089c-0eda-499b-ae78-7f81dae3d2df.ckpt
Restored all states from the checkpoint at /work/pnovelli/dp_examples/ordered_MNIST/.lr_find_5d73089c-0eda-499b-ae78-7f81dae3d2df.ckpt
LOCAL_RANK: 0 - CUDA_VISIBLE_DEVICES: [GPU-e724bb03-ffd4-0954-9f9a-10f721e8e98e]

  | Name | Type       | Params
------------------------------------
0 | lobe | CNNEncoder | 21.1 K
------------------------------------
21.1 K    Trainable params
0         Non-trainable params
21.1 K    Total params
0.084     Total estimated model params size (MB)
`Trainer.fit` stopped: `max_epochs=150` reached.
GPU available: True (cuda), used: True
TPU available: False, using: 0 TPU cores
IPU available: False, using: 0 IPUs
HPU available: False, using: 0 HPUs
Global seed set to 7
LOCAL_RANK: 0 - CUDA_VISIBLE_DEVICES: [GPU-e724bb03-ffd4-0954-9f9a-10f721e8e98e]
Fitting VAMPNet. Lookback window length set to 1
Fitted DeepEDMD model. Lookback length set to 1
Finding best initial lr:   0%|          | 0/50 [00:00<?, ?it/s]Finding best initial lr:  36%|███▌      | 18/50 [00:00<00:00, 177.21it/s]Finding best initial lr:  74%|███████▍  | 37/50 [00:00<00:00, 180.74it/s]`Trainer.fit` stopped: `max_steps=50` reached.
Finding best initial lr: 100%|██████████| 50/50 [00:00<00:00, 178.14it/s]
Learning rate set to 0.0008709635899560806
Restoring states from the checkpoint path at /work/pnovelli/dp_examples/ordered_MNIST/.lr_find_e4dee259-68a5-490b-8ad0-766e09d7d3a1.ckpt
Restored all states from the checkpoint at /work/pnovelli/dp_examples/ordered_MNIST/.lr_find_e4dee259-68a5-490b-8ad0-766e09d7d3a1.ckpt
LOCAL_RANK: 0 - CUDA_VISIBLE_DEVICES: [GPU-e724bb03-ffd4-0954-9f9a-10f721e8e98e]

  | Name | Type       | Params
------------------------------------
0 | lobe | CNNEncoder | 21.1 K
------------------------------------
21.1 K    Trainable params
0         Non-trainable params
21.1 K    Total params
0.084     Total estimated model params size (MB)
`Trainer.fit` stopped: `max_epochs=150` reached.
GPU available: True (cuda), used: True
TPU available: False, using: 0 TPU cores
IPU available: False, using: 0 IPUs
HPU available: False, using: 0 HPUs
Global seed set to 8
LOCAL_RANK: 0 - CUDA_VISIBLE_DEVICES: [GPU-e724bb03-ffd4-0954-9f9a-10f721e8e98e]
Fitting VAMPNet. Lookback window length set to 1
Fitted DeepEDMD model. Lookback length set to 1
Finding best initial lr:   0%|          | 0/50 [00:00<?, ?it/s]Finding best initial lr:  28%|██▊       | 14/50 [00:00<00:00, 138.64it/s]Finding best initial lr:  64%|██████▍   | 32/50 [00:00<00:00, 162.17it/s]`Trainer.fit` stopped: `max_steps=50` reached.
Finding best initial lr: 100%|██████████| 50/50 [00:00<00:00, 168.10it/s]
Learning rate set to 0.0008709635899560806
Restoring states from the checkpoint path at /work/pnovelli/dp_examples/ordered_MNIST/.lr_find_0c80a7e8-1352-451b-8084-b8c1b06504ed.ckpt
Restored all states from the checkpoint at /work/pnovelli/dp_examples/ordered_MNIST/.lr_find_0c80a7e8-1352-451b-8084-b8c1b06504ed.ckpt
LOCAL_RANK: 0 - CUDA_VISIBLE_DEVICES: [GPU-e724bb03-ffd4-0954-9f9a-10f721e8e98e]

  | Name | Type       | Params
------------------------------------
0 | lobe | CNNEncoder | 21.1 K
------------------------------------
21.1 K    Trainable params
0         Non-trainable params
21.1 K    Total params
0.084     Total estimated model params size (MB)
`Trainer.fit` stopped: `max_epochs=150` reached.
GPU available: True (cuda), used: True
TPU available: False, using: 0 TPU cores
IPU available: False, using: 0 IPUs
HPU available: False, using: 0 HPUs
Global seed set to 9
LOCAL_RANK: 0 - CUDA_VISIBLE_DEVICES: [GPU-e724bb03-ffd4-0954-9f9a-10f721e8e98e]
Fitting VAMPNet. Lookback window length set to 1
Fitted DeepEDMD model. Lookback length set to 1
Finding best initial lr:   0%|          | 0/50 [00:00<?, ?it/s]Finding best initial lr:  36%|███▌      | 18/50 [00:00<00:00, 173.36it/s]Finding best initial lr:  72%|███████▏  | 36/50 [00:00<00:00, 154.77it/s]`Trainer.fit` stopped: `max_steps=50` reached.
Finding best initial lr: 100%|██████████| 50/50 [00:00<00:00, 160.97it/s]
Learning rate set to 0.0008709635899560806
Restoring states from the checkpoint path at /work/pnovelli/dp_examples/ordered_MNIST/.lr_find_111781a3-a9f0-48b7-a390-79c80645c6da.ckpt
Restored all states from the checkpoint at /work/pnovelli/dp_examples/ordered_MNIST/.lr_find_111781a3-a9f0-48b7-a390-79c80645c6da.ckpt
LOCAL_RANK: 0 - CUDA_VISIBLE_DEVICES: [GPU-e724bb03-ffd4-0954-9f9a-10f721e8e98e]

  | Name | Type       | Params
------------------------------------
0 | lobe | CNNEncoder | 21.1 K
------------------------------------
21.1 K    Trainable params
0         Non-trainable params
21.1 K    Total params
0.084     Total estimated model params size (MB)
`Trainer.fit` stopped: `max_epochs=150` reached.
GPU available: True (cuda), used: True
TPU available: False, using: 0 TPU cores
IPU available: False, using: 0 IPUs
HPU available: False, using: 0 HPUs
Global seed set to 10
LOCAL_RANK: 0 - CUDA_VISIBLE_DEVICES: [GPU-e724bb03-ffd4-0954-9f9a-10f721e8e98e]
Fitting VAMPNet. Lookback window length set to 1
Fitted DeepEDMD model. Lookback length set to 1
Finding best initial lr:   0%|          | 0/50 [00:00<?, ?it/s]Finding best initial lr:  40%|████      | 20/50 [00:00<00:00, 191.57it/s]Finding best initial lr:  80%|████████  | 40/50 [00:00<00:00, 193.60it/s]`Trainer.fit` stopped: `max_steps=50` reached.
Finding best initial lr: 100%|██████████| 50/50 [00:00<00:00, 192.44it/s]
Learning rate set to 0.0007585775750291836
Restoring states from the checkpoint path at /work/pnovelli/dp_examples/ordered_MNIST/.lr_find_bc7f068a-4895-4a71-acf2-ac19b4e7a0f9.ckpt
Restored all states from the checkpoint at /work/pnovelli/dp_examples/ordered_MNIST/.lr_find_bc7f068a-4895-4a71-acf2-ac19b4e7a0f9.ckpt
LOCAL_RANK: 0 - CUDA_VISIBLE_DEVICES: [GPU-e724bb03-ffd4-0954-9f9a-10f721e8e98e]

  | Name | Type       | Params
------------------------------------
0 | lobe | CNNEncoder | 21.1 K
------------------------------------
21.1 K    Trainable params
0         Non-trainable params
21.1 K    Total params
0.084     Total estimated model params size (MB)
`Trainer.fit` stopped: `max_epochs=150` reached.
GPU available: True (cuda), used: True
TPU available: False, using: 0 TPU cores
IPU available: False, using: 0 IPUs
HPU available: False, using: 0 HPUs
Global seed set to 11
LOCAL_RANK: 0 - CUDA_VISIBLE_DEVICES: [GPU-e724bb03-ffd4-0954-9f9a-10f721e8e98e]
Fitting VAMPNet. Lookback window length set to 1
Fitted DeepEDMD model. Lookback length set to 1
Finding best initial lr:   0%|          | 0/50 [00:00<?, ?it/s]Finding best initial lr:  32%|███▏      | 16/50 [00:00<00:00, 154.35it/s]Finding best initial lr:  68%|██████▊   | 34/50 [00:00<00:00, 167.46it/s]`Trainer.fit` stopped: `max_steps=50` reached.
Finding best initial lr: 100%|██████████| 50/50 [00:00<00:00, 169.20it/s]
Learning rate set to 0.0006606934480075958
Restoring states from the checkpoint path at /work/pnovelli/dp_examples/ordered_MNIST/.lr_find_8d3878f9-9a1b-438d-8659-2312a031198b.ckpt
Restored all states from the checkpoint at /work/pnovelli/dp_examples/ordered_MNIST/.lr_find_8d3878f9-9a1b-438d-8659-2312a031198b.ckpt
LOCAL_RANK: 0 - CUDA_VISIBLE_DEVICES: [GPU-e724bb03-ffd4-0954-9f9a-10f721e8e98e]

  | Name | Type       | Params
------------------------------------
0 | lobe | CNNEncoder | 21.1 K
------------------------------------
21.1 K    Trainable params
0         Non-trainable params
21.1 K    Total params
0.084     Total estimated model params size (MB)
`Trainer.fit` stopped: `max_epochs=150` reached.
GPU available: True (cuda), used: True
TPU available: False, using: 0 TPU cores
IPU available: False, using: 0 IPUs
HPU available: False, using: 0 HPUs
Global seed set to 12
LOCAL_RANK: 0 - CUDA_VISIBLE_DEVICES: [GPU-e724bb03-ffd4-0954-9f9a-10f721e8e98e]
Fitting VAMPNet. Lookback window length set to 1
Fitted DeepEDMD model. Lookback length set to 1
Finding best initial lr:   0%|          | 0/50 [00:00<?, ?it/s]Finding best initial lr:  38%|███▊      | 19/50 [00:00<00:00, 182.39it/s]Finding best initial lr:  76%|███████▌  | 38/50 [00:00<00:00, 179.86it/s]`Trainer.fit` stopped: `max_steps=50` reached.
Finding best initial lr: 100%|██████████| 50/50 [00:00<00:00, 176.77it/s]
Learning rate set to 0.000331131121482591
Restoring states from the checkpoint path at /work/pnovelli/dp_examples/ordered_MNIST/.lr_find_4676daf3-33e4-4888-b04a-ea4d58fa0524.ckpt
Restored all states from the checkpoint at /work/pnovelli/dp_examples/ordered_MNIST/.lr_find_4676daf3-33e4-4888-b04a-ea4d58fa0524.ckpt
LOCAL_RANK: 0 - CUDA_VISIBLE_DEVICES: [GPU-e724bb03-ffd4-0954-9f9a-10f721e8e98e]

  | Name | Type       | Params
------------------------------------
0 | lobe | CNNEncoder | 21.1 K
------------------------------------
21.1 K    Trainable params
0         Non-trainable params
21.1 K    Total params
0.084     Total estimated model params size (MB)
`Trainer.fit` stopped: `max_epochs=150` reached.
The numerical rank of the result (4) is smaller than the desired rank (5).
 1 degrees of freedom will be ignored.
GPU available: True (cuda), used: True
TPU available: False, usin