[I 2023-09-25 13:45:48,305] Trial 5 finished with value: 0.9877280265339966 and parameters: {'metric_deformation': 0.19578897201213002}. Best is trial 5 with value: 0.9877280265339966.
GPU available: True (cuda), used: True
TPU available: False, using: 0 TPU cores
IPU available: False, using: 0 IPUs
HPU available: False, using: 0 HPUs
Global seed set to 6
LOCAL_RANK: 0 - CUDA_VISIBLE_DEVICES: [GPU-e724bb03-ffd4-0954-9f9a-10f721e8e98e]
Fitting DPNet. Lookback window length set to 1
Fitted DeepEDMD model. Lookback length set to 1
Finding best initial lr:   0%|          | 0/50 [00:00<?, ?it/s]Finding best initial lr:  26%|██▌       | 13/50 [00:00<00:00, 127.45it/s]Finding best initial lr:  52%|█████▏    | 26/50 [00:00<00:00, 121.32it/s]Finding best initial lr:  78%|███████▊  | 39/50 [00:00<00:00, 119.76it/s]`Trainer.fit` stopped: `max_steps=50` reached.
Finding best initial lr: 100%|██████████| 50/50 [00:00<00:00, 121.09it/s]
Learning rate set to 0.0008709635899560806
Restoring states from the checkpoint path at /work/pnovelli/dp_examples/ordered_MNIST/.lr_find_6c375c1c-95cb-4f2a-826d-a3dc7b6aae75.ckpt
Restored all states from the checkpoint at /work/pnovelli/dp_examples/ordered_MNIST/.lr_find_6c375c1c-95cb-4f2a-826d-a3dc7b6aae75.ckpt
LOCAL_RANK: 0 - CUDA_VISIBLE_DEVICES: [GPU-e724bb03-ffd4-0954-9f9a-10f721e8e98e]

  | Name    | Type       | Params
---------------------------------------
0 | encoder | CNNEncoder | 21.1 K
---------------------------------------
21.1 K    Trainable params
0         Non-trainable params
21.1 K    Total params
0.084     Total estimated model params size (MB)
`Trainer.fit` stopped: `max_epochs=150` reached.
[I 2023-09-25 13:45:59,491] Trial 6 finished with value: 0.9840796019900496 and parameters: {'metric_deformation': 0.07501954443620121}. Best is trial 5 with value: 0.9877280265339966.
GPU available: True (cuda), used: True
TPU available: False, using: 0 TPU cores
IPU available: False, using: 0 IPUs
HPU available: False, using: 0 HPUs
Global seed set to 6
LOCAL_RANK: 0 - CUDA_VISIBLE_DEVICES: [GPU-e724bb03-ffd4-0954-9f9a-10f721e8e98e]
Fitting DPNet. Lookback window length set to 1
Fitted DeepEDMD model. Lookback length set to 1
Finding best initial lr:   0%|          | 0/50 [00:00<?, ?it/s]Finding best initial lr:  28%|██▊       | 14/50 [00:00<00:00, 135.95it/s]Finding best initial lr:  58%|█████▊    | 29/50 [00:00<00:00, 140.07it/s]Finding best initial lr:  88%|████████▊ | 44/50 [00:00<00:00, 142.35it/s]`Trainer.fit` stopped: `max_steps=50` reached.
Finding best initial lr: 100%|██████████| 50/50 [00:00<00:00, 141.49it/s]
Learning rate set to 0.0008709635899560806
Restoring states from the checkpoint path at /work/pnovelli/dp_examples/ordered_MNIST/.lr_find_e4b93796-c216-4d8d-ac01-88d508f49d20.ckpt
Restored all states from the checkpoint at /work/pnovelli/dp_examples/ordered_MNIST/.lr_find_e4b93796-c216-4d8d-ac01-88d508f49d20.ckpt
LOCAL_RANK: 0 - CUDA_VISIBLE_DEVICES: [GPU-e724bb03-ffd4-0954-9f9a-10f721e8e98e]

  | Name    | Type       | Params
---------------------------------------
0 | encoder | CNNEncoder | 21.1 K
---------------------------------------
21.1 K    Trainable params
0         Non-trainable params
21.1 K    Total params
0.084     Total estimated model params size (MB)
`Trainer.fit` stopped: `max_epochs=150` reached.
[I 2023-09-25 13:46:10,624] Trial 7 finished with value: 0.9857379767827528 and parameters: {'metric_deformation': 0.6074996073425692}. Best is trial 5 with value: 0.9877280265339966.
GPU available: True (cuda), used: True
TPU available: False, using: 0 TPU cores
IPU available: False, using: 0 IPUs
HPU available: False, using: 0 HPUs
Global seed set to 6
LOCAL_RANK: 0 - CUDA_VISIBLE_DEVICES: [GPU-e724bb03-ffd4-0954-9f9a-10f721e8e98e]
Fitting DPNet. Lookback window length set to 1
Fitted DeepEDMD model. Lookback length set to 1
Finding best initial lr:   0%|          | 0/50 [00:00<?, ?it/s]Finding best initial lr:  32%|███▏      | 16/50 [00:00<00:00, 150.79it/s]Finding best initial lr:  64%|██████▍   | 32/50 [00:00<00:00, 155.82it/s]Finding best initial lr:  96%|█████████▌| 48/50 [00:00<00:00, 154.51it/s]`Trainer.fit` stopped: `max_steps=50` reached.
Finding best initial lr: 100%|██████████| 50/50 [00:00<00:00, 153.66it/s]
Learning rate set to 0.0008709635899560806
Restoring states from the checkpoint path at /work/pnovelli/dp_examples/ordered_MNIST/.lr_find_c7348684-1796-4a34-b4fa-cdefd82b722b.ckpt
Restored all states from the checkpoint at /work/pnovelli/dp_examples/ordered_MNIST/.lr_find_c7348684-1796-4a34-b4fa-cdefd82b722b.ckpt
LOCAL_RANK: 0 - CUDA_VISIBLE_DEVICES: [GPU-e724bb03-ffd4-0954-9f9a-10f721e8e98e]

  | Name    | Type       | Params
---------------------------------------
0 | encoder | CNNEncoder | 21.1 K
---------------------------------------
21.1 K    Trainable params
0         Non-trainable params
21.1 K    Total params
0.084     Total estimated model params size (MB)
`Trainer.fit` stopped: `max_epochs=150` reached.
[I 2023-09-25 13:46:22,391] Trial 8 finished with value: 0.983747927031509 and parameters: {'metric_deformation': 0.8459126528049372}. Best is trial 5 with value: 0.9877280265339966.
GPU available: True (cuda), used: True
TPU available: False, using: 0 TPU cores
IPU available: False, using: 0 IPUs
HPU available: False, using: 0 HPUs
Global seed set to 6
LOCAL_RANK: 0 - CUDA_VISIBLE_DEVICES: [GPU-e724bb03-ffd4-0954-9f9a-10f721e8e98e]
Fitting DPNet. Lookback window length set to 1
Fitted DeepEDMD model. Lookback length set to 1
Finding best initial lr:   0%|          | 0/50 [00:00<?, ?it/s]Finding best initial lr:  28%|██▊       | 14/50 [00:00<00:00, 136.24it/s]Finding best initial lr:  56%|█████▌    | 28/50 [00:00<00:00, 136.04it/s]Finding best initial lr:  88%|████████▊ | 44/50 [00:00<00:00, 145.14it/s]`Trainer.fit` stopped: `max_steps=50` reached.
Finding best initial lr: 100%|██████████| 50/50 [00:00<00:00, 144.08it/s]
Learning rate set to 0.0008709635899560806
Restoring states from the checkpoint path at /work/pnovelli/dp_examples/ordered_MNIST/.lr_find_bb094db1-0cea-408b-8dfd-aab8196ef454.ckpt
Restored all states from the checkpoint at /work/pnovelli/dp_examples/ordered_MNIST/.lr_find_bb094db1-0cea-408b-8dfd-aab8196ef454.ckpt
LOCAL_RANK: 0 - CUDA_VISIBLE_DEVICES: [GPU-e724bb03-ffd4-0954-9f9a-10f721e8e98e]

  | Name    | Type       | Params
---------------------------------------
0 | encoder | CNNEncoder | 21.1 K
---------------------------------------
21.1 K    Trainable params
0         Non-trainable params
21.1 K    Total params
0.084     Total estimated model params size (MB)
`Trainer.fit` stopped: `max_epochs=150` reached.
[I 2023-09-25 13:46:33,822] Trial 9 finished with value: 0.9830845771144276 and parameters: {'metric_deformation': 0.058463261216434144}. Best is trial 5 with value: 0.9877280265339966.
GPU available: True (cuda), used: True
TPU available: False, using: 0 TPU cores
IPU available: False, using: 0 IPUs
HPU available: False, using: 0 HPUs
Global seed set to 6
LOCAL_RANK: 0 - CUDA_VISIBLE_DEVICES: [GPU-e724bb03-ffd4-0954-9f9a-10f721e8e98e]
Fitting DPNet. Lookback window length set to 1
Fitted DeepEDMD model. Lookback length set to 1
Finding best initial lr:   0%|          | 0/50 [00:00<?, ?it/s]Finding best initial lr:  30%|███       | 15/50 [00:00<00:00, 146.31it/s]Finding best initial lr:  62%|██████▏   | 31/50 [00:00<00:00, 153.23it/s]Finding best initial lr:  94%|█████████▍| 47/50 [00:00<00:00, 153.19it/s]`Trainer.fit` stopped: `max_steps=50` reached.
Finding best initial lr: 100%|██████████| 50/50 [00:00<00:00, 151.80it/s]
Learning rate set to 0.0008709635899560806
Restoring states from the checkpoint path at /work/pnovelli/dp_examples/ordered_MNIST/.lr_find_7107c6cd-1257-476a-9f51-bf637e72b226.ckpt
Restored all states from the checkpoint at /work/pnovelli/dp_examples/ordered_MNIST/.lr_find_7107c6cd-1257-476a-9f51-bf637e72b226.ckpt
LOCAL_RANK: 0 - CUDA_VISIBLE_DEVICES: [GPU-e724bb03-ffd4-0954-9f9a-10f721e8e98e]

  | Name    | Type       | Params
---------------------------------------
0 | encoder | CNNEncoder | 21.1 K
---------------------------------------
21.1 K    Trainable params
0         Non-trainable params
21.1 K    Total params
0.084     Total estimated model params size (MB)
`Trainer.fit` stopped: `max_epochs=150` reached.
[I 2023-09-25 13:46:44,880] Trial 10 finished with value: 0.981094527363184 and parameters: {'metric_deformation': 0.018701659808245147}. Best is trial 5 with value: 0.9877280265339966.
GPU available: True (cuda), used: True
TPU available: False, using: 0 TPU cores
IPU available: False, using: 0 IPUs
HPU available: False, using: 0 HPUs
Global seed set to 6
LOCAL_RANK: 0 - CUDA_VISIBLE_DEVICES: [GPU-e724bb03-ffd4-0954-9f9a-10f721e8e98e]
Fitting DPNet. Lookback window length set to 1
Fitted DeepEDMD model. Lookback length set to 1
Finding best initial lr:   0%|          | 0/50 [00:00<?, ?it/s]Finding best initial lr:  28%|██▊       | 14/50 [00:00<00:00, 136.28it/s]Finding best initial lr:  56%|█████▌    | 28/50 [00:00<00:00, 134.32it/s]Finding best initial lr:  84%|████████▍ | 42/50 [00:00<00:00, 129.01it/s]`Trainer.fit` stopped: `max_steps=50` reached.
Finding best initial lr: 100%|██████████| 50/50 [00:00<00:00, 129.01it/s]
Learning rate set to 0.0008709635899560806
Restoring states from the checkpoint path at /work/pnovelli/dp_examples/ordered_MNIST/.lr_find_1812f43d-2f0b-44e5-9299-d3f026dc8a58.ckpt
Restored all states from the checkpoint at /work/pnovelli/dp_examples/ordered_MNIST/.lr_find_1812f43d-2f0b-44e5-9299-d3f026dc8a58.ckpt
LOCAL_RANK: 0 - CUDA_VISIBLE_DEVICES: [GPU-e724bb03-ffd4-0954-9f9a-10f721e8e98e]

  | Name    | Type       | Params
---------------------------------------
0 | encoder | CNNEncoder | 21.1 K
---------------------------------------
21.1 K    Trainable params
0         Non-trainable params
21.1 K    Total params
0.084     Total estimated model params size (MB)
`Trainer.fit` stopped: `max_epochs=150` reached.
[I 2023-09-25 13:46:55,959] Trial 11 finished with value: 0.9840796019900496 and parameters: {'metric_deformation': 0.33832035835993146}. Best is trial 5 with value: 0.9877280265339966.
GPU available: True (cuda), used: True
TPU available: False, using: 0 TPU cores
IPU available: False, using: 0 IPUs
HPU available: False, using: 0 HPUs
Global seed set to 6
LOCAL_RANK: 0 - CUDA_VISIBLE_DEVICES: [GPU-e724bb03-ffd4-0954-9f9a-10f721e8e98e]
Fitting DPNet. Lookback window length set to 1
Fitted DeepEDMD model. Lookback length set to 1
Finding best initial lr:   0%|          | 0/50 [00:00<?, ?it/s]Finding best initial lr:  26%|██▌       | 13/50 [00:00<00:00, 126.00it/s]Finding best initial lr:  58%|█████▊    | 29/50 [00:00<00:00, 143.00it/s]Finding best initial lr:  90%|█████████ | 45/50 [00:00<00:00, 147.78it/s]`Trainer.fit` stopped: `max_steps=50` reached.
Finding best initial lr: 100%|██████████| 50/50 [00:00<00:00, 145.06it/s]
Learning rate set to 0.0008709635899560806
Restoring states from the checkpoint path at /work/pnovelli/dp_examples/ordered_MNIST/.lr_find_e56cd382-750d-4281-8a18-d2e4aac78726.ckpt
Restored all states from the checkpoint at /work/pnovelli/dp_examples/ordered_MNIST/.lr_find_e56cd382-750d-4281-8a18-d2e4aac78726.ckpt
LOCAL_RANK: 0 - CUDA_VISIBLE_DEVICES: [GPU-e724bb03-ffd4-0954-9f9a-10f721e8e98e]

  | Name    | Type       | Params
---------------------------------------
0 | encoder | CNNEncoder | 21.1 K
---------------------------------------
21.1 K    Trainable params
0         Non-trainable params
21.1 K    Total params
0.084     Total estimated model params size (MB)
`Trainer.fit` stopped: `max_epochs=150` reached.
[I 2023-09-25 13:47:07,394] Trial 12 finished with value: 0.9870646766169153 and parameters: {'metric_deformation': 0.21192724646764777}. Best is trial 5 with value: 0.9877280265339966.
GPU available: True (cuda), used: True
TPU available: False, using: 0 TPU cores
IPU available: False, using: 0 IPUs
HPU available: False, using: 0 HPUs
Global seed set to 6
LOCAL_RANK: 0 - CUDA_VISIBLE_DEVICES: [GPU-e724bb03-ffd4-0954-9f9a-10f721e8e98e]
Fitting DPNet. Lookback window length set to 1
Fitted DeepEDMD model. Lookback length set to 1
Finding best initial lr:   0%|          | 0/50 [00:00<?, ?it/s]Finding best initial lr:  26%|██▌       | 13/50 [00:00<00:00, 122.54it/s]Finding best initial lr:  54%|█████▍    | 27/50 [00:00<00:00, 132.16it/s]Finding best initial lr:  82%|████████▏ | 41/50 [00:00<00:00, 131.76it/s]`Trainer.fit` stopped: `max_steps=50` reached.
Finding best initial lr: 100%|██████████| 50/50 [00:00<00:00, 127.36it/s]
Learning rate set to 0.0008709635899560806
Restoring states from the checkpoint path at /work/pnovelli/dp_examples/ordered_MNIST/.lr_find_3456dcc3-6b14-491f-a1b8-da28e1da7497.ckpt
Restored all states from the checkpoint at /work/pnovelli/dp_examples/ordered_MNIST/.lr_find_3456dcc3-6b14-491f-a1b8-da28e1da7497.ckpt
LOCAL_RANK: 0 - CUDA_VISIBLE_DEVICES: [GPU-e724bb03-ffd4-0954-9f9a-10f721e8e98e]

  | Name    | Type       | Params
---------------------------------------
0 | encoder | CNNEncoder | 21.1 K
---------------------------------------
21.1 K    Trainable params
0         Non-trainable params
21.1 K    Total params
0.084     Total estimated model params size (MB)
`Trainer.fit` stopped: `max_epochs=150` reached.
[I 2023-09-25 13:47:19,349] Trial 13 finished with value: 0.9850746268656715 and parameters: {'metric_deformation': 0.3057556413767842}. Best is trial 5 with value: 0.9877280265339966.
GPU available: True (cuda), used: True
TPU available: False, using: 0 TPU cores
IPU available: False, using: 0 IPUs
HPU available: False, using: 0 HPUs
Global seed set to 6
LOCAL_RANK: 0 - CUDA_VISIBLE_DEVICES: [GPU-e724bb03-ffd4-0954-9f9a-10f721e8e98e]
Fitting DPNet. Lookback window length set to 1
Fitted DeepEDMD model. Lookback length set to 1
Finding best initial lr:   0%|          | 0/50 [00:00<?, ?it/s]Finding best initial lr:  32%|███▏      | 16/50 [00:00<00:00, 150.53it/s]Finding best initial lr:  64%|██████▍   | 32/50 [00:00<00:00, 153.88it/s]Finding best initial lr:  96%|█████████▌| 48/50 [00:00<00:00, 155.17it/s]`Trainer.fit` stopped: `max_steps=50` reached.
Finding best initial lr: 100%|██████████| 50/50 [00:00<00:00, 154.18it/s]
Learning rate set to 0.0008709635899560806
Restoring states from the checkpoint path at /work/pnovelli/dp_examples/ordered_MNIST/.lr_find_23e3a43d-87d2-4473-a7b6-3bf0324d7567.ckpt
Restored all states from the checkpoint at /work/pnovelli/dp_examples/ordered_MNIST/.lr_find_23e3a43d-87d2-4473-a7b6-3bf0324d7567.ckpt
LOCAL_RANK: 0 - CUDA_VISIBLE_DEVICES: [GPU-e724bb03-ffd4-0954-9f9a-10f721e8e98e]

  | Name    | Type       | Params
---------------------------------------
0 | encoder | CNNEncoder | 21.1 K
---------------------------------------
21.1 K    Trainable params
0         Non-trainable params
21.1 K    Total params
0.084     Total estimated model params size (MB)
`Trainer.fit` stopped: `max_epochs=150` reached.
[I 2023-09-25 13:47:30,869] Trial 14 finished with value: 0.9880597014925372 and parameters: {'metric_deformation': 0.47412431400117816}. Best is trial 14 with value: 0.9880597014925372.
GPU available: True (cuda), used: True
TPU available: False, using: 0 TPU cores
IPU available: False, using: 0 IPUs
HPU available: False, using: 0 HPUs
Global seed set to 6
LOCAL_RANK: 0 - CUDA_VISIBLE_DEVICES: [GPU-e724bb03-ffd4-0954-9f9a-10f721e8e98e]
Fitting DPNet. Lookback window length set to 1
Fitted DeepEDMD model. Lookback length set to 1
Finding best initial lr:   0%|          | 0/50 [00:00<?, ?it/s]Finding best initial lr:  24%|██▍       | 12/50 [00:00<00:00, 111.60it/s]Finding best initial lr:  48%|████▊     | 24/50 [00:00<00:00, 115.44it/s]Finding best initial lr:  78%|███████▊  | 39/50 [00:00<00:00, 130.03it/s]`Trainer.fit` stopped: `max_steps=50` reached.
Finding best initial lr: 100%|██████████| 50/50 [00:00<00:00, 129.02it/s]
Learning rate set to 0.0008709635899560806
Restoring states from the checkpoint path at /work/pnovelli/dp_examples/ordered_MNIST/.lr_find_b8377f53-6cfb-492f-950d-02ec0edad06d.ckpt
Restored all states from the checkpoint at /work/pnovelli/dp_examples/ordered_MNIST/.lr_find_b8377f53-6cfb-492f-950d-02ec0edad06d.ckpt
LOCAL_RANK: 0 - CUDA_VISIBLE_DEVICES: [GPU-e724bb03-ffd4-0954-9f9a-10f721e8e98e]

  | Name    | Type       | Params
---------------------------------------
0 | encoder | CNNEncoder | 21.1 K
---------------------------------------
21.1 K    Trainable params
0         Non-trainable params
21.1 K    Total params
0.084     Total estimated model params size (MB)
`Trainer.fit` stopped: `max_epochs=150` reached.
[I 2023-09-25 13:47:43,029] Trial 15 finished with value: 0.9857379767827528 and parameters: {'metric_deformation': 0.5298877062995521}. Best is trial 14 with value: 0.9880597014925372.
GPU available: True (cuda), used: True
TPU available: False, using: 0 TPU cores
IPU available: False, using: 0 IPUs
HPU available: False, using: 0 HPUs
Global seed set to 6
LOCAL_RANK: 0 - CUDA_VISIBLE_DEVICES: [GPU-e724bb03-ffd4-0954-9f9a-10f721e8e98e]
Fitting DPNet. Lookback window length set to 1
Fitted DeepEDMD model. Lookback length set to 1
Finding best initial lr:   0%|          | 0/50 [00:00<?, ?it/s]Finding best initial lr:  26%|██▌       | 13/50 [00:00<00:00, 129.40it/s]Finding best initial lr:  52%|█████▏    | 26/50 [00:00<00:00, 118.98it/s]Finding best initial lr:  76%|███████▌  | 38/50 [00:00<00:00, 116.04it/s]Finding best initial lr: 100%|██████████| 50/50 [00:00<00:00, 116.17it/s]`Trainer.fit` stopped: `max_steps=50` reached.
Finding best initial lr: 100%|██████████| 50/50 [00:00<00:00, 117.22it/s]
Learning rate set to 0.0008709635899560806
Restoring states from the checkpoint path at /work/pnovelli/dp_examples/ordered_MNIST/.lr_find_bc2d08b9-f6a2-4981-bbe5-ed9ffe53ca8b.ckpt
Restored all states from the checkpoint at /work/pnovelli/dp_examples/ordered_MNIST/.lr_find_bc2d08b9-f6a2-4981-bbe5-ed9ffe53ca8b.ckpt
LOCAL_RANK: 0 - CUDA_VISIBLE_DEVICES: [GPU-e724bb03-ffd4-0954-9f9a-10f721e8e98e]

  | Name    | Type       | Params
---------------------------------------
0 | encoder | CNNEncoder | 21.1 K
---------------------------------------
21.1 K    Trainable params
0         Non-trainable params
21.1 K    Total params
0.084     Total estimated model params size (MB)
`Trainer.fit` stopped: `max_epochs=150` reached.
[I 2023-09-25 13:47:55,124] Trial 16 finished with value: 0.9880597014925372 and parameters: {'metric_deformation': 0.47208590743084744}. Best is trial 14 with value: 0.9880597014925372.
GPU available: True (cuda), used: True
TPU available: False, using: 0 TPU cores
IPU available: False, using: 0 IPUs
HPU available: False, using: 0 HPUs
Global seed set to 6
LOCAL_RANK: 0 - CUDA_VISIBLE_DEVICES: [GPU-e724bb03-ffd4-0954-9f9a-10f721e8e98e]
Fitting DPNet. Lookback window length set to 1
Fitted DeepEDMD model. Lookback length set to 1
Finding best initial lr:   0%|          | 0/50 [00:00<?, ?it/s]Finding best initial lr:  28%|██▊       | 14/50 [00:00<00:00, 139.57it/s]Finding best initial lr:  56%|█████▌    | 28/50 [00:00<00:00, 134.13it/s]Finding best initial lr:  88%|████████▊ | 44/50 [00:00<00:00, 142.88it/s]`Trainer.fit` stopped: `max_steps=50` reached.
Finding best initial lr: 100%|██████████| 50/50 [00:00<00:00, 142.35it/s]
Learning rate set to 0.0008709635899560806
Restoring states from the checkpoint path at /work/pnovelli/dp_examples/ordered_MNIST/.lr_find_14f3fa99-0002-4464-8ae5-782e10b00a78.ckpt
Restored all states from the checkpoint at /work/pnovelli/dp_examples/ordered_MNIST/.lr_find_14f3fa99-0002-4464-8ae5-782e10b00a78.ckpt
LOCAL_RANK: 0 - CUDA_VISIBLE_DEVICES: [GPU-e724bb03-ffd4-0954-9f9a-10f721e8e98e]

  | Name    | Type       | Params
---------------------------------------
0 | encoder | CNNEncoder | 21.1 K
---------------------------------------
21.1 K    Trainable params
0         Non-trainable params
21.1 K    Total params
0.084     Total estimated model params size (MB)
`Trainer.fit` stopped: `max_epochs=150` reached.
[I 2023-09-25 13:48:06,270] Trial 17 finished with value: 0.9844112769485902 and parameters: {'metric_deformation': 0.8876708783753234}. Best is trial 14 with value: 0.9880597014925372.
GPU available: True (cuda), used: True
TPU available: False, using: 0 TPU cores
IPU available: False, using: 0 IPUs
HPU available: False, using: 0 HPUs
Global seed set to 6
LOCAL_RANK: 0 - CUDA_VISIBLE_DEVICES: [GPU-e724bb03-ffd4-0954-9f9a-10f721e8e98e]
Fitting DPNet. Lookback window length set to 1
Fitted DeepEDMD model. Lookback length set to 1
Finding best initial lr:   0%|          | 0/50 [00:00<?, ?it/s]Finding best initial lr:  30%|███       | 15/50 [00:00<00:00, 141.84it/s]Finding best initial lr:  60%|██████    | 30/50 [00:00<00:00, 139.57it/s]Finding best initial lr:  88%|████████▊ | 44/50 [00:00<00:00, 127.19it/s]`Trainer.fit` stopped: `max_steps=50` reached.
Finding best initial lr: 100%|██████████| 50/50 [00:00<00:00, 129.31it/s]
Learning rate set to 0.0008709635899560806
Restoring states from the checkpoint path at /work/pnovelli/dp_examples/ordered_MNIST/.lr_find_9d23b5fd-f498-4a96-aa5d-2a90f9e2c8f5.ckpt
Restored all states from the checkpoint at /work/pnovelli/dp_examples/ordered_MNIST/.lr_find_9d23b5fd-f498-4a96-aa5d-2a90f9e2c8f5.ckpt
LOCAL_RANK: 0 - CUDA_VISIBLE_DEVICES: [GPU-e724bb03-ffd4-0954-9f9a-10f721e8e98e]

  | Name    | Type       | Params
---------------------------------------
0 | encoder | CNNEncoder | 21.1 K
---------------------------------------
21.1 K    Trainable params
0         Non-trainable params
21.1 K    Total params
0.084     Total estimated model params size (MB)
`Trainer.fit` stopped: `max_epochs=150` reached.
