[I 2023-09-25 14:40:48,479] Trial 36 finished with value: 0.9774461028192369 and parameters: {'metric_deformation': 0.9828219406001429}. Best is trial 26 with value: 0.9840796019900496.
GPU available: True (cuda), used: True
TPU available: False, using: 0 TPU cores
IPU available: False, using: 0 IPUs
HPU available: False, using: 0 HPUs
Global seed set to 11
LOCAL_RANK: 0 - CUDA_VISIBLE_DEVICES: [GPU-e724bb03-ffd4-0954-9f9a-10f721e8e98e]
Fitting DPNet. Lookback window length set to 1
Fitted DeepEDMD model. Lookback length set to 1
Finding best initial lr:   0%|          | 0/50 [00:00<?, ?it/s]Finding best initial lr:  30%|███       | 15/50 [00:00<00:00, 140.60it/s]Finding best initial lr:  60%|██████    | 30/50 [00:00<00:00, 138.76it/s]Finding best initial lr:  88%|████████▊ | 44/50 [00:00<00:00, 128.82it/s]`Trainer.fit` stopped: `max_steps=50` reached.
Finding best initial lr: 100%|██████████| 50/50 [00:00<00:00, 129.67it/s]
Learning rate set to 0.0007585775750291836
Restoring states from the checkpoint path at /work/pnovelli/dp_examples/ordered_MNIST/.lr_find_14f59cc3-9eb9-4276-80bf-defb9071a634.ckpt
Restored all states from the checkpoint at /work/pnovelli/dp_examples/ordered_MNIST/.lr_find_14f59cc3-9eb9-4276-80bf-defb9071a634.ckpt
LOCAL_RANK: 0 - CUDA_VISIBLE_DEVICES: [GPU-e724bb03-ffd4-0954-9f9a-10f721e8e98e]

  | Name    | Type       | Params
---------------------------------------
0 | encoder | CNNEncoder | 21.1 K
---------------------------------------
21.1 K    Trainable params
0         Non-trainable params
21.1 K    Total params
0.084     Total estimated model params size (MB)
`Trainer.fit` stopped: `max_epochs=150` reached.
[I 2023-09-25 14:40:59,785] Trial 37 finished with value: 0.97379767827529 and parameters: {'metric_deformation': 0.44293735177291443}. Best is trial 26 with value: 0.9840796019900496.
GPU available: True (cuda), used: True
TPU available: False, using: 0 TPU cores
IPU available: False, using: 0 IPUs
HPU available: False, using: 0 HPUs
Global seed set to 11
LOCAL_RANK: 0 - CUDA_VISIBLE_DEVICES: [GPU-e724bb03-ffd4-0954-9f9a-10f721e8e98e]
Fitting DPNet. Lookback window length set to 1
Fitted DeepEDMD model. Lookback length set to 1
Finding best initial lr:   0%|          | 0/50 [00:00<?, ?it/s]Finding best initial lr:  30%|███       | 15/50 [00:00<00:00, 146.26it/s]Finding best initial lr:  62%|██████▏   | 31/50 [00:00<00:00, 152.85it/s]Finding best initial lr:  94%|█████████▍| 47/50 [00:00<00:00, 155.34it/s]`Trainer.fit` stopped: `max_steps=50` reached.
Finding best initial lr: 100%|██████████| 50/50 [00:00<00:00, 153.95it/s]
Learning rate set to 0.0008709635899560806
Restoring states from the checkpoint path at /work/pnovelli/dp_examples/ordered_MNIST/.lr_find_687c9b2e-3d4e-453a-a2c6-417615b45d94.ckpt
Restored all states from the checkpoint at /work/pnovelli/dp_examples/ordered_MNIST/.lr_find_687c9b2e-3d4e-453a-a2c6-417615b45d94.ckpt
LOCAL_RANK: 0 - CUDA_VISIBLE_DEVICES: [GPU-e724bb03-ffd4-0954-9f9a-10f721e8e98e]

  | Name    | Type       | Params
---------------------------------------
0 | encoder | CNNEncoder | 21.1 K
---------------------------------------
21.1 K    Trainable params
0         Non-trainable params
21.1 K    Total params
0.084     Total estimated model params size (MB)
`Trainer.fit` stopped: `max_epochs=150` reached.
[I 2023-09-25 14:41:10,768] Trial 38 finished with value: 0.9781094527363182 and parameters: {'metric_deformation': 0.7024896053061679}. Best is trial 26 with value: 0.9840796019900496.
GPU available: True (cuda), used: True
TPU available: False, using: 0 TPU cores
IPU available: False, using: 0 IPUs
HPU available: False, using: 0 HPUs
Global seed set to 11
LOCAL_RANK: 0 - CUDA_VISIBLE_DEVICES: [GPU-e724bb03-ffd4-0954-9f9a-10f721e8e98e]
Fitting DPNet. Lookback window length set to 1
Fitted DeepEDMD model. Lookback length set to 1
Finding best initial lr:   0%|          | 0/50 [00:00<?, ?it/s]Finding best initial lr:  30%|███       | 15/50 [00:00<00:00, 148.64it/s]Finding best initial lr:  62%|██████▏   | 31/50 [00:00<00:00, 154.17it/s]Finding best initial lr:  94%|█████████▍| 47/50 [00:00<00:00, 155.91it/s]`Trainer.fit` stopped: `max_steps=50` reached.
Finding best initial lr: 100%|██████████| 50/50 [00:00<00:00, 154.67it/s]
Learning rate set to 0.0006606934480075958
Restoring states from the checkpoint path at /work/pnovelli/dp_examples/ordered_MNIST/.lr_find_59023eff-b588-4839-bf54-00733fa522b8.ckpt
Restored all states from the checkpoint at /work/pnovelli/dp_examples/ordered_MNIST/.lr_find_59023eff-b588-4839-bf54-00733fa522b8.ckpt
LOCAL_RANK: 0 - CUDA_VISIBLE_DEVICES: [GPU-e724bb03-ffd4-0954-9f9a-10f721e8e98e]

  | Name    | Type       | Params
---------------------------------------
0 | encoder | CNNEncoder | 21.1 K
---------------------------------------
21.1 K    Trainable params
0         Non-trainable params
21.1 K    Total params
0.084     Total estimated model params size (MB)
`Trainer.fit` stopped: `max_epochs=150` reached.
[I 2023-09-25 14:41:22,319] Trial 39 finished with value: 0.9771144278606964 and parameters: {'metric_deformation': 0.21347015139786546}. Best is trial 26 with value: 0.9840796019900496.
GPU available: True (cuda), used: True
TPU available: False, using: 0 TPU cores
IPU available: False, using: 0 IPUs
HPU available: False, using: 0 HPUs
Global seed set to 11
LOCAL_RANK: 0 - CUDA_VISIBLE_DEVICES: [GPU-e724bb03-ffd4-0954-9f9a-10f721e8e98e]
Fitting DPNet. Lookback window length set to 1
Fitted DeepEDMD model. Lookback length set to 1
Finding best initial lr:   0%|          | 0/50 [00:00<?, ?it/s]Finding best initial lr:  26%|██▌       | 13/50 [00:00<00:00, 127.60it/s]Finding best initial lr:  54%|█████▍    | 27/50 [00:00<00:00, 132.67it/s]Finding best initial lr:  82%|████████▏ | 41/50 [00:00<00:00, 135.17it/s]`Trainer.fit` stopped: `max_steps=50` reached.
Finding best initial lr: 100%|██████████| 50/50 [00:00<00:00, 135.58it/s]
Learning rate set to 0.0007585775750291836
Restoring states from the checkpoint path at /work/pnovelli/dp_examples/ordered_MNIST/.lr_find_cfa94f37-5cda-4a6e-920a-318bfcdec89d.ckpt
Restored all states from the checkpoint at /work/pnovelli/dp_examples/ordered_MNIST/.lr_find_cfa94f37-5cda-4a6e-920a-318bfcdec89d.ckpt
LOCAL_RANK: 0 - CUDA_VISIBLE_DEVICES: [GPU-e724bb03-ffd4-0954-9f9a-10f721e8e98e]

  | Name    | Type       | Params
---------------------------------------
0 | encoder | CNNEncoder | 21.1 K
---------------------------------------
21.1 K    Trainable params
0         Non-trainable params
21.1 K    Total params
0.084     Total estimated model params size (MB)
`Trainer.fit` stopped: `max_epochs=150` reached.
[I 2023-09-25 14:41:34,019] Trial 40 finished with value: 0.9741293532338307 and parameters: {'metric_deformation': 0.5423957886592732}. Best is trial 26 with value: 0.9840796019900496.
GPU available: True (cuda), used: True
TPU available: False, using: 0 TPU cores
IPU available: False, using: 0 IPUs
HPU available: False, using: 0 HPUs
Global seed set to 11
LOCAL_RANK: 0 - CUDA_VISIBLE_DEVICES: [GPU-e724bb03-ffd4-0954-9f9a-10f721e8e98e]
Fitting DPNet. Lookback window length set to 1
Fitted DeepEDMD model. Lookback length set to 1
Finding best initial lr:   0%|          | 0/50 [00:00<?, ?it/s]Finding best initial lr:  30%|███       | 15/50 [00:00<00:00, 147.50it/s]Finding best initial lr:  62%|██████▏   | 31/50 [00:00<00:00, 153.59it/s]Finding best initial lr:  94%|█████████▍| 47/50 [00:00<00:00, 155.26it/s]`Trainer.fit` stopped: `max_steps=50` reached.
Finding best initial lr: 100%|██████████| 50/50 [00:00<00:00, 154.11it/s]
Learning rate set to 0.0008709635899560806
Restoring states from the checkpoint path at /work/pnovelli/dp_examples/ordered_MNIST/.lr_find_a63316ca-769a-400f-b77b-295ec624504f.ckpt
Restored all states from the checkpoint at /work/pnovelli/dp_examples/ordered_MNIST/.lr_find_a63316ca-769a-400f-b77b-295ec624504f.ckpt
LOCAL_RANK: 0 - CUDA_VISIBLE_DEVICES: [GPU-e724bb03-ffd4-0954-9f9a-10f721e8e98e]

  | Name    | Type       | Params
---------------------------------------
0 | encoder | CNNEncoder | 21.1 K
---------------------------------------
21.1 K    Trainable params
0         Non-trainable params
21.1 K    Total params
0.084     Total estimated model params size (MB)
`Trainer.fit` stopped: `max_epochs=150` reached.
[I 2023-09-25 14:41:44,939] Trial 41 finished with value: 0.981094527363184 and parameters: {'metric_deformation': 0.9829782532611672}. Best is trial 26 with value: 0.9840796019900496.
GPU available: True (cuda), used: True
TPU available: False, using: 0 TPU cores
IPU available: False, using: 0 IPUs
HPU available: False, using: 0 HPUs
Global seed set to 11
LOCAL_RANK: 0 - CUDA_VISIBLE_DEVICES: [GPU-e724bb03-ffd4-0954-9f9a-10f721e8e98e]
Fitting DPNet. Lookback window length set to 1
Fitted DeepEDMD model. Lookback length set to 1
Finding best initial lr:   0%|          | 0/50 [00:00<?, ?it/s]Finding best initial lr:  28%|██▊       | 14/50 [00:00<00:00, 132.10it/s]Finding best initial lr:  56%|█████▌    | 28/50 [00:00<00:00, 122.67it/s]Finding best initial lr:  84%|████████▍ | 42/50 [00:00<00:00, 129.17it/s]`Trainer.fit` stopped: `max_steps=50` reached.
Finding best initial lr: 100%|██████████| 50/50 [00:00<00:00, 131.25it/s]
Learning rate set to 0.0008709635899560806
Restoring states from the checkpoint path at /work/pnovelli/dp_examples/ordered_MNIST/.lr_find_16e13564-1963-48b2-94fc-86fd5a6adbc3.ckpt
Restored all states from the checkpoint at /work/pnovelli/dp_examples/ordered_MNIST/.lr_find_16e13564-1963-48b2-94fc-86fd5a6adbc3.ckpt
LOCAL_RANK: 0 - CUDA_VISIBLE_DEVICES: [GPU-e724bb03-ffd4-0954-9f9a-10f721e8e98e]

  | Name    | Type       | Params
---------------------------------------
0 | encoder | CNNEncoder | 21.1 K
---------------------------------------
21.1 K    Trainable params
0         Non-trainable params
21.1 K    Total params
0.084     Total estimated model params size (MB)
`Trainer.fit` stopped: `max_epochs=150` reached.
[I 2023-09-25 14:41:56,333] Trial 42 finished with value: 0.9771144278606964 and parameters: {'metric_deformation': 0.7812418723765675}. Best is trial 26 with value: 0.9840796019900496.
GPU available: True (cuda), used: True
TPU available: False, using: 0 TPU cores
IPU available: False, using: 0 IPUs
HPU available: False, using: 0 HPUs
Global seed set to 11
LOCAL_RANK: 0 - CUDA_VISIBLE_DEVICES: [GPU-e724bb03-ffd4-0954-9f9a-10f721e8e98e]
Fitting DPNet. Lookback window length set to 1
Fitted DeepEDMD model. Lookback length set to 1
Finding best initial lr:   0%|          | 0/50 [00:00<?, ?it/s]Finding best initial lr:  30%|███       | 15/50 [00:00<00:00, 146.55it/s]Finding best initial lr:  60%|██████    | 30/50 [00:00<00:00, 143.68it/s]Finding best initial lr:  90%|█████████ | 45/50 [00:00<00:00, 139.74it/s]`Trainer.fit` stopped: `max_steps=50` reached.
Finding best initial lr: 100%|██████████| 50/50 [00:00<00:00, 142.07it/s]
Learning rate set to 0.0008709635899560806
Restoring states from the checkpoint path at /work/pnovelli/dp_examples/ordered_MNIST/.lr_find_35adb74c-c560-4a06-97a8-a7f7aab2a2d6.ckpt
Restored all states from the checkpoint at /work/pnovelli/dp_examples/ordered_MNIST/.lr_find_35adb74c-c560-4a06-97a8-a7f7aab2a2d6.ckpt
LOCAL_RANK: 0 - CUDA_VISIBLE_DEVICES: [GPU-e724bb03-ffd4-0954-9f9a-10f721e8e98e]

  | Name    | Type       | Params
---------------------------------------
0 | encoder | CNNEncoder | 21.1 K
---------------------------------------
21.1 K    Trainable params
0         Non-trainable params
21.1 K    Total params
0.084     Total estimated model params size (MB)
`Trainer.fit` stopped: `max_epochs=150` reached.
[I 2023-09-25 14:42:07,832] Trial 43 finished with value: 0.9787728026533995 and parameters: {'metric_deformation': 0.9907325491067976}. Best is trial 26 with value: 0.9840796019900496.
GPU available: True (cuda), used: True
TPU available: False, using: 0 TPU cores
IPU available: False, using: 0 IPUs
HPU available: False, using: 0 HPUs
Global seed set to 11
LOCAL_RANK: 0 - CUDA_VISIBLE_DEVICES: [GPU-e724bb03-ffd4-0954-9f9a-10f721e8e98e]
Fitting DPNet. Lookback window length set to 1
Fitted DeepEDMD model. Lookback length set to 1
Finding best initial lr:   0%|          | 0/50 [00:00<?, ?it/s]Finding best initial lr:  32%|███▏      | 16/50 [00:00<00:00, 151.23it/s]Finding best initial lr:  64%|██████▍   | 32/50 [00:00<00:00, 155.73it/s]Finding best initial lr:  96%|█████████▌| 48/50 [00:00<00:00, 157.26it/s]`Trainer.fit` stopped: `max_steps=50` reached.
Finding best initial lr: 100%|██████████| 50/50 [00:00<00:00, 156.11it/s]
Learning rate set to 0.0008709635899560806
Restoring states from the checkpoint path at /work/pnovelli/dp_examples/ordered_MNIST/.lr_find_bb968a08-a740-454d-a419-3910c6e9f253.ckpt
Restored all states from the checkpoint at /work/pnovelli/dp_examples/ordered_MNIST/.lr_find_bb968a08-a740-454d-a419-3910c6e9f253.ckpt
LOCAL_RANK: 0 - CUDA_VISIBLE_DEVICES: [GPU-e724bb03-ffd4-0954-9f9a-10f721e8e98e]

  | Name    | Type       | Params
---------------------------------------
0 | encoder | CNNEncoder | 21.1 K
---------------------------------------
21.1 K    Trainable params
0         Non-trainable params
21.1 K    Total params
0.084     Total estimated model params size (MB)
`Trainer.fit` stopped: `max_epochs=150` reached.
[I 2023-09-25 14:42:18,989] Trial 44 finished with value: 0.9781094527363182 and parameters: {'metric_deformation': 0.6700439356423754}. Best is trial 26 with value: 0.9840796019900496.
GPU available: True (cuda), used: True
TPU available: False, using: 0 TPU cores
IPU available: False, using: 0 IPUs
HPU available: False, using: 0 HPUs
Global seed set to 11
LOCAL_RANK: 0 - CUDA_VISIBLE_DEVICES: [GPU-e724bb03-ffd4-0954-9f9a-10f721e8e98e]
Fitting DPNet. Lookback window length set to 1
Fitted DeepEDMD model. Lookback length set to 1
Finding best initial lr:   0%|          | 0/50 [00:00<?, ?it/s]Finding best initial lr:  30%|███       | 15/50 [00:00<00:00, 141.07it/s]Finding best initial lr:  60%|██████    | 30/50 [00:00<00:00, 130.99it/s]Finding best initial lr:  88%|████████▊ | 44/50 [00:00<00:00, 124.72it/s]`Trainer.fit` stopped: `max_steps=50` reached.
Finding best initial lr: 100%|██████████| 50/50 [00:00<00:00, 125.83it/s]
Learning rate set to 0.0008709635899560806
Restoring states from the checkpoint path at /work/pnovelli/dp_examples/ordered_MNIST/.lr_find_c48314db-778f-4486-a68e-153f3cf16c36.ckpt
Restored all states from the checkpoint at /work/pnovelli/dp_examples/ordered_MNIST/.lr_find_c48314db-778f-4486-a68e-153f3cf16c36.ckpt
LOCAL_RANK: 0 - CUDA_VISIBLE_DEVICES: [GPU-e724bb03-ffd4-0954-9f9a-10f721e8e98e]

  | Name    | Type       | Params
---------------------------------------
0 | encoder | CNNEncoder | 21.1 K
---------------------------------------
21.1 K    Trainable params
0         Non-trainable params
21.1 K    Total params
0.084     Total estimated model params size (MB)
`Trainer.fit` stopped: `max_epochs=150` reached.
[I 2023-09-25 14:42:31,353] Trial 45 finished with value: 0.9791044776119402 and parameters: {'metric_deformation': 0.8421166119172266}. Best is trial 26 with value: 0.9840796019900496.
GPU available: True (cuda), used: True
TPU available: False, using: 0 TPU cores
IPU available: False, using: 0 IPUs
HPU available: False, using: 0 HPUs
Global seed set to 11
LOCAL_RANK: 0 - CUDA_VISIBLE_DEVICES: [GPU-e724bb03-ffd4-0954-9f9a-10f721e8e98e]
Fitting DPNet. Lookback window length set to 1
Fitted DeepEDMD model. Lookback length set to 1
Finding best initial lr:   0%|          | 0/50 [00:00<?, ?it/s]Finding best initial lr:  30%|███       | 15/50 [00:00<00:00, 142.49it/s]Finding best initial lr:  60%|██████    | 30/50 [00:00<00:00, 144.08it/s]Finding best initial lr:  90%|█████████ | 45/50 [00:00<00:00, 131.07it/s]`Trainer.fit` stopped: `max_steps=50` reached.
Finding best initial lr: 100%|██████████| 50/50 [00:00<00:00, 132.78it/s]
Learning rate set to 0.0007585775750291836
Restoring states from the checkpoint path at /work/pnovelli/dp_examples/ordered_MNIST/.lr_find_c972b913-5ac3-4e36-91c8-e363312fef8c.ckpt
Restored all states from the checkpoint at /work/pnovelli/dp_examples/ordered_MNIST/.lr_find_c972b913-5ac3-4e36-91c8-e363312fef8c.ckpt
LOCAL_RANK: 0 - CUDA_VISIBLE_DEVICES: [GPU-e724bb03-ffd4-0954-9f9a-10f721e8e98e]

  | Name    | Type       | Params
---------------------------------------
0 | encoder | CNNEncoder | 21.1 K
---------------------------------------
21.1 K    Trainable params
0         Non-trainable params
21.1 K    Total params
0.084     Total estimated model params size (MB)
`Trainer.fit` stopped: `max_epochs=150` reached.
[I 2023-09-25 14:42:42,650] Trial 46 finished with value: 0.9741293532338307 and parameters: {'metric_deformation': 0.3910381570744847}. Best is trial 26 with value: 0.9840796019900496.
GPU available: True (cuda), used: True
TPU available: False, using: 0 TPU cores
IPU available: False, using: 0 IPUs
HPU available: False, using: 0 HPUs
Global seed set to 11
LOCAL_RANK: 0 - CUDA_VISIBLE_DEVICES: [GPU-e724bb03-ffd4-0954-9f9a-10f721e8e98e]
Fitting DPNet. Lookback window length set to 1
Fitted DeepEDMD model. Lookback length set to 1
Finding best initial lr:   0%|          | 0/50 [00:00<?, ?it/s]Finding best initial lr:  24%|██▍       | 12/50 [00:00<00:00, 113.33it/s]Finding best initial lr:  56%|█████▌    | 28/50 [00:00<00:00, 135.63it/s]Finding best initial lr:  88%|████████▊ | 44/50 [00:00<00:00, 143.31it/s]`Trainer.fit` stopped: `max_steps=50` reached.
Finding best initial lr: 100%|██████████| 50/50 [00:00<00:00, 140.29it/s]
Learning rate set to 0.0007585775750291836
Restoring states from the checkpoint path at /work/pnovelli/dp_examples/ordered_MNIST/.lr_find_c0b4f1d6-8f7e-42bc-9de8-45efed62154b.ckpt
Restored all states from the checkpoint at /work/pnovelli/dp_examples/ordered_MNIST/.lr_find_c0b4f1d6-8f7e-42bc-9de8-45efed62154b.ckpt
LOCAL_RANK: 0 - CUDA_VISIBLE_DEVICES: [GPU-e724bb03-ffd4-0954-9f9a-10f721e8e98e]

  | Name    | Type       | Params
---------------------------------------
0 | encoder | CNNEncoder | 21.1 K
---------------------------------------
21.1 K    Trainable params
0         Non-trainable params
21.1 K    Total params
0.084     Total estimated model params size (MB)
`Trainer.fit` stopped: `max_epochs=150` reached.
[I 2023-09-25 14:42:54,654] Trial 47 finished with value: 0.9754560530679932 and parameters: {'metric_deformation': 0.5204695278119592}. Best is trial 26 with value: 0.9840796019900496.
GPU available: True (cuda), used: True
TPU available: False, using: 0 TPU cores
IPU available: False, using: 0 IPUs
HPU available: False, using: 0 HPUs
Global seed set to 11
LOCAL_RANK: 0 - CUDA_VISIBLE_DEVICES: [GPU-e724bb03-ffd4-0954-9f9a-10f721e8e98e]
Fitting DPNet. Lookback window length set to 1
Fitted DeepEDMD model. Lookback length set to 1
Finding best initial lr:   0%|          | 0/50 [00:00<?, ?it/s]Finding best initial lr:  30%|███       | 15/50 [00:00<00:00, 146.31it/s]Finding best initial lr:  60%|██████    | 30/50 [00:00<00:00, 146.92it/s]Finding best initial lr:  90%|█████████ | 45/50 [00:00<00:00, 136.62it/s]`Trainer.fit` stopped: `max_steps=50` reached.
Finding best initial lr: 100%|██████████| 50/50 [00:00<00:00, 136.41it/s]
Learning rate set to 0.0008709635899560806
Restoring states from the checkpoint path at /work/pnovelli/dp_examples/ordered_MNIST/.lr_find_e80a2aea-6ebf-4494-bb82-6e0d7b59b02d.ckpt
Restored all states from the checkpoint at /work/pnovelli/dp_examples/ordered_MNIST/.lr_find_e80a2aea-6ebf-4494-bb82-6e0d7b59b02d.ckpt
LOCAL_RANK: 0 - CUDA_VISIBLE_DEVICES: [GPU-e724bb03-ffd4-0954-9f9a-10f721e8e98e]

  | Name    | Type       | Params
---------------------------------------
0 | encoder | CNNEncoder | 21.1 K
---------------------------------------
21.1 K    Trainable params
0         Non-trainable params
21.1 K    Total params
0.084     Total estimated model params size (MB)
`Trainer.fit` stopped: `max_epochs=150` reached.
[I 2023-09-25 14:43:06,243] Trial 48 finished with value: 0.9754560530679932 and parameters: {'metric_deformation': 0.7679630624250479}. Best is trial 26 with value: 0.9840796019900496.
GPU available: True (cuda), used: True
TPU available: False, using: 0 TPU cores
IPU available: False, using: 0 IPUs
HPU available: False, using: 0 HPUs
Global seed set to 11
LOCAL_RANK: 0 - CUDA_VISIBLE_DEVICES: [GPU-e724bb03-ffd4-0954-9f9a-10f721e8e98e]
Fitting DPNet. Lookback window length set to 1
Fitted DeepEDMD model. Lookback length set to 1
Finding best initial lr:   0%|          | 0/50 [00:00<?, ?it/s]Finding best initial lr:  30%|███       | 15/50 [00:00<00:00, 145.51it/s]Finding best initial lr:  60%|██████    | 30/50 [00:00<00:00, 140.70it/s]Finding best initial lr:  90%|█████████ | 45/50 [00:00<00:00, 142.23it/s]`Trainer.fit` stopped: `max_steps=50` reached.
Finding best initial lr: 100%|██████████| 50/50 [00:00<00:00, 143.09it/s]
Learning rate set to 0.0008709635899560806
Restoring states from the checkpoint path at /work/pnovelli/dp_examples/ordered_MNIST/.lr_find_74a0da05-466a-4a4c-acf8-4c2ac5dd88ca.ckpt
Restored all states from the checkpoint at /work/pnovelli/dp_examples/ordered_MNIST/.lr_find_74a0da05-466a-4a4c-acf8-4c2ac5dd88ca.ckpt
LOCAL_RANK: 0 - CUDA_VISIBLE_DEVICES: [GPU-e724bb03-ffd4-0954-9f9a-10f721e8e98e]

  | Name    | Type       | Params
---------------------------------------
0 | encoder | CNNEncoder | 21.1 K
---------------------------------------
21.1 K    Trainable params
0         Non-trainable params
21.1 K    Total params
0.084     Total estimated model params size (MB)
`Trainer.fit` stopped: `max_epochs=150` reached.
