[I 2023-09-25 16:23:35,211] Trial 11 finished with value: 0.8995024875621891 and parameters: {'metric_deformation': 0.27365379560450664}. Best is trial 5 with value: 0.9300165837479272.
GPU available: True (cuda), used: True
TPU available: False, using: 0 TPU cores
IPU available: False, using: 0 IPUs
HPU available: False, using: 0 HPUs
Global seed set to 2
LOCAL_RANK: 0 - CUDA_VISIBLE_DEVICES: [GPU-e724bb03-ffd4-0954-9f9a-10f721e8e98e]
Fitting DPNet. Lookback window length set to 1
Fitted DeepEDMD model. Lookback length set to 1
Finding best initial lr:   0%|          | 0/50 [00:00<?, ?it/s]Finding best initial lr:  24%|██▍       | 12/50 [00:00<00:00, 112.60it/s]Finding best initial lr:  54%|█████▍    | 27/50 [00:00<00:00, 129.95it/s]Finding best initial lr:  84%|████████▍ | 42/50 [00:00<00:00, 135.45it/s]`Trainer.fit` stopped: `max_steps=50` reached.
Finding best initial lr: 100%|██████████| 50/50 [00:00<00:00, 133.36it/s]
Learning rate set to 0.0008709635899560806
Restoring states from the checkpoint path at /work/pnovelli/dp_examples/ordered_MNIST/.lr_find_231032e2-51bd-4ae8-ba03-eb50f8e29837.ckpt
Restored all states from the checkpoint at /work/pnovelli/dp_examples/ordered_MNIST/.lr_find_231032e2-51bd-4ae8-ba03-eb50f8e29837.ckpt
LOCAL_RANK: 0 - CUDA_VISIBLE_DEVICES: [GPU-e724bb03-ffd4-0954-9f9a-10f721e8e98e]

  | Name    | Type       | Params
---------------------------------------
0 | encoder | CNNEncoder | 21.1 K
---------------------------------------
21.1 K    Trainable params
0         Non-trainable params
21.1 K    Total params
0.084     Total estimated model params size (MB)
`Trainer.fit` stopped: `max_epochs=150` reached.
[I 2023-09-25 16:23:46,196] Trial 12 finished with value: 0.9121061359867331 and parameters: {'metric_deformation': 0.24091031925651077}. Best is trial 5 with value: 0.9300165837479272.
GPU available: True (cuda), used: True
TPU available: False, using: 0 TPU cores
IPU available: False, using: 0 IPUs
HPU available: False, using: 0 HPUs
Global seed set to 2
LOCAL_RANK: 0 - CUDA_VISIBLE_DEVICES: [GPU-e724bb03-ffd4-0954-9f9a-10f721e8e98e]
Fitting DPNet. Lookback window length set to 1
Fitted DeepEDMD model. Lookback length set to 1
Finding best initial lr:   0%|          | 0/50 [00:00<?, ?it/s]Finding best initial lr:  32%|███▏      | 16/50 [00:00<00:00, 151.57it/s]Finding best initial lr:  64%|██████▍   | 32/50 [00:00<00:00, 143.64it/s]Finding best initial lr:  94%|█████████▍| 47/50 [00:00<00:00, 134.84it/s]`Trainer.fit` stopped: `max_steps=50` reached.
Finding best initial lr: 100%|██████████| 50/50 [00:00<00:00, 138.54it/s]
Learning rate set to 2.754228703338166e-05
Restoring states from the checkpoint path at /work/pnovelli/dp_examples/ordered_MNIST/.lr_find_eeb6f448-a76c-423d-8239-11532b1db02b.ckpt
Restored all states from the checkpoint at /work/pnovelli/dp_examples/ordered_MNIST/.lr_find_eeb6f448-a76c-423d-8239-11532b1db02b.ckpt
LOCAL_RANK: 0 - CUDA_VISIBLE_DEVICES: [GPU-e724bb03-ffd4-0954-9f9a-10f721e8e98e]

  | Name    | Type       | Params
---------------------------------------
0 | encoder | CNNEncoder | 21.1 K
---------------------------------------
21.1 K    Trainable params
0         Non-trainable params
21.1 K    Total params
0.084     Total estimated model params size (MB)
`Trainer.fit` stopped: `max_epochs=150` reached.
[I 2023-09-25 16:23:57,576] Trial 13 finished with value: 0.2746268656716418 and parameters: {'metric_deformation': 0.029084270739486866}. Best is trial 5 with value: 0.9300165837479272.
GPU available: True (cuda), used: True
TPU available: False, using: 0 TPU cores
IPU available: False, using: 0 IPUs
HPU available: False, using: 0 HPUs
Global seed set to 2
LOCAL_RANK: 0 - CUDA_VISIBLE_DEVICES: [GPU-e724bb03-ffd4-0954-9f9a-10f721e8e98e]
Fitting DPNet. Lookback window length set to 1
Fitted DeepEDMD model. Lookback length set to 1
Finding best initial lr:   0%|          | 0/50 [00:00<?, ?it/s]Finding best initial lr:  28%|██▊       | 14/50 [00:00<00:00, 133.94it/s]Finding best initial lr:  62%|██████▏   | 31/50 [00:00<00:00, 149.82it/s]Finding best initial lr:  96%|█████████▌| 48/50 [00:00<00:00, 156.02it/s]`Trainer.fit` stopped: `max_steps=50` reached.
Finding best initial lr: 100%|██████████| 50/50 [00:00<00:00, 152.83it/s]
Learning rate set to 2.754228703338166e-05
Restoring states from the checkpoint path at /work/pnovelli/dp_examples/ordered_MNIST/.lr_find_fba33306-5808-4e51-9657-a3ce1658802a.ckpt
Restored all states from the checkpoint at /work/pnovelli/dp_examples/ordered_MNIST/.lr_find_fba33306-5808-4e51-9657-a3ce1658802a.ckpt
LOCAL_RANK: 0 - CUDA_VISIBLE_DEVICES: [GPU-e724bb03-ffd4-0954-9f9a-10f721e8e98e]

  | Name    | Type       | Params
---------------------------------------
0 | encoder | CNNEncoder | 21.1 K
---------------------------------------
21.1 K    Trainable params
0         Non-trainable params
21.1 K    Total params
0.084     Total estimated model params size (MB)
`Trainer.fit` stopped: `max_epochs=150` reached.
[I 2023-09-25 16:24:08,588] Trial 14 finished with value: 0.24809286898839136 and parameters: {'metric_deformation': 0.011361754120799285}. Best is trial 5 with value: 0.9300165837479272.
GPU available: True (cuda), used: True
TPU available: False, using: 0 TPU cores
IPU available: False, using: 0 IPUs
HPU available: False, using: 0 HPUs
Global seed set to 2
LOCAL_RANK: 0 - CUDA_VISIBLE_DEVICES: [GPU-e724bb03-ffd4-0954-9f9a-10f721e8e98e]
Fitting DPNet. Lookback window length set to 1
Fitted DeepEDMD model. Lookback length set to 1
Finding best initial lr:   0%|          | 0/50 [00:00<?, ?it/s]Finding best initial lr:  32%|███▏      | 16/50 [00:00<00:00, 153.19it/s]Finding best initial lr:  66%|██████▌   | 33/50 [00:00<00:00, 158.69it/s]Finding best initial lr: 100%|██████████| 50/50 [00:00<00:00, 160.78it/s]`Trainer.fit` stopped: `max_steps=50` reached.
Finding best initial lr: 100%|██████████| 50/50 [00:00<00:00, 159.29it/s]
Learning rate set to 0.0008709635899560806
Restoring states from the checkpoint path at /work/pnovelli/dp_examples/ordered_MNIST/.lr_find_4d334fed-ac1d-4227-96ed-781a6d99c11b.ckpt
Restored all states from the checkpoint at /work/pnovelli/dp_examples/ordered_MNIST/.lr_find_4d334fed-ac1d-4227-96ed-781a6d99c11b.ckpt
LOCAL_RANK: 0 - CUDA_VISIBLE_DEVICES: [GPU-e724bb03-ffd4-0954-9f9a-10f721e8e98e]

  | Name    | Type       | Params
---------------------------------------
0 | encoder | CNNEncoder | 21.1 K
---------------------------------------
21.1 K    Trainable params
0         Non-trainable params
21.1 K    Total params
0.084     Total estimated model params size (MB)
`Trainer.fit` stopped: `max_epochs=150` reached.
[I 2023-09-25 16:24:19,654] Trial 15 finished with value: 0.9343283582089554 and parameters: {'metric_deformation': 0.1782702896166688}. Best is trial 15 with value: 0.9343283582089554.
GPU available: True (cuda), used: True
TPU available: False, using: 0 TPU cores
IPU available: False, using: 0 IPUs
HPU available: False, using: 0 HPUs
Global seed set to 2
LOCAL_RANK: 0 - CUDA_VISIBLE_DEVICES: [GPU-e724bb03-ffd4-0954-9f9a-10f721e8e98e]
Fitting DPNet. Lookback window length set to 1
Fitted DeepEDMD model. Lookback length set to 1
Finding best initial lr:   0%|          | 0/50 [00:00<?, ?it/s]Finding best initial lr:  32%|███▏      | 16/50 [00:00<00:00, 155.75it/s]Finding best initial lr:  64%|██████▍   | 32/50 [00:00<00:00, 152.04it/s]Finding best initial lr:  96%|█████████▌| 48/50 [00:00<00:00, 135.27it/s]`Trainer.fit` stopped: `max_steps=50` reached.
Finding best initial lr: 100%|██████████| 50/50 [00:00<00:00, 138.52it/s]
Learning rate set to 0.0008709635899560806
Restoring states from the checkpoint path at /work/pnovelli/dp_examples/ordered_MNIST/.lr_find_0dffb032-8d9a-4694-ae5c-d12f054583b4.ckpt
Restored all states from the checkpoint at /work/pnovelli/dp_examples/ordered_MNIST/.lr_find_0dffb032-8d9a-4694-ae5c-d12f054583b4.ckpt
LOCAL_RANK: 0 - CUDA_VISIBLE_DEVICES: [GPU-e724bb03-ffd4-0954-9f9a-10f721e8e98e]

  | Name    | Type       | Params
---------------------------------------
0 | encoder | CNNEncoder | 21.1 K
---------------------------------------
21.1 K    Trainable params
0         Non-trainable params
21.1 K    Total params
0.084     Total estimated model params size (MB)
`Trainer.fit` stopped: `max_epochs=150` reached.
[I 2023-09-25 16:24:32,602] Trial 16 finished with value: 0.877280265339967 and parameters: {'metric_deformation': 0.47697826193556325}. Best is trial 15 with value: 0.9343283582089554.
GPU available: True (cuda), used: True
TPU available: False, using: 0 TPU cores
IPU available: False, using: 0 IPUs
HPU available: False, using: 0 HPUs
Global seed set to 2
LOCAL_RANK: 0 - CUDA_VISIBLE_DEVICES: [GPU-e724bb03-ffd4-0954-9f9a-10f721e8e98e]
Fitting DPNet. Lookback window length set to 1
Fitted DeepEDMD model. Lookback length set to 1
Finding best initial lr:   0%|          | 0/50 [00:00<?, ?it/s]Finding best initial lr:  30%|███       | 15/50 [00:00<00:00, 142.50it/s]Finding best initial lr:  60%|██████    | 30/50 [00:00<00:00, 136.65it/s]Finding best initial lr:  88%|████████▊ | 44/50 [00:00<00:00, 130.12it/s]`Trainer.fit` stopped: `max_steps=50` reached.
Finding best initial lr: 100%|██████████| 50/50 [00:00<00:00, 134.12it/s]
Learning rate set to 0.0008709635899560806
Restoring states from the checkpoint path at /work/pnovelli/dp_examples/ordered_MNIST/.lr_find_c1bdd258-dd52-4aa6-87c6-05ccb9d0a0b2.ckpt
Restored all states from the checkpoint at /work/pnovelli/dp_examples/ordered_MNIST/.lr_find_c1bdd258-dd52-4aa6-87c6-05ccb9d0a0b2.ckpt
LOCAL_RANK: 0 - CUDA_VISIBLE_DEVICES: [GPU-e724bb03-ffd4-0954-9f9a-10f721e8e98e]

  | Name    | Type       | Params
---------------------------------------
0 | encoder | CNNEncoder | 21.1 K
---------------------------------------
21.1 K    Trainable params
0         Non-trainable params
21.1 K    Total params
0.084     Total estimated model params size (MB)
`Trainer.fit` stopped: `max_epochs=150` reached.
[I 2023-09-25 16:24:44,421] Trial 17 finished with value: 0.6208955223880596 and parameters: {'metric_deformation': 0.3795640151252559}. Best is trial 15 with value: 0.9343283582089554.
GPU available: True (cuda), used: True
TPU available: False, using: 0 TPU cores
IPU available: False, using: 0 IPUs
HPU available: False, using: 0 HPUs
Global seed set to 2
LOCAL_RANK: 0 - CUDA_VISIBLE_DEVICES: [GPU-e724bb03-ffd4-0954-9f9a-10f721e8e98e]
Fitting DPNet. Lookback window length set to 1
Fitted DeepEDMD model. Lookback length set to 1
Finding best initial lr:   0%|          | 0/50 [00:00<?, ?it/s]Finding best initial lr:  32%|███▏      | 16/50 [00:00<00:00, 155.86it/s]Finding best initial lr:  66%|██████▌   | 33/50 [00:00<00:00, 160.50it/s]Finding best initial lr: 100%|██████████| 50/50 [00:00<00:00, 161.74it/s]`Trainer.fit` stopped: `max_steps=50` reached.
Finding best initial lr: 100%|██████████| 50/50 [00:00<00:00, 160.55it/s]
Learning rate set to 0.0008709635899560806
Restoring states from the checkpoint path at /work/pnovelli/dp_examples/ordered_MNIST/.lr_find_f23edcc0-4406-4124-8c9e-2688242be4f0.ckpt
Restored all states from the checkpoint at /work/pnovelli/dp_examples/ordered_MNIST/.lr_find_f23edcc0-4406-4124-8c9e-2688242be4f0.ckpt
LOCAL_RANK: 0 - CUDA_VISIBLE_DEVICES: [GPU-e724bb03-ffd4-0954-9f9a-10f721e8e98e]

  | Name    | Type       | Params
---------------------------------------
0 | encoder | CNNEncoder | 21.1 K
---------------------------------------
21.1 K    Trainable params
0         Non-trainable params
21.1 K    Total params
0.084     Total estimated model params size (MB)
`Trainer.fit` stopped: `max_epochs=150` reached.
[I 2023-09-25 16:24:55,085] Trial 18 finished with value: 0.9303482587064679 and parameters: {'metric_deformation': 0.16902040994839734}. Best is trial 15 with value: 0.9343283582089554.
GPU available: True (cuda), used: True
TPU available: False, using: 0 TPU cores
IPU available: False, using: 0 IPUs
HPU available: False, using: 0 HPUs
Global seed set to 2
LOCAL_RANK: 0 - CUDA_VISIBLE_DEVICES: [GPU-e724bb03-ffd4-0954-9f9a-10f721e8e98e]
Fitting DPNet. Lookback window length set to 1
Fitted DeepEDMD model. Lookback length set to 1
Finding best initial lr:   0%|          | 0/50 [00:00<?, ?it/s]Finding best initial lr:  32%|███▏      | 16/50 [00:00<00:00, 152.05it/s]Finding best initial lr:  66%|██████▌   | 33/50 [00:00<00:00, 158.38it/s]Finding best initial lr: 100%|██████████| 50/50 [00:00<00:00, 160.35it/s]`Trainer.fit` stopped: `max_steps=50` reached.
Finding best initial lr: 100%|██████████| 50/50 [00:00<00:00, 158.79it/s]
Learning rate set to 0.0008709635899560806
Restoring states from the checkpoint path at /work/pnovelli/dp_examples/ordered_MNIST/.lr_find_fcef22c2-f19b-4e15-8f49-00dbb1b8d882.ckpt
Restored all states from the checkpoint at /work/pnovelli/dp_examples/ordered_MNIST/.lr_find_fcef22c2-f19b-4e15-8f49-00dbb1b8d882.ckpt
LOCAL_RANK: 0 - CUDA_VISIBLE_DEVICES: [GPU-e724bb03-ffd4-0954-9f9a-10f721e8e98e]

  | Name    | Type       | Params
---------------------------------------
0 | encoder | CNNEncoder | 21.1 K
---------------------------------------
21.1 K    Trainable params
0         Non-trainable params
21.1 K    Total params
0.084     Total estimated model params size (MB)
`Trainer.fit` stopped: `max_epochs=150` reached.
[I 2023-09-25 16:25:06,852] Trial 19 finished with value: 0.9067993366500829 and parameters: {'metric_deformation': 0.9723854130471897}. Best is trial 15 with value: 0.9343283582089554.
GPU available: True (cuda), used: True
TPU available: False, using: 0 TPU cores
IPU available: False, using: 0 IPUs
HPU available: False, using: 0 HPUs
Global seed set to 2
LOCAL_RANK: 0 - CUDA_VISIBLE_DEVICES: [GPU-e724bb03-ffd4-0954-9f9a-10f721e8e98e]
Fitting DPNet. Lookback window length set to 1
Fitted DeepEDMD model. Lookback length set to 1
Finding best initial lr:   0%|          | 0/50 [00:00<?, ?it/s]Finding best initial lr:  24%|██▍       | 12/50 [00:00<00:00, 118.43it/s]Finding best initial lr:  50%|█████     | 25/50 [00:00<00:00, 119.81it/s]Finding best initial lr:  76%|███████▌  | 38/50 [00:00<00:00, 121.81it/s]`Trainer.fit` stopped: `max_steps=50` reached.
Finding best initial lr: 100%|██████████| 50/50 [00:00<00:00, 128.00it/s]
Learning rate set to 7.244359600749901e-05
Restoring states from the checkpoint path at /work/pnovelli/dp_examples/ordered_MNIST/.lr_find_8e462cc7-3ef2-4729-a878-5ae55eee13c9.ckpt
Restored all states from the checkpoint at /work/pnovelli/dp_examples/ordered_MNIST/.lr_find_8e462cc7-3ef2-4729-a878-5ae55eee13c9.ckpt
LOCAL_RANK: 0 - CUDA_VISIBLE_DEVICES: [GPU-e724bb03-ffd4-0954-9f9a-10f721e8e98e]

  | Name    | Type       | Params
---------------------------------------
0 | encoder | CNNEncoder | 21.1 K
---------------------------------------
21.1 K    Trainable params
0         Non-trainable params
21.1 K    Total params
0.084     Total estimated model params size (MB)
`Trainer.fit` stopped: `max_epochs=150` reached.
[I 2023-09-25 16:25:18,102] Trial 20 finished with value: 0.32106135986733003 and parameters: {'metric_deformation': 0.1003674112206023}. Best is trial 15 with value: 0.9343283582089554.
GPU available: True (cuda), used: True
TPU available: False, using: 0 TPU cores
IPU available: False, using: 0 IPUs
HPU available: False, using: 0 HPUs
Global seed set to 2
LOCAL_RANK: 0 - CUDA_VISIBLE_DEVICES: [GPU-e724bb03-ffd4-0954-9f9a-10f721e8e98e]
Fitting DPNet. Lookback window length set to 1
Fitted DeepEDMD model. Lookback length set to 1
Finding best initial lr:   0%|          | 0/50 [00:00<?, ?it/s]Finding best initial lr:  32%|███▏      | 16/50 [00:00<00:00, 156.81it/s]Finding best initial lr:  66%|██████▌   | 33/50 [00:00<00:00, 159.30it/s]Finding best initial lr: 100%|██████████| 50/50 [00:00<00:00, 161.21it/s]`Trainer.fit` stopped: `max_steps=50` reached.
Finding best initial lr: 100%|██████████| 50/50 [00:00<00:00, 160.09it/s]
Learning rate set to 0.0008709635899560806
Restoring states from the checkpoint path at /work/pnovelli/dp_examples/ordered_MNIST/.lr_find_1e14740e-9802-4dc0-8d5d-ea10da46bb9e.ckpt
Restored all states from the checkpoint at /work/pnovelli/dp_examples/ordered_MNIST/.lr_find_1e14740e-9802-4dc0-8d5d-ea10da46bb9e.ckpt
LOCAL_RANK: 0 - CUDA_VISIBLE_DEVICES: [GPU-e724bb03-ffd4-0954-9f9a-10f721e8e98e]

  | Name    | Type       | Params
---------------------------------------
0 | encoder | CNNEncoder | 21.1 K
---------------------------------------
21.1 K    Trainable params
0         Non-trainable params
21.1 K    Total params
0.084     Total estimated model params size (MB)
`Trainer.fit` stopped: `max_epochs=150` reached.
[I 2023-09-25 16:25:29,684] Trial 21 finished with value: 0.9310116086235491 and parameters: {'metric_deformation': 0.18012118602657815}. Best is trial 15 with value: 0.9343283582089554.
GPU available: True (cuda), used: True
TPU available: False, using: 0 TPU cores
IPU available: False, using: 0 IPUs
HPU available: False, using: 0 HPUs
Global seed set to 2
LOCAL_RANK: 0 - CUDA_VISIBLE_DEVICES: [GPU-e724bb03-ffd4-0954-9f9a-10f721e8e98e]
Fitting DPNet. Lookback window length set to 1
Fitted DeepEDMD model. Lookback length set to 1
Finding best initial lr:   0%|          | 0/50 [00:00<?, ?it/s]Finding best initial lr:  30%|███       | 15/50 [00:00<00:00, 148.30it/s]Finding best initial lr:  62%|██████▏   | 31/50 [00:00<00:00, 150.85it/s]Finding best initial lr:  94%|█████████▍| 47/50 [00:00<00:00, 151.74it/s]`Trainer.fit` stopped: `max_steps=50` reached.
Finding best initial lr: 100%|██████████| 50/50 [00:00<00:00, 150.86it/s]
Learning rate set to 0.0008709635899560806
Restoring states from the checkpoint path at /work/pnovelli/dp_examples/ordered_MNIST/.lr_find_39494854-c96e-463c-95d5-6ddcd98593ba.ckpt
Restored all states from the checkpoint at /work/pnovelli/dp_examples/ordered_MNIST/.lr_find_39494854-c96e-463c-95d5-6ddcd98593ba.ckpt
LOCAL_RANK: 0 - CUDA_VISIBLE_DEVICES: [GPU-e724bb03-ffd4-0954-9f9a-10f721e8e98e]

  | Name    | Type       | Params
---------------------------------------
0 | encoder | CNNEncoder | 21.1 K
---------------------------------------
21.1 K    Trainable params
0         Non-trainable params
21.1 K    Total params
0.084     Total estimated model params size (MB)
`Trainer.fit` stopped: `max_epochs=150` reached.
[I 2023-09-25 16:25:40,803] Trial 22 finished with value: 0.9343283582089552 and parameters: {'metric_deformation': 0.16539474283341699}. Best is trial 15 with value: 0.9343283582089554.
GPU available: True (cuda), used: True
TPU available: False, using: 0 TPU cores
IPU available: False, using: 0 IPUs
HPU available: False, using: 0 HPUs
Global seed set to 2
LOCAL_RANK: 0 - CUDA_VISIBLE_DEVICES: [GPU-e724bb03-ffd4-0954-9f9a-10f721e8e98e]
Fitting DPNet. Lookback window length set to 1
Fitted DeepEDMD model. Lookback length set to 1
Finding best initial lr:   0%|          | 0/50 [00:00<?, ?it/s]Finding best initial lr:  32%|███▏      | 16/50 [00:00<00:00, 151.15it/s]Finding best initial lr:  64%|██████▍   | 32/50 [00:00<00:00, 149.64it/s]Finding best initial lr:  94%|█████████▍| 47/50 [00:00<00:00, 146.22it/s]`Trainer.fit` stopped: `max_steps=50` reached.
Finding best initial lr: 100%|██████████| 50/50 [00:00<00:00, 147.80it/s]
Learning rate set to 0.0008709635899560806
Restoring states from the checkpoint path at /work/pnovelli/dp_examples/ordered_MNIST/.lr_find_40ae4798-9431-43dd-8dd3-f9b6b1f8b15f.ckpt
Restored all states from the checkpoint at /work/pnovelli/dp_examples/ordered_MNIST/.lr_find_40ae4798-9431-43dd-8dd3-f9b6b1f8b15f.ckpt
LOCAL_RANK: 0 - CUDA_VISIBLE_DEVICES: [GPU-e724bb03-ffd4-0954-9f9a-10f721e8e98e]

  | Name    | Type       | Params
---------------------------------------
0 | encoder | CNNEncoder | 21.1 K
---------------------------------------
21.1 K    Trainable params
0         Non-trainable params
21.1 K    Total params
0.084     Total estimated model params size (MB)
`Trainer.fit` stopped: `max_epochs=150` reached.
[I 2023-09-25 16:25:51,974] Trial 23 finished with value: 0.8809286898839138 and parameters: {'metric_deformation': 0.28559175644819124}. Best is trial 15 with value: 0.9343283582089554.
GPU available: True (cuda), used: True
TPU available: False, using: 0 TPU cores
IPU available: False, using: 0 IPUs
HPU available: False, using: 0 HPUs
Global seed set to 2
LOCAL_RANK: 0 - CUDA_VISIBLE_DEVICES: [GPU-e724bb03-ffd4-0954-9f9a-10f721e8e98e]
Fitting DPNet. Lookback window length set to 1
Fitted DeepEDMD model. Lookback length set to 1
Finding best initial lr:   0%|          | 0/50 [00:00<?, ?it/s]Finding best initial lr:  32%|███▏      | 16/50 [00:00<00:00, 156.95it/s]Finding best initial lr:  66%|██████▌   | 33/50 [00:00<00:00, 160.08it/s]Finding best initial lr: 100%|██████████| 50/50 [00:00<00:00, 161.36it/s]`Trainer.fit` stopped: `max_steps=50` reached.
Finding best initial lr: 100%|██████████| 50/50 [00:00<00:00, 160.32it/s]
Learning rate set to 0.0008709635899560806
Restoring states from the checkpoint path at /work/pnovelli/dp_examples/ordered_MNIST/.lr_find_4aa86a0b-d4e6-494b-9137-6f7a80a82321.ckpt
Restored all states from the checkpoint at /work/pnovelli/dp_examples/ordered_MNIST/.lr_find_4aa86a0b-d4e6-494b-9137-6f7a80a82321.ckpt
LOCAL_RANK: 0 - CUDA_VISIBLE_DEVICES: [GPU-e724bb03-ffd4-0954-9f9a-10f721e8e98e]

  | Name    | Type       | Params
---------------------------------------
0 | encoder | CNNEncoder | 21.1 K
---------------------------------------
21.1 K    Trainable params
0         Non-trainable params
21.1 K    Total params
0.084     Total estimated model params size (MB)
`Trainer.fit` stopped: `max_epochs=150` reached.
