[I 2023-09-25 16:01:49,173] Trial 49 finished with value: 0.9761194029850745 and parameters: {'metric_deformation': 0.6080846344954727}. Best is trial 19 with value: 0.9873963515754559.
GPU available: True (cuda), used: True
TPU available: False, using: 0 TPU cores
IPU available: False, using: 0 IPUs
HPU available: False, using: 0 HPUs
Global seed set to 19
LOCAL_RANK: 0 - CUDA_VISIBLE_DEVICES: [GPU-e724bb03-ffd4-0954-9f9a-10f721e8e98e]
Fitting DPNet. Lookback window length set to 1
Fitted DeepEDMD model. Lookback length set to 1
Finding best initial lr:   0%|          | 0/50 [00:00<?, ?it/s]Finding best initial lr:  26%|██▌       | 13/50 [00:00<00:00, 127.77it/s]Finding best initial lr:  56%|█████▌    | 28/50 [00:00<00:00, 139.92it/s]Finding best initial lr:  88%|████████▊ | 44/50 [00:00<00:00, 141.73it/s]`Trainer.fit` stopped: `max_steps=50` reached.
Finding best initial lr: 100%|██████████| 50/50 [00:00<00:00, 138.85it/s]
Learning rate set to 0.0008709635899560806
Restoring states from the checkpoint path at /work/pnovelli/dp_examples/ordered_MNIST/.lr_find_b216e832-954c-440a-b6eb-16e6296e6e57.ckpt
Restored all states from the checkpoint at /work/pnovelli/dp_examples/ordered_MNIST/.lr_find_b216e832-954c-440a-b6eb-16e6296e6e57.ckpt
LOCAL_RANK: 0 - CUDA_VISIBLE_DEVICES: [GPU-e724bb03-ffd4-0954-9f9a-10f721e8e98e]

  | Name    | Type       | Params
---------------------------------------
0 | encoder | CNNEncoder | 21.1 K
---------------------------------------
21.1 K    Trainable params
0         Non-trainable params
21.1 K    Total params
0.084     Total estimated model params size (MB)
`Trainer.fit` stopped: `max_epochs=150` reached.
Fitting DPNet. Lookback window length set to 1
Fitted DeepEDMD model. Lookback length set to 1
[I 2023-09-25 16:02:16,174] A new study created in memory with name: no-name-b3c259b8-a1be-443b-8557-e4d249179fab
GPU available: True (cuda), used: True
TPU available: False, using: 0 TPU cores
IPU available: False, using: 0 IPUs
HPU available: False, using: 0 HPUs
Global seed set to 0
LOCAL_RANK: 0 - CUDA_VISIBLE_DEVICES: [GPU-e724bb03-ffd4-0954-9f9a-10f721e8e98e]
/projects/mlcompchem/mambaforge/envs/kooplearn/lib/python3.11/site-packages/lightning/pytorch/trainer/connectors/data_connector.py:442: PossibleUserWarning: The dataloader, train_dataloader, does not have many workers which may be a bottleneck. Consider increasing the value of the `num_workers` argument` (try 20 which is the number of cpus on this machine) in the `DataLoader` init to improve performance.
  rank_zero_warn(
Finding best initial lr:   0%|          | 0/50 [00:00<?, ?it/s]/projects/mlcompchem/mambaforge/envs/kooplearn/lib/python3.11/site-packages/lightning/pytorch/core/module.py:490: UserWarning: You called `self.log('train/relaxed_projection_score', ..., logger=True)` but have no logger configured. You can enable one by doing `Trainer(logger=ALogger(...))`
  rank_zero_warn(
/projects/mlcompchem/mambaforge/envs/kooplearn/lib/python3.11/site-packages/lightning/pytorch/core/module.py:490: UserWarning: You called `self.log('train/metric_deformation_loss', ..., logger=True)` but have no logger configured. You can enable one by doing `Trainer(logger=ALogger(...))`
  rank_zero_warn(
/projects/mlcompchem/mambaforge/envs/kooplearn/lib/python3.11/site-packages/lightning/pytorch/core/module.py:490: UserWarning: You called `self.log('train/total_loss', ..., logger=True)` but have no logger configured. You can enable one by doing `Trainer(logger=ALogger(...))`
  rank_zero_warn(
Finding best initial lr:   2%|▏         | 1/50 [00:01<01:14,  1.52s/it]Finding best initial lr:  32%|███▏      | 16/50 [00:01<00:02, 13.51it/s]Finding best initial lr:  66%|██████▌   | 33/50 [00:01<00:00, 30.47it/s]Finding best initial lr:  98%|█████████▊| 49/50 [00:01<00:00, 47.84it/s]`Trainer.fit` stopped: `max_steps=50` reached.
Finding best initial lr: 100%|██████████| 50/50 [00:01<00:00, 27.30it/s]
Learning rate set to 0.0005011872336272724
Restoring states from the checkpoint path at /work/pnovelli/dp_examples/ordered_MNIST/.lr_find_018c6dd0-1ce9-4dd6-a252-6e846029cd2f.ckpt
Restored all states from the checkpoint at /work/pnovelli/dp_examples/ordered_MNIST/.lr_find_018c6dd0-1ce9-4dd6-a252-6e846029cd2f.ckpt
LOCAL_RANK: 0 - CUDA_VISIBLE_DEVICES: [GPU-e724bb03-ffd4-0954-9f9a-10f721e8e98e]

  | Name    | Type       | Params
---------------------------------------
0 | encoder | CNNEncoder | 21.1 K
---------------------------------------
21.1 K    Trainable params
0         Non-trainable params
21.1 K    Total params
0.084     Total estimated model params size (MB)
`Trainer.fit` stopped: `max_epochs=150` reached.
[I 2023-09-25 16:02:29,386] Trial 0 finished with value: 0.8431177446102821 and parameters: {'metric_deformation': 0.12520653814999466}. Best is trial 0 with value: 0.8431177446102821.
GPU available: True (cuda), used: True
TPU available: False, using: 0 TPU cores
IPU available: False, using: 0 IPUs
HPU available: False, using: 0 HPUs
Global seed set to 0
LOCAL_RANK: 0 - CUDA_VISIBLE_DEVICES: [GPU-e724bb03-ffd4-0954-9f9a-10f721e8e98e]
Fitting DPNet. Lookback window length set to 1
Fitted DeepEDMD model. Lookback length set to 1
Finding best initial lr:   0%|          | 0/50 [00:00<?, ?it/s]Finding best initial lr:  32%|███▏      | 16/50 [00:00<00:00, 156.65it/s]Finding best initial lr:  64%|██████▍   | 32/50 [00:00<00:00, 157.53it/s]Finding best initial lr:  96%|█████████▌| 48/50 [00:00<00:00, 148.97it/s]`Trainer.fit` stopped: `max_steps=50` reached.
Finding best initial lr: 100%|██████████| 50/50 [00:00<00:00, 149.26it/s]
Learning rate set to 0.0007585775750291836
Restoring states from the checkpoint path at /work/pnovelli/dp_examples/ordered_MNIST/.lr_find_fcf694a3-2093-4f38-bd7c-fababa64e0d5.ckpt
Restored all states from the checkpoint at /work/pnovelli/dp_examples/ordered_MNIST/.lr_find_fcf694a3-2093-4f38-bd7c-fababa64e0d5.ckpt
LOCAL_RANK: 0 - CUDA_VISIBLE_DEVICES: [GPU-e724bb03-ffd4-0954-9f9a-10f721e8e98e]

  | Name    | Type       | Params
---------------------------------------
0 | encoder | CNNEncoder | 21.1 K
---------------------------------------
21.1 K    Trainable params
0         Non-trainable params
21.1 K    Total params
0.084     Total estimated model params size (MB)
`Trainer.fit` stopped: `max_epochs=150` reached.
[I 2023-09-25 16:02:40,448] Trial 1 finished with value: 0.9031509121061361 and parameters: {'metric_deformation': 0.269388301928541}. Best is trial 1 with value: 0.9031509121061361.
GPU available: True (cuda), used: True
TPU available: False, using: 0 TPU cores
IPU available: False, using: 0 IPUs
HPU available: False, using: 0 HPUs
Global seed set to 0
LOCAL_RANK: 0 - CUDA_VISIBLE_DEVICES: [GPU-e724bb03-ffd4-0954-9f9a-10f721e8e98e]
Fitting DPNet. Lookback window length set to 1
Fitted DeepEDMD model. Lookback length set to 1
Finding best initial lr:   0%|          | 0/50 [00:00<?, ?it/s]Finding best initial lr:  24%|██▍       | 12/50 [00:00<00:00, 119.26it/s]Finding best initial lr:  50%|█████     | 25/50 [00:00<00:00, 120.95it/s]Finding best initial lr:  76%|███████▌  | 38/50 [00:00<00:00, 121.42it/s]`Trainer.fit` stopped: `max_steps=50` reached.
Finding best initial lr: 100%|██████████| 50/50 [00:00<00:00, 124.95it/s]
Learning rate set to 0.0007585775750291836
Restoring states from the checkpoint path at /work/pnovelli/dp_examples/ordered_MNIST/.lr_find_35dc312f-c458-4c37-a7b9-46c211de1d62.ckpt
Restored all states from the checkpoint at /work/pnovelli/dp_examples/ordered_MNIST/.lr_find_35dc312f-c458-4c37-a7b9-46c211de1d62.ckpt
LOCAL_RANK: 0 - CUDA_VISIBLE_DEVICES: [GPU-e724bb03-ffd4-0954-9f9a-10f721e8e98e]

  | Name    | Type       | Params
---------------------------------------
0 | encoder | CNNEncoder | 21.1 K
---------------------------------------
21.1 K    Trainable params
0         Non-trainable params
21.1 K    Total params
0.084     Total estimated model params size (MB)
`Trainer.fit` stopped: `max_epochs=150` reached.
[I 2023-09-25 16:02:51,188] Trial 2 finished with value: 0.9038142620232172 and parameters: {'metric_deformation': 0.16051911333587626}. Best is trial 2 with value: 0.9038142620232172.
GPU available: True (cuda), used: True
TPU available: False, using: 0 TPU cores
IPU available: False, using: 0 IPUs
HPU available: False, using: 0 HPUs
Global seed set to 0
LOCAL_RANK: 0 - CUDA_VISIBLE_DEVICES: [GPU-e724bb03-ffd4-0954-9f9a-10f721e8e98e]
Fitting DPNet. Lookback window length set to 1
Fitted DeepEDMD model. Lookback length set to 1
Finding best initial lr:   0%|          | 0/50 [00:00<?, ?it/s]Finding best initial lr:  30%|███       | 15/50 [00:00<00:00, 149.55it/s]Finding best initial lr:  62%|██████▏   | 31/50 [00:00<00:00, 155.05it/s]Finding best initial lr:  94%|█████████▍| 47/50 [00:00<00:00, 146.17it/s]`Trainer.fit` stopped: `max_steps=50` reached.
Finding best initial lr: 100%|██████████| 50/50 [00:00<00:00, 147.47it/s]
Learning rate set to 0.0005011872336272724
Restoring states from the checkpoint path at /work/pnovelli/dp_examples/ordered_MNIST/.lr_find_7e66a5e4-7a82-4dc6-98c9-3e5ad2546508.ckpt
Restored all states from the checkpoint at /work/pnovelli/dp_examples/ordered_MNIST/.lr_find_7e66a5e4-7a82-4dc6-98c9-3e5ad2546508.ckpt
LOCAL_RANK: 0 - CUDA_VISIBLE_DEVICES: [GPU-e724bb03-ffd4-0954-9f9a-10f721e8e98e]

  | Name    | Type       | Params
---------------------------------------
0 | encoder | CNNEncoder | 21.1 K
---------------------------------------
21.1 K    Trainable params
0         Non-trainable params
21.1 K    Total params
0.084     Total estimated model params size (MB)
`Trainer.fit` stopped: `max_epochs=150` reached.
[I 2023-09-25 16:03:01,952] Trial 3 finished with value: 0.8182421227197346 and parameters: {'metric_deformation': 0.1229607110732571}. Best is trial 2 with value: 0.9038142620232172.
GPU available: True (cuda), used: True
TPU available: False, using: 0 TPU cores
IPU available: False, using: 0 IPUs
HPU available: False, using: 0 HPUs
Global seed set to 0
LOCAL_RANK: 0 - CUDA_VISIBLE_DEVICES: [GPU-e724bb03-ffd4-0954-9f9a-10f721e8e98e]
Fitting DPNet. Lookback window length set to 1
Fitted DeepEDMD model. Lookback length set to 1
Finding best initial lr:   0%|          | 0/50 [00:00<?, ?it/s]Finding best initial lr:  26%|██▌       | 13/50 [00:00<00:00, 127.02it/s]Finding best initial lr:  56%|█████▌    | 28/50 [00:00<00:00, 136.03it/s]Finding best initial lr:  86%|████████▌ | 43/50 [00:00<00:00, 140.95it/s]`Trainer.fit` stopped: `max_steps=50` reached.
Finding best initial lr: 100%|██████████| 50/50 [00:00<00:00, 140.17it/s]
Learning rate set to 4.57088189614875e-06
Restoring states from the checkpoint path at /work/pnovelli/dp_examples/ordered_MNIST/.lr_find_92aa9ed7-6004-483c-8234-0ffa991ff0cd.ckpt
Restored all states from the checkpoint at /work/pnovelli/dp_examples/ordered_MNIST/.lr_find_92aa9ed7-6004-483c-8234-0ffa991ff0cd.ckpt
LOCAL_RANK: 0 - CUDA_VISIBLE_DEVICES: [GPU-e724bb03-ffd4-0954-9f9a-10f721e8e98e]

  | Name    | Type       | Params
---------------------------------------
0 | encoder | CNNEncoder | 21.1 K
---------------------------------------
21.1 K    Trainable params
0         Non-trainable params
21.1 K    Total params
0.084     Total estimated model params size (MB)
`Trainer.fit` stopped: `max_epochs=150` reached.
The numerical rank of the result (4) is smaller than the desired rank (5).
 1 degrees of freedom will be ignored.
[I 2023-09-25 16:03:13,455] Trial 4 finished with value: 0.2557213930348259 and parameters: {'metric_deformation': 0.07035737028722146}. Best is trial 2 with value: 0.9038142620232172.
GPU available: True (cuda), used: True
TPU available: False, using: 0 TPU cores
IPU available: False, using: 0 IPUs
HPU available: False, using: 0 HPUs
Global seed set to 0
LOCAL_RANK: 0 - CUDA_VISIBLE_DEVICES: [GPU-e724bb03-ffd4-0954-9f9a-10f721e8e98e]
Fitting DPNet. Lookback window length set to 1
Fitted DeepEDMD model. Lookback length set to 1
Finding best initial lr:   0%|          | 0/50 [00:00<?, ?it/s]Finding best initial lr:  24%|██▍       | 12/50 [00:00<00:00, 118.03it/s]Finding best initial lr:  50%|█████     | 25/50 [00:00<00:00, 120.40it/s]Finding best initial lr:  76%|███████▌  | 38/50 [00:00<00:00, 124.56it/s]`Trainer.fit` stopped: `max_steps=50` reached.
Finding best initial lr: 100%|██████████| 50/50 [00:00<00:00, 128.41it/s]
Learning rate set to 0.0007585775750291836
Restoring states from the checkpoint path at /work/pnovelli/dp_examples/ordered_MNIST/.lr_find_2d2de744-6ec2-43fd-9edb-9b0bc24d17d0.ckpt
Restored all states from the checkpoint at /work/pnovelli/dp_examples/ordered_MNIST/.lr_find_2d2de744-6ec2-43fd-9edb-9b0bc24d17d0.ckpt
LOCAL_RANK: 0 - CUDA_VISIBLE_DEVICES: [GPU-e724bb03-ffd4-0954-9f9a-10f721e8e98e]

  | Name    | Type       | Params
---------------------------------------
0 | encoder | CNNEncoder | 21.1 K
---------------------------------------
21.1 K    Trainable params
0         Non-trainable params
21.1 K    Total params
0.084     Total estimated model params size (MB)
`Trainer.fit` stopped: `max_epochs=150` reached.
[I 2023-09-25 16:03:24,583] Trial 5 finished with value: 0.9011608623548921 and parameters: {'metric_deformation': 0.19578897201213002}. Best is trial 2 with value: 0.9038142620232172.
GPU available: True (cuda), used: True
TPU available: False, using: 0 TPU cores
IPU available: False, using: 0 IPUs
HPU available: False, using: 0 HPUs
Global seed set to 0
LOCAL_RANK: 0 - CUDA_VISIBLE_DEVICES: [GPU-e724bb03-ffd4-0954-9f9a-10f721e8e98e]
Fitting DPNet. Lookback window length set to 1
Fitted DeepEDMD model. Lookback length set to 1
Finding best initial lr:   0%|          | 0/50 [00:00<?, ?it/s]Finding best initial lr:  22%|██▏       | 11/50 [00:00<00:00, 107.59it/s]Finding best initial lr:  54%|█████▍    | 27/50 [00:00<00:00, 133.24it/s]Finding best initial lr:  86%|████████▌ | 43/50 [00:00<00:00, 141.80it/s]`Trainer.fit` stopped: `max_steps=50` reached.
Finding best initial lr: 100%|██████████| 50/50 [00:00<00:00, 138.16it/s]
Learning rate set to 4.57088189614875e-06
Restoring states from the checkpoint path at /work/pnovelli/dp_examples/ordered_MNIST/.lr_find_3bbde335-4396-4f9c-aa15-43a04ce242f0.ckpt
Restored all states from the checkpoint at /work/pnovelli/dp_examples/ordered_MNIST/.lr_find_3bbde335-4396-4f9c-aa15-43a04ce242f0.ckpt
LOCAL_RANK: 0 - CUDA_VISIBLE_DEVICES: [GPU-e724bb03-ffd4-0954-9f9a-10f721e8e98e]

  | Name    | Type       | Params
---------------------------------------
0 | encoder | CNNEncoder | 21.1 K
---------------------------------------
21.1 K    Trainable params
0         Non-trainable params
21.1 K    Total params
0.084     Total estimated model params size (MB)
`Trainer.fit` stopped: `max_epochs=150` reached.
The numerical rank of the result (4) is smaller than the desired rank (5).
 1 degrees of freedom will be ignored.
[I 2023-09-25 16:03:35,465] Trial 6 finished with value: 0.2563847429519071 and parameters: {'metric_deformation': 0.07501954443620121}. Best is trial 2 with value: 0.9038142620232172.
GPU available: True (cuda), used: True
TPU available: False, using: 0 TPU cores
IPU available: False, using: 0 IPUs
HPU available: False, using: 0 HPUs
Global seed set to 0
LOCAL_RANK: 0 - CUDA_VISIBLE_DEVICES: [GPU-e724bb03-ffd4-0954-9f9a-10f721e8e98e]
Fitting DPNet. Lookback window length set to 1
Fitted DeepEDMD model. Lookback length set to 1
Finding best initial lr:   0%|          | 0/50 [00:00<?, ?it/s]Finding best initial lr:  30%|███       | 15/50 [00:00<00:00, 143.85it/s]Finding best initial lr:  62%|██████▏   | 31/50 [00:00<00:00, 147.26it/s]Finding best initial lr:  94%|█████████▍| 47/50 [00:00<00:00, 150.04it/s]`Trainer.fit` stopped: `max_steps=50` reached.
Finding best initial lr: 100%|██████████| 50/50 [00:00<00:00, 148.79it/s]
Learning rate set to 0.0008709635899560806
Restoring states from the checkpoint path at /work/pnovelli/dp_examples/ordered_MNIST/.lr_find_ed64084f-9b33-4a11-ae9f-ce340c61fc57.ckpt
Restored all states from the checkpoint at /work/pnovelli/dp_examples/ordered_MNIST/.lr_find_ed64084f-9b33-4a11-ae9f-ce340c61fc57.ckpt
LOCAL_RANK: 0 - CUDA_VISIBLE_DEVICES: [GPU-e724bb03-ffd4-0954-9f9a-10f721e8e98e]

  | Name    | Type       | Params
---------------------------------------
0 | encoder | CNNEncoder | 21.1 K
---------------------------------------
21.1 K    Trainable params
0         Non-trainable params
21.1 K    Total params
0.084     Total estimated model params size (MB)
`Trainer.fit` stopped: `max_epochs=150` reached.
[I 2023-09-25 16:03:46,880] Trial 7 finished with value: 0.9094527363184082 and parameters: {'metric_deformation': 0.6074996073425692}. Best is trial 7 with value: 0.9094527363184082.
GPU available: True (cuda), used: True
TPU available: False, using: 0 TPU cores
IPU available: False, using: 0 IPUs
HPU available: False, using: 0 HPUs
Global seed set to 0
LOCAL_RANK: 0 - CUDA_VISIBLE_DEVICES: [GPU-e724bb03-ffd4-0954-9f9a-10f721e8e98e]
Fitting DPNet. Lookback window length set to 1
Fitted DeepEDMD model. Lookback length set to 1
Finding best initial lr:   0%|          | 0/50 [00:00<?, ?it/s]Finding best initial lr:  24%|██▍       | 12/50 [00:00<00:00, 112.52it/s]Finding best initial lr:  50%|█████     | 25/50 [00:00<00:00, 117.92it/s]Finding best initial lr:  82%|████████▏ | 41/50 [00:00<00:00, 134.86it/s]`Trainer.fit` stopped: `max_steps=50` reached.
Finding best initial lr: 100%|██████████| 50/50 [00:00<00:00, 133.45it/s]
Learning rate set to 0.0008709635899560806
Restoring states from the checkpoint path at /work/pnovelli/dp_examples/ordered_MNIST/.lr_find_a6457b12-9001-4958-97ff-85fcacfd874f.ckpt
Restored all states from the checkpoint at /work/pnovelli/dp_examples/ordered_MNIST/.lr_find_a6457b12-9001-4958-97ff-85fcacfd874f.ckpt
LOCAL_RANK: 0 - CUDA_VISIBLE_DEVICES: [GPU-e724bb03-ffd4-0954-9f9a-10f721e8e98e]

  | Name    | Type       | Params
---------------------------------------
0 | encoder | CNNEncoder | 21.1 K
---------------------------------------
21.1 K    Trainable params
0         Non-trainable params
21.1 K    Total params
0.084     Total estimated model params size (MB)
`Trainer.fit` stopped: `max_epochs=150` reached.
[I 2023-09-25 16:03:57,688] Trial 8 finished with value: 0.9077943615257048 and parameters: {'metric_deformation': 0.8459126528049372}. Best is trial 7 with value: 0.9094527363184082.
GPU available: True (cuda), used: True
TPU available: False, using: 0 TPU cores
IPU available: False, using: 0 IPUs
HPU available: False, using: 0 HPUs
Global seed set to 0
LOCAL_RANK: 0 - CUDA_VISIBLE_DEVICES: [GPU-e724bb03-ffd4-0954-9f9a-10f721e8e98e]
Fitting DPNet. Lookback window length set to 1
Fitted DeepEDMD model. Lookback length set to 1
Finding best initial lr:   0%|          | 0/50 [00:00<?, ?it/s]Finding best initial lr:  26%|██▌       | 13/50 [00:00<00:00, 126.85it/s]Finding best initial lr:  52%|█████▏    | 26/50 [00:00<00:00, 122.90it/s]Finding best initial lr:  78%|███████▊  | 39/50 [00:00<00:00, 122.03it/s]`Trainer.fit` stopped: `max_steps=50` reached.
Finding best initial lr: 100%|██████████| 50/50 [00:00<00:00, 123.55it/s]
Learning rate set to 4.57088189614875e-06
Restoring states from the checkpoint path at /work/pnovelli/dp_examples/ordered_MNIST/.lr_find_4cf8e67d-f825-4f61-91ca-3e5b2b59b5e5.ckpt
Restored all states from the checkpoint at /work/pnovelli/dp_examples/ordered_MNIST/.lr_find_4cf8e67d-f825-4f61-91ca-3e5b2b59b5e5.ckpt
LOCAL_RANK: 0 - CUDA_VISIBLE_DEVICES: [GPU-e724bb03-ffd4-0954-9f9a-10f721e8e98e]

  | Name    | Type       | Params
---------------------------------------
0 | encoder | CNNEncoder | 21.1 K
---------------------------------------
21.1 K    Trainable params
0         Non-trainable params
21.1 K    Total params
0.084     Total estimated model params size (MB)
`Trainer.fit` stopped: `max_epochs=150` reached.
The numerical rank of the result (4) is smaller than the desired rank (5).
 1 degrees of freedom will be ignored.
[I 2023-09-25 16:04:08,358] Trial 9 finished with value: 0.2537313432835821 and parameters: {'metric_deformation': 0.058463261216434144}. Best is trial 7 with value: 0.9094527363184082.
GPU available: True (cuda), used: True
TPU available: False, using: 0 TPU cores
IPU available: False, using: 0 IPUs
HPU available: False, using: 0 HPUs
Global seed set to 0
LOCAL_RANK: 0 - CUDA_VISIBLE_DEVICES: [GPU-e724bb03-ffd4-0954-9f9a-10f721e8e98e]
Fitting DPNet. Lookback window length set to 1
Fitted DeepEDMD model. Lookback length set to 1
Finding best initial lr:   0%|          | 0/50 [00:00<?, ?it/s]Finding best initial lr:  28%|██▊       | 14/50 [00:00<00:00, 139.41it/s]Finding best initial lr:  56%|█████▌    | 28/50 [00:00<00:00, 135.05it/s]Finding best initial lr:  84%|████████▍ | 42/50 [00:00<00:00, 125.91it/s]`Trainer.fit` stopped: `max_steps=50` reached.
Finding best initial lr: 100%|██████████| 50/50 [00:00<00:00, 125.78it/s]
Learning rate set to 4.57088189614875e-06
Restoring states from the checkpoint path at /work/pnovelli/dp_examples/ordered_MNIST/.lr_find_e657e105-d8d0-4cb8-a7cc-11ef731f224e.ckpt
Restored all states from the checkpoint at /work/pnovelli/dp_examples/ordered_MNIST/.lr_find_e657e105-d8d0-4cb8-a7cc-11ef731f224e.ckpt
LOCAL_RANK: 0 - CUDA_VISIBLE_DEVICES: [GPU-e724bb03-ffd4-0954-9f9a-10f721e8e98e]

  | Name    | Type       | Params
---------------------------------------
0 | encoder | CNNEncoder | 21.1 K
---------------------------------------
21.1 K    Trainable params
0         Non-trainable params
21.1 K    Total params
0.084     Total estimated model params size (MB)
`Trainer.fit` stopped: `max_epochs=150` reached.
The numerical rank of the result (4) is smaller than the desired rank (5).
 1 degrees of freedom will be ignored.
