Fitted DeepEDMD model. Lookback length set to 1
Fitted DMD model. Lookback length set to 1
[I 2023-09-25 12:34:21,826] A new study created in memory with name: no-name-4f2f3967-e6a0-42d1-9cc1-3716726ed22a
The least-squares solution (tikhonov_reg == 0) of the reduced rank problem in the kernel setting is computationally very inefficient. Consider adding a small regularization parameter.
[I 2023-09-25 12:34:25,412] Trial 0 finished with value: 0.2739635157545605 and parameters: {'ls': 58.01720805176102}. Best is trial 0 with value: 0.2739635157545605.
The least-squares solution (tikhonov_reg == 0) of the reduced rank problem in the kernel setting is computationally very inefficient. Consider adding a small regularization parameter.
[I 2023-09-25 12:34:28,126] Trial 1 finished with value: 0.27794361525704814 and parameters: {'ls': 75.28758265108458}. Best is trial 1 with value: 0.27794361525704814.
The least-squares solution (tikhonov_reg == 0) of the reduced rank problem in the kernel setting is computationally very inefficient. Consider adding a small regularization parameter.
[I 2023-09-25 12:34:31,517] Trial 2 finished with value: 0.27197346600331673 and parameters: {'ls': 63.61738639388972}. Best is trial 1 with value: 0.27794361525704814.
The least-squares solution (tikhonov_reg == 0) of the reduced rank problem in the kernel setting is computationally very inefficient. Consider adding a small regularization parameter.
[I 2023-09-25 12:34:35,442] Trial 3 finished with value: 0.27363184079601993 and parameters: {'ls': 57.60922750839072}. Best is trial 1 with value: 0.27794361525704814.
The least-squares solution (tikhonov_reg == 0) of the reduced rank problem in the kernel setting is computationally very inefficient. Consider adding a small regularization parameter.
[I 2023-09-25 12:34:38,337] Trial 4 finished with value: 0.27064676616915423 and parameters: {'ls': 45.02531318887839}. Best is trial 1 with value: 0.27794361525704814.
The least-squares solution (tikhonov_reg == 0) of the reduced rank problem in the kernel setting is computationally very inefficient. Consider adding a small regularization parameter.
[I 2023-09-25 12:34:41,973] Trial 5 finished with value: 0.2739635157545605 and parameters: {'ls': 68.09450208664582}. Best is trial 1 with value: 0.27794361525704814.
The least-squares solution (tikhonov_reg == 0) of the reduced rank problem in the kernel setting is computationally very inefficient. Consider adding a small regularization parameter.
[I 2023-09-25 12:34:44,873] Trial 6 finished with value: 0.27363184079601993 and parameters: {'ls': 46.47154444778654}. Best is trial 1 with value: 0.27794361525704814.
The least-squares solution (tikhonov_reg == 0) of the reduced rank problem in the kernel setting is computationally very inefficient. Consider adding a small regularization parameter.
[I 2023-09-25 12:34:47,798] Trial 7 finished with value: 0.28424543946932007 and parameters: {'ls': 93.61755834314899}. Best is trial 7 with value: 0.28424543946932007.
The least-squares solution (tikhonov_reg == 0) of the reduced rank problem in the kernel setting is computationally very inefficient. Consider adding a small regularization parameter.
[I 2023-09-25 12:34:51,600] Trial 8 finished with value: 0.2829187396351575 and parameters: {'ls': 101.0799574072641}. Best is trial 7 with value: 0.28424543946932007.
The least-squares solution (tikhonov_reg == 0) of the reduced rank problem in the kernel setting is computationally very inefficient. Consider adding a small regularization parameter.
[I 2023-09-25 12:34:55,055] Trial 9 finished with value: 0.2686567164179105 and parameters: {'ls': 40.85103930008896}. Best is trial 7 with value: 0.28424543946932007.
The least-squares solution (tikhonov_reg == 0) of the reduced rank problem in the kernel setting is computationally very inefficient. Consider adding a small regularization parameter.
[I 2023-09-25 12:34:59,215] Trial 10 finished with value: 0.2733001658374793 and parameters: {'ls': 14.023250356054234}. Best is trial 7 with value: 0.28424543946932007.
The least-squares solution (tikhonov_reg == 0) of the reduced rank problem in the kernel setting is computationally very inefficient. Consider adding a small regularization parameter.
[I 2023-09-25 12:35:02,490] Trial 11 finished with value: 0.28424543946932007 and parameters: {'ls': 103.38860878168484}. Best is trial 7 with value: 0.28424543946932007.
The least-squares solution (tikhonov_reg == 0) of the reduced rank problem in the kernel setting is computationally very inefficient. Consider adding a small regularization parameter.
[I 2023-09-25 12:35:05,528] Trial 12 finished with value: 0.28325041459369815 and parameters: {'ls': 99.9501097036237}. Best is trial 7 with value: 0.28424543946932007.
The least-squares solution (tikhonov_reg == 0) of the reduced rank problem in the kernel setting is computationally very inefficient. Consider adding a small regularization parameter.
[I 2023-09-25 12:35:08,884] Trial 13 finished with value: 0.27993366500829187 and parameters: {'ls': 86.67638570281926}. Best is trial 7 with value: 0.28424543946932007.
The least-squares solution (tikhonov_reg == 0) of the reduced rank problem in the kernel setting is computationally very inefficient. Consider adding a small regularization parameter.
[I 2023-09-25 12:35:12,506] Trial 14 finished with value: 0.27993366500829187 and parameters: {'ls': 87.54601927043602}. Best is trial 7 with value: 0.28424543946932007.
The least-squares solution (tikhonov_reg == 0) of the reduced rank problem in the kernel setting is computationally very inefficient. Consider adding a small regularization parameter.
[I 2023-09-25 12:35:16,361] Trial 15 finished with value: 0.28391376451077943 and parameters: {'ls': 104.08637898912093}. Best is trial 7 with value: 0.28424543946932007.
The least-squares solution (tikhonov_reg == 0) of the reduced rank problem in the kernel setting is computationally very inefficient. Consider adding a small regularization parameter.
[I 2023-09-25 12:35:20,395] Trial 16 finished with value: 0.2792703150912106 and parameters: {'ls': 86.21761418222772}. Best is trial 7 with value: 0.28424543946932007.
The least-squares solution (tikhonov_reg == 0) of the reduced rank problem in the kernel setting is computationally very inefficient. Consider adding a small regularization parameter.
[I 2023-09-25 12:35:23,802] Trial 17 finished with value: 0.2812603648424544 and parameters: {'ls': 94.27345045802942}. Best is trial 7 with value: 0.28424543946932007.
The least-squares solution (tikhonov_reg == 0) of the reduced rank problem in the kernel setting is computationally very inefficient. Consider adding a small regularization parameter.
[I 2023-09-25 12:35:27,383] Trial 18 finished with value: 0.27728026533996686 and parameters: {'ls': 76.57139809174323}. Best is trial 7 with value: 0.28424543946932007.
The least-squares solution (tikhonov_reg == 0) of the reduced rank problem in the kernel setting is computationally very inefficient. Consider adding a small regularization parameter.
[I 2023-09-25 12:35:30,934] Trial 19 finished with value: 0.2845771144278607 and parameters: {'ls': 104.22067951175752}. Best is trial 19 with value: 0.2845771144278607.
The least-squares solution (tikhonov_reg == 0) of the reduced rank problem in the kernel setting is computationally very inefficient. Consider adding a small regularization parameter.
[I 2023-09-25 12:35:33,616] Trial 20 finished with value: 0.28325041459369815 and parameters: {'ls': 93.84849058920389}. Best is trial 19 with value: 0.2845771144278607.
The least-squares solution (tikhonov_reg == 0) of the reduced rank problem in the kernel setting is computationally very inefficient. Consider adding a small regularization parameter.
[I 2023-09-25 12:35:36,855] Trial 21 finished with value: 0.28424543946932007 and parameters: {'ls': 104.33423476293365}. Best is trial 19 with value: 0.2845771144278607.
The least-squares solution (tikhonov_reg == 0) of the reduced rank problem in the kernel setting is computationally very inefficient. Consider adding a small regularization parameter.
[I 2023-09-25 12:35:39,670] Trial 22 finished with value: 0.28391376451077943 and parameters: {'ls': 93.493549860342}. Best is trial 19 with value: 0.2845771144278607.
The least-squares solution (tikhonov_reg == 0) of the reduced rank problem in the kernel setting is computationally very inefficient. Consider adding a small regularization parameter.
[I 2023-09-25 12:35:43,445] Trial 23 finished with value: 0.27993366500829187 and parameters: {'ls': 79.76348345141017}. Best is trial 19 with value: 0.2845771144278607.
The least-squares solution (tikhonov_reg == 0) of the reduced rank problem in the kernel setting is computationally very inefficient. Consider adding a small regularization parameter.
[I 2023-09-25 12:35:48,101] Trial 24 finished with value: 0.28258706467661693 and parameters: {'ls': 92.52702233094149}. Best is trial 19 with value: 0.2845771144278607.
The least-squares solution (tikhonov_reg == 0) of the reduced rank problem in the kernel setting is computationally very inefficient. Consider adding a small regularization parameter.
[I 2023-09-25 12:35:52,091] Trial 25 finished with value: 0.28391376451077943 and parameters: {'ls': 104.3396896003314}. Best is trial 19 with value: 0.2845771144278607.
The least-squares solution (tikhonov_reg == 0) of the reduced rank problem in the kernel setting is computationally very inefficient. Consider adding a small regularization parameter.
[I 2023-09-25 12:35:55,274] Trial 26 finished with value: 0.27794361525704814 and parameters: {'ls': 82.08348654011962}. Best is trial 19 with value: 0.2845771144278607.
The least-squares solution (tikhonov_reg == 0) of the reduced rank problem in the kernel setting is computationally very inefficient. Consider adding a small regularization parameter.
[I 2023-09-25 12:35:58,470] Trial 27 finished with value: 0.28524046434494194 and parameters: {'ls': 97.44062963654696}. Best is trial 27 with value: 0.28524046434494194.
The least-squares solution (tikhonov_reg == 0) of the reduced rank problem in the kernel setting is computationally very inefficient. Consider adding a small regularization parameter.
[I 2023-09-25 12:36:02,622] Trial 28 finished with value: 0.2796019900497512 and parameters: {'ls': 71.82966286194916}. Best is trial 27 with value: 0.28524046434494194.
The least-squares solution (tikhonov_reg == 0) of the reduced rank problem in the kernel setting is computationally very inefficient. Consider adding a small regularization parameter.
[I 2023-09-25 12:36:06,009] Trial 29 finished with value: 0.2782752902155888 and parameters: {'ls': 83.61576426840824}. Best is trial 27 with value: 0.28524046434494194.
The least-squares solution (tikhonov_reg == 0) of the reduced rank problem in the kernel setting is computationally very inefficient. Consider adding a small regularization parameter.
[I 2023-09-25 12:36:07,987] Trial 30 finished with value: 0.282587064676617 and parameters: {'ls': 95.93955955961735}. Best is trial 27 with value: 0.28524046434494194.
The least-squares solution (tikhonov_reg == 0) of the reduced rank problem in the kernel setting is computationally very inefficient. Consider adding a small regularization parameter.
[I 2023-09-25 12:36:10,524] Trial 31 finished with value: 0.2835820895522388 and parameters: {'ls': 98.48690434552235}. Best is trial 27 with value: 0.28524046434494194.
The least-squares solution (tikhonov_reg == 0) of the reduced rank problem in the kernel setting is computationally very inefficient. Consider adding a small regularization parameter.
[I 2023-09-25 12:36:13,922] Trial 32 finished with value: 0.2809286898839138 and parameters: {'ls': 89.57887372118326}. Best is trial 27 with value: 0.28524046434494194.
The least-squares solution (tikhonov_reg == 0) of the reduced rank problem in the kernel setting is computationally very inefficient. Consider adding a small regularization parameter.
[I 2023-09-25 12:36:17,688] Trial 33 finished with value: 0.2835820895522388 and parameters: {'ls': 96.2862861505532}. Best is trial 27 with value: 0.28524046434494194.
The least-squares solution (tikhonov_reg == 0) of the reduced rank problem in the kernel setting is computationally very inefficient. Consider adding a small regularization parameter.
[I 2023-09-25 12:36:21,757] Trial 34 finished with value: 0.2792703150912106 and parameters: {'ls': 78.15580631949888}. Best is trial 27 with value: 0.28524046434494194.
The least-squares solution (tikhonov_reg == 0) of the reduced rank problem in the kernel setting is computationally very inefficient. Consider adding a small regularization parameter.
[I 2023-09-25 12:36:25,365] Trial 35 finished with value: 0.2845771144278607 and parameters: {'ls': 103.76131836750416}. Best is trial 27 with value: 0.28524046434494194.
The least-squares solution (tikhonov_reg == 0) of the reduced rank problem in the kernel setting is computationally very inefficient. Consider adding a small regularization parameter.
[I 2023-09-25 12:36:29,415] Trial 36 finished with value: 0.2809286898839138 and parameters: {'ls': 89.26259267209042}. Best is trial 27 with value: 0.28524046434494194.
The least-squares solution (tikhonov_reg == 0) of the reduced rank problem in the kernel setting is computationally very inefficient. Consider adding a small regularization parameter.
[I 2023-09-25 12:36:33,224] Trial 37 finished with value: 0.28490878938640135 and parameters: {'ls': 97.98645101930089}. Best is trial 27 with value: 0.28524046434494194.
The least-squares solution (tikhonov_reg == 0) of the reduced rank problem in the kernel setting is computationally very inefficient. Consider adding a small regularization parameter.
[I 2023-09-25 12:36:37,291] Trial 38 finished with value: 0.28325041459369815 and parameters: {'ls': 98.81107723340901}. Best is trial 27 with value: 0.28524046434494194.
The least-squares solution (tikhonov_reg == 0) of the reduced rank problem in the kernel setting is computationally very inefficient. Consider adding a small regularization parameter.
[I 2023-09-25 12:36:40,903] Trial 39 finished with value: 0.2782752902155888 and parameters: {'ls': 72.43059238009039}. Best is trial 27 with value: 0.28524046434494194.
The least-squares solution (tikhonov_reg == 0) of the reduced rank problem in the kernel setting is computationally very inefficient. Consider adding a small regularization parameter.
[I 2023-09-25 12:36:45,089] Trial 40 finished with value: 0.2782752902155888 and parameters: {'ls': 83.48157368353901}. Best is trial 27 with value: 0.28524046434494194.
The least-squares solution (tikhonov_reg == 0) of the reduced rank problem in the kernel setting is computationally very inefficient. Consider adding a small regularization parameter.
[I 2023-09-25 12:36:48,968] Trial 41 finished with value: 0.28159203980099506 and parameters: {'ls': 98.6948307440827}. Best is trial 27 with value: 0.28524046434494194.
The least-squares solution (tikhonov_reg == 0) of the reduced rank problem in the kernel setting is computationally very inefficient. Consider adding a small regularization parameter.
[I 2023-09-25 12:36:52,586] Trial 42 finished with value: 0.2829187396351575 and parameters: {'ls': 90.63552112793334}. Best is trial 27 with value: 0.28524046434494194.
The least-squares solution (tikhonov_reg == 0) of the reduced rank problem in the kernel setting is computationally very inefficient. Consider adding a small regularization parameter.
[I 2023-09-25 12:36:56,334] Trial 43 finished with value: 0.28258706467661693 and parameters: {'ls': 104.64206955771787}. Best is trial 27 with value: 0.28524046434494194.
The least-squares solution (tikhonov_reg == 0) of the reduced rank problem in the kernel setting is computationally very inefficient. Consider adding a small regularization parameter.
[I 2023-09-25 12:37:00,066] Trial 44 finished with value: 0.2845771144278607 and parameters: {'ls': 97.18556792716853}. Best is trial 27 with value: 0.28524046434494194.
The least-squares solution (tikhonov_reg == 0) of the reduced rank problem in the kernel setting is computationally very inefficient. Consider adding a small regularization parameter.
[I 2023-09-25 12:37:04,175] Trial 45 finished with value: 0.2835820895522388 and parameters: {'ls': 100.723670463059}. Best is trial 27 with value: 0.28524046434494194.
The least-squares solution (tikhonov_reg == 0) of the reduced rank problem in the kernel setting is computationally very inefficient. Consider adding a small regularization parameter.
[I 2023-09-25 12:37:07,995] Trial 46 finished with value: 0.2812603648424544 and parameters: {'ls': 97.88142353093428}. Best is trial 27 with value: 0.28524046434494194.
The least-squares solution (tikhonov_reg == 0) of the reduced rank problem in the kernel setting is computationally very inefficient. Consider adding a small regularization parameter.
[I 2023-09-25 12:37:11,627] Trial 47 finished with value: 0.2796019900497512 and parameters: {'ls': 87.0805231241518}. Best is trial 27 with value: 0.28524046434494194.
The least-squares solution (tikhonov_reg == 0) of the reduced rank problem in the kernel setting is computationally very inefficient. Consider adding a small regularization parameter.
[I 2023-09-25 12:37:15,524] Trial 48 finished with value: 0.27495854063018244 and parameters: {'ls': 64.4915476931987}. Best is trial 27 with value: 0.28524046434494194.
The least-squares solution (tikhonov_reg == 0) of the reduced rank problem in the kernel setting is computationally very inefficient. Consider adding a small regularization parameter.
[I 2023-09-25 12:37:19,211] Trial 49 finished with value: 0.28225538971807634 and parameters: {'ls': 92.17351398422502}. Best is trial 27 with value: 0.28524046434494194.
The least-squares solution (tikhonov_reg == 0) of the reduced rank problem in the kernel setting is computationally very inefficient. Consider adding a small regularization parameter.
Fitted KernelDMD model. Lookback length set to 1
Fitted KernelDMD model. Lookback length set to 1
Fitted KernelDMD model. Lookback length set to 1
Fitted KernelDMD model. Lookback length set to 1
Fitted KernelDMD model. Lookback length set to 1
Fitted KernelDMD model. Lookback length set to 1
Fitted KernelDMD model. Lookback length set to 1
Fitted KernelDMD model. Lookback length set to 1
Fitted KernelDMD model. Lookback length set to 1
Fitted KernelDMD model. Lookback length set to 1
Fitted KernelDMD model. Lookback length set to 1
Fitted KernelDMD model. Lookback length set to 1
Fitted KernelDMD model. Lookback length set to 1
Fitted KernelDMD model. Lookback length set to 1
Fitted KernelDMD model. Lookback length set to 1
Fitted KernelDMD model. Lookback length set to 1
Fitted KernelDMD model. Lookback length set to 1
Fitted KernelDMD model. Lookback length set to 1
Fitted KernelDMD model. Lookback length set to 1
Fitted KernelDMD model. Lookback length set to 1
Fitted KernelDMD model. Lookback length set to 1
Fitted KernelDMD model. Lookback length set to 1
Fitted KernelDMD model. Lookback length set to 1
Fitted KernelDMD model. Lookback length set to 1
Fitted KernelDMD model. Lookback length set to 1
Fitted KernelDMD model. Lookback length set to 1
Fitted KernelDMD model. Lookback length set to 1
Fitted KernelDMD model. Lookback length set to 1
Fitted KernelDMD model. Lookback length set to 1
Fitted KernelDMD model. Lookback length set to 1
Fitted KernelDMD model. Lookback length set to 1
Fitted KernelDMD model. Lookback length set to 1
Fitted KernelDMD model. Lookback length set to 1
Fitted KernelDMD model. Lookback length set to 1
Fitted KernelDMD model. Lookback length set to 1
Fitted KernelDMD model. Lookback length set to 1
Fitted KernelDMD model. Lookback length set to 1
Fitted KernelDMD model. Lookback length set to 1
Fitted KernelDMD model. Lookback length set to 1
Fitted KernelDMD model. Lookback length set to 1
Fitted KernelDMD model. Lookback length set to 1
Fitted KernelDMD model. Lookback length set to 1
Fitted KernelDMD model. Lookback length set to 1
Fitted KernelDMD model. Lookback length set to 1
Fitted KernelDMD model. Lookback length set to 1
Fitted KernelDMD model. Lookback length set to 1
Fitted KernelDMD model. Lookback length set to 1
Fitted KernelDMD model. Lookback length set to 1
Fitted KernelDMD model. Lookback length set to 1
Fitted KernelDMD model. Lookback length set to 1
Fitted KernelDMD model. Lookback length set to 1
The least-squares solution (tikhonov_reg == 0) of the reduced rank problem in the kernel setting is computationally very inefficient. Consider adding a small regularization parameter.
The numerical rank of the result (755) is smaller than the desired rank (799).
 44 degrees of freedom will be ignored.
Fitted KernelDMD model. Lookback length set to 1
[I 2023-09-25 12:38:02,400] A new study created in memory with name: no-name-f9de60f9-20f9-43be-b5a4-4b7dd5e7de23
The least-squares solution (tikhonov_reg == 0) of the reduced rank problem in the kernel setting is computationally very inefficient. Consider adding a small regularization parameter.
[I 2023-09-25 12:38:06,367] Trial 0 finished with value: 0.291542288557214 and parameters: {'ls': 58.01720805176102}. Best is trial 0 with value: 0.291542288557214.
The least-squares solution (tikhonov_reg == 0) of the reduced rank problem in the kernel setting is computationally very inefficient. Consider adding a small regularization parameter.
[I 2023-09-25 12:38:10,156] Trial 1 finished with value: 0.2925373134328358 and parameters: {'ls': 75.28758265108458}. Best is trial 1 with value: 0.2925373134328358.
The least-squares solution (tikhonov_reg == 0) of the reduced rank problem in the kernel setting is computationally very inefficient. Consider adding a small regularization parameter.
