[I 2023-09-25 13:36:00,197] Trial 5 finished with value: 0.9850746268656715 and parameters: {'metric_deformation': 0.19578897201213002}. Best is trial 5 with value: 0.9850746268656715.
GPU available: True (cuda), used: True
TPU available: False, using: 0 TPU cores
IPU available: False, using: 0 IPUs
HPU available: False, using: 0 HPUs
Global seed set to 5
LOCAL_RANK: 0 - CUDA_VISIBLE_DEVICES: [GPU-e724bb03-ffd4-0954-9f9a-10f721e8e98e]
Fitting DPNet. Lookback window length set to 1
Fitted DeepEDMD model. Lookback length set to 1
Finding best initial lr:   0%|          | 0/50 [00:00<?, ?it/s]Finding best initial lr:  28%|██▊       | 14/50 [00:00<00:00, 139.54it/s]Finding best initial lr:  60%|██████    | 30/50 [00:00<00:00, 149.34it/s]Finding best initial lr:  92%|█████████▏| 46/50 [00:00<00:00, 153.27it/s]`Trainer.fit` stopped: `max_steps=50` reached.
Finding best initial lr: 100%|██████████| 50/50 [00:00<00:00, 151.53it/s]
Learning rate set to 0.000331131121482591
Restoring states from the checkpoint path at /work/pnovelli/dp_examples/ordered_MNIST/.lr_find_7ea3e309-7e60-43c5-bb59-e7cd199191d9.ckpt
Restored all states from the checkpoint at /work/pnovelli/dp_examples/ordered_MNIST/.lr_find_7ea3e309-7e60-43c5-bb59-e7cd199191d9.ckpt
LOCAL_RANK: 0 - CUDA_VISIBLE_DEVICES: [GPU-e724bb03-ffd4-0954-9f9a-10f721e8e98e]

  | Name    | Type       | Params
---------------------------------------
0 | encoder | CNNEncoder | 21.1 K
---------------------------------------
21.1 K    Trainable params
0         Non-trainable params
21.1 K    Total params
0.084     Total estimated model params size (MB)
`Trainer.fit` stopped: `max_epochs=150` reached.
[I 2023-09-25 13:36:11,265] Trial 6 finished with value: 0.9771144278606964 and parameters: {'metric_deformation': 0.07501954443620121}. Best is trial 5 with value: 0.9850746268656715.
GPU available: True (cuda), used: True
TPU available: False, using: 0 TPU cores
IPU available: False, using: 0 IPUs
HPU available: False, using: 0 HPUs
Global seed set to 5
LOCAL_RANK: 0 - CUDA_VISIBLE_DEVICES: [GPU-e724bb03-ffd4-0954-9f9a-10f721e8e98e]
Fitting DPNet. Lookback window length set to 1
Fitted DeepEDMD model. Lookback length set to 1
Finding best initial lr:   0%|          | 0/50 [00:00<?, ?it/s]Finding best initial lr:  24%|██▍       | 12/50 [00:00<00:00, 113.56it/s]Finding best initial lr:  56%|█████▌    | 28/50 [00:00<00:00, 135.92it/s]Finding best initial lr:  84%|████████▍ | 42/50 [00:00<00:00, 134.07it/s]`Trainer.fit` stopped: `max_steps=50` reached.
Finding best initial lr: 100%|██████████| 50/50 [00:00<00:00, 129.40it/s]
Learning rate set to 0.0008709635899560806
Restoring states from the checkpoint path at /work/pnovelli/dp_examples/ordered_MNIST/.lr_find_8b8307cb-ed48-4695-b03b-6d28a87319f4.ckpt
Restored all states from the checkpoint at /work/pnovelli/dp_examples/ordered_MNIST/.lr_find_8b8307cb-ed48-4695-b03b-6d28a87319f4.ckpt
LOCAL_RANK: 0 - CUDA_VISIBLE_DEVICES: [GPU-e724bb03-ffd4-0954-9f9a-10f721e8e98e]

  | Name    | Type       | Params
---------------------------------------
0 | encoder | CNNEncoder | 21.1 K
---------------------------------------
21.1 K    Trainable params
0         Non-trainable params
21.1 K    Total params
0.084     Total estimated model params size (MB)
`Trainer.fit` stopped: `max_epochs=150` reached.
[I 2023-09-25 13:36:22,781] Trial 7 finished with value: 0.9800995024875621 and parameters: {'metric_deformation': 0.6074996073425692}. Best is trial 5 with value: 0.9850746268656715.
GPU available: True (cuda), used: True
TPU available: False, using: 0 TPU cores
IPU available: False, using: 0 IPUs
HPU available: False, using: 0 HPUs
Global seed set to 5
LOCAL_RANK: 0 - CUDA_VISIBLE_DEVICES: [GPU-e724bb03-ffd4-0954-9f9a-10f721e8e98e]
Fitting DPNet. Lookback window length set to 1
Fitted DeepEDMD model. Lookback length set to 1
Finding best initial lr:   0%|          | 0/50 [00:00<?, ?it/s]Finding best initial lr:  30%|███       | 15/50 [00:00<00:00, 144.46it/s]Finding best initial lr:  60%|██████    | 30/50 [00:00<00:00, 142.87it/s]Finding best initial lr:  90%|█████████ | 45/50 [00:00<00:00, 138.45it/s]`Trainer.fit` stopped: `max_steps=50` reached.
Finding best initial lr: 100%|██████████| 50/50 [00:00<00:00, 140.60it/s]
Learning rate set to 0.0008709635899560806
Restoring states from the checkpoint path at /work/pnovelli/dp_examples/ordered_MNIST/.lr_find_74bef67e-605c-4278-b0b3-5152325a14d5.ckpt
Restored all states from the checkpoint at /work/pnovelli/dp_examples/ordered_MNIST/.lr_find_74bef67e-605c-4278-b0b3-5152325a14d5.ckpt
LOCAL_RANK: 0 - CUDA_VISIBLE_DEVICES: [GPU-e724bb03-ffd4-0954-9f9a-10f721e8e98e]

  | Name    | Type       | Params
---------------------------------------
0 | encoder | CNNEncoder | 21.1 K
---------------------------------------
21.1 K    Trainable params
0         Non-trainable params
21.1 K    Total params
0.084     Total estimated model params size (MB)
`Trainer.fit` stopped: `max_epochs=150` reached.
[I 2023-09-25 13:36:34,050] Trial 8 finished with value: 0.9830845771144278 and parameters: {'metric_deformation': 0.8459126528049372}. Best is trial 5 with value: 0.9850746268656715.
GPU available: True (cuda), used: True
TPU available: False, using: 0 TPU cores
IPU available: False, using: 0 IPUs
HPU available: False, using: 0 HPUs
Global seed set to 5
LOCAL_RANK: 0 - CUDA_VISIBLE_DEVICES: [GPU-e724bb03-ffd4-0954-9f9a-10f721e8e98e]
Fitting DPNet. Lookback window length set to 1
Fitted DeepEDMD model. Lookback length set to 1
Finding best initial lr:   0%|          | 0/50 [00:00<?, ?it/s]Finding best initial lr:  28%|██▊       | 14/50 [00:00<00:00, 131.37it/s]Finding best initial lr:  56%|█████▌    | 28/50 [00:00<00:00, 135.58it/s]Finding best initial lr:  86%|████████▌ | 43/50 [00:00<00:00, 140.66it/s]`Trainer.fit` stopped: `max_steps=50` reached.
Finding best initial lr: 100%|██████████| 50/50 [00:00<00:00, 140.92it/s]
Learning rate set to 0.000331131121482591
Restoring states from the checkpoint path at /work/pnovelli/dp_examples/ordered_MNIST/.lr_find_4d6ed35d-3cd8-43ef-a5d0-a3444bdd95db.ckpt
Restored all states from the checkpoint at /work/pnovelli/dp_examples/ordered_MNIST/.lr_find_4d6ed35d-3cd8-43ef-a5d0-a3444bdd95db.ckpt
LOCAL_RANK: 0 - CUDA_VISIBLE_DEVICES: [GPU-e724bb03-ffd4-0954-9f9a-10f721e8e98e]

  | Name    | Type       | Params
---------------------------------------
0 | encoder | CNNEncoder | 21.1 K
---------------------------------------
21.1 K    Trainable params
0         Non-trainable params
21.1 K    Total params
0.084     Total estimated model params size (MB)
`Trainer.fit` stopped: `max_epochs=150` reached.
[I 2023-09-25 13:36:45,382] Trial 9 finished with value: 0.9784411276948589 and parameters: {'metric_deformation': 0.058463261216434144}. Best is trial 5 with value: 0.9850746268656715.
GPU available: True (cuda), used: True
TPU available: False, using: 0 TPU cores
IPU available: False, using: 0 IPUs
HPU available: False, using: 0 HPUs
Global seed set to 5
LOCAL_RANK: 0 - CUDA_VISIBLE_DEVICES: [GPU-e724bb03-ffd4-0954-9f9a-10f721e8e98e]
Fitting DPNet. Lookback window length set to 1
Fitted DeepEDMD model. Lookback length set to 1
Finding best initial lr:   0%|          | 0/50 [00:00<?, ?it/s]Finding best initial lr:  28%|██▊       | 14/50 [00:00<00:00, 137.08it/s]Finding best initial lr:  56%|█████▌    | 28/50 [00:00<00:00, 133.23it/s]Finding best initial lr:  84%|████████▍ | 42/50 [00:00<00:00, 125.56it/s]`Trainer.fit` stopped: `max_steps=50` reached.
Finding best initial lr: 100%|██████████| 50/50 [00:00<00:00, 125.67it/s]
Learning rate set to 0.000331131121482591
Restoring states from the checkpoint path at /work/pnovelli/dp_examples/ordered_MNIST/.lr_find_4b2f0f06-e074-4d5e-8a2f-be7b69d2bc32.ckpt
Restored all states from the checkpoint at /work/pnovelli/dp_examples/ordered_MNIST/.lr_find_4b2f0f06-e074-4d5e-8a2f-be7b69d2bc32.ckpt
LOCAL_RANK: 0 - CUDA_VISIBLE_DEVICES: [GPU-e724bb03-ffd4-0954-9f9a-10f721e8e98e]

  | Name    | Type       | Params
---------------------------------------
0 | encoder | CNNEncoder | 21.1 K
---------------------------------------
21.1 K    Trainable params
0         Non-trainable params
21.1 K    Total params
0.084     Total estimated model params size (MB)
`Trainer.fit` stopped: `max_epochs=150` reached.
[I 2023-09-25 13:36:56,901] Trial 10 finished with value: 0.9751243781094525 and parameters: {'metric_deformation': 0.018701659808245147}. Best is trial 5 with value: 0.9850746268656715.
GPU available: True (cuda), used: True
TPU available: False, using: 0 TPU cores
IPU available: False, using: 0 IPUs
HPU available: False, using: 0 HPUs
Global seed set to 5
LOCAL_RANK: 0 - CUDA_VISIBLE_DEVICES: [GPU-e724bb03-ffd4-0954-9f9a-10f721e8e98e]
Fitting DPNet. Lookback window length set to 1
Fitted DeepEDMD model. Lookback length set to 1
Finding best initial lr:   0%|          | 0/50 [00:00<?, ?it/s]Finding best initial lr:  32%|███▏      | 16/50 [00:00<00:00, 153.50it/s]Finding best initial lr:  64%|██████▍   | 32/50 [00:00<00:00, 157.02it/s]Finding best initial lr:  96%|█████████▌| 48/50 [00:00<00:00, 157.18it/s]`Trainer.fit` stopped: `max_steps=50` reached.
Finding best initial lr: 100%|██████████| 50/50 [00:00<00:00, 156.42it/s]
Learning rate set to 0.0008709635899560806
Restoring states from the checkpoint path at /work/pnovelli/dp_examples/ordered_MNIST/.lr_find_da27323b-6818-45fd-8269-45e6fd5d951a.ckpt
Restored all states from the checkpoint at /work/pnovelli/dp_examples/ordered_MNIST/.lr_find_da27323b-6818-45fd-8269-45e6fd5d951a.ckpt
LOCAL_RANK: 0 - CUDA_VISIBLE_DEVICES: [GPU-e724bb03-ffd4-0954-9f9a-10f721e8e98e]

  | Name    | Type       | Params
---------------------------------------
0 | encoder | CNNEncoder | 21.1 K
---------------------------------------
21.1 K    Trainable params
0         Non-trainable params
21.1 K    Total params
0.084     Total estimated model params size (MB)
`Trainer.fit` stopped: `max_epochs=150` reached.
[I 2023-09-25 13:37:08,211] Trial 11 finished with value: 0.9820895522388059 and parameters: {'metric_deformation': 0.33832035835993146}. Best is trial 5 with value: 0.9850746268656715.
GPU available: True (cuda), used: True
TPU available: False, using: 0 TPU cores
IPU available: False, using: 0 IPUs
HPU available: False, using: 0 HPUs
Global seed set to 5
LOCAL_RANK: 0 - CUDA_VISIBLE_DEVICES: [GPU-e724bb03-ffd4-0954-9f9a-10f721e8e98e]
Fitting DPNet. Lookback window length set to 1
Fitted DeepEDMD model. Lookback length set to 1
Finding best initial lr:   0%|          | 0/50 [00:00<?, ?it/s]Finding best initial lr:  28%|██▊       | 14/50 [00:00<00:00, 132.88it/s]Finding best initial lr:  58%|█████▊    | 29/50 [00:00<00:00, 136.75it/s]Finding best initial lr:  86%|████████▌ | 43/50 [00:00<00:00, 131.03it/s]`Trainer.fit` stopped: `max_steps=50` reached.
Finding best initial lr: 100%|██████████| 50/50 [00:00<00:00, 131.38it/s]
Learning rate set to 0.0008709635899560806
Restoring states from the checkpoint path at /work/pnovelli/dp_examples/ordered_MNIST/.lr_find_c57a2543-225c-42bb-baf5-8dcc0903aa0f.ckpt
Restored all states from the checkpoint at /work/pnovelli/dp_examples/ordered_MNIST/.lr_find_c57a2543-225c-42bb-baf5-8dcc0903aa0f.ckpt
LOCAL_RANK: 0 - CUDA_VISIBLE_DEVICES: [GPU-e724bb03-ffd4-0954-9f9a-10f721e8e98e]

  | Name    | Type       | Params
---------------------------------------
0 | encoder | CNNEncoder | 21.1 K
---------------------------------------
21.1 K    Trainable params
0         Non-trainable params
21.1 K    Total params
0.084     Total estimated model params size (MB)
`Trainer.fit` stopped: `max_epochs=150` reached.
[I 2023-09-25 13:37:20,908] Trial 12 finished with value: 0.9800995024875621 and parameters: {'metric_deformation': 0.2938001394976078}. Best is trial 5 with value: 0.9850746268656715.
GPU available: True (cuda), used: True
TPU available: False, using: 0 TPU cores
IPU available: False, using: 0 IPUs
HPU available: False, using: 0 HPUs
Global seed set to 5
LOCAL_RANK: 0 - CUDA_VISIBLE_DEVICES: [GPU-e724bb03-ffd4-0954-9f9a-10f721e8e98e]
Fitting DPNet. Lookback window length set to 1
Fitted DeepEDMD model. Lookback length set to 1
Finding best initial lr:   0%|          | 0/50 [00:00<?, ?it/s]Finding best initial lr:  32%|███▏      | 16/50 [00:00<00:00, 152.66it/s]Finding best initial lr:  64%|██████▍   | 32/50 [00:00<00:00, 156.07it/s]Finding best initial lr:  96%|█████████▌| 48/50 [00:00<00:00, 157.45it/s]`Trainer.fit` stopped: `max_steps=50` reached.
Finding best initial lr: 100%|██████████| 50/50 [00:00<00:00, 156.34it/s]
Learning rate set to 0.0008709635899560806
Restoring states from the checkpoint path at /work/pnovelli/dp_examples/ordered_MNIST/.lr_find_5c220ac8-a62f-48f4-8d8b-56814232a9f6.ckpt
Restored all states from the checkpoint at /work/pnovelli/dp_examples/ordered_MNIST/.lr_find_5c220ac8-a62f-48f4-8d8b-56814232a9f6.ckpt
LOCAL_RANK: 0 - CUDA_VISIBLE_DEVICES: [GPU-e724bb03-ffd4-0954-9f9a-10f721e8e98e]

  | Name    | Type       | Params
---------------------------------------
0 | encoder | CNNEncoder | 21.1 K
---------------------------------------
21.1 K    Trainable params
0         Non-trainable params
21.1 K    Total params
0.084     Total estimated model params size (MB)
`Trainer.fit` stopped: `max_epochs=150` reached.
[I 2023-09-25 13:37:32,724] Trial 13 finished with value: 0.9840796019900497 and parameters: {'metric_deformation': 0.278881917704511}. Best is trial 5 with value: 0.9850746268656715.
GPU available: True (cuda), used: True
TPU available: False, using: 0 TPU cores
IPU available: False, using: 0 IPUs
HPU available: False, using: 0 HPUs
Global seed set to 5
LOCAL_RANK: 0 - CUDA_VISIBLE_DEVICES: [GPU-e724bb03-ffd4-0954-9f9a-10f721e8e98e]
Fitting DPNet. Lookback window length set to 1
Fitted DeepEDMD model. Lookback length set to 1
Finding best initial lr:   0%|          | 0/50 [00:00<?, ?it/s]Finding best initial lr:  28%|██▊       | 14/50 [00:00<00:00, 132.61it/s]Finding best initial lr:  58%|█████▊    | 29/50 [00:00<00:00, 138.19it/s]Finding best initial lr:  88%|████████▊ | 44/50 [00:00<00:00, 139.64it/s]`Trainer.fit` stopped: `max_steps=50` reached.
Finding best initial lr: 100%|██████████| 50/50 [00:00<00:00, 137.74it/s]
Learning rate set to 0.0008709635899560806
Restoring states from the checkpoint path at /work/pnovelli/dp_examples/ordered_MNIST/.lr_find_743bad1d-9d8d-42d3-b5db-9a4022b59d7d.ckpt
Restored all states from the checkpoint at /work/pnovelli/dp_examples/ordered_MNIST/.lr_find_743bad1d-9d8d-42d3-b5db-9a4022b59d7d.ckpt
LOCAL_RANK: 0 - CUDA_VISIBLE_DEVICES: [GPU-e724bb03-ffd4-0954-9f9a-10f721e8e98e]

  | Name    | Type       | Params
---------------------------------------
0 | encoder | CNNEncoder | 21.1 K
---------------------------------------
21.1 K    Trainable params
0         Non-trainable params
21.1 K    Total params
0.084     Total estimated model params size (MB)
`Trainer.fit` stopped: `max_epochs=150` reached.
[I 2023-09-25 13:37:44,606] Trial 14 finished with value: 0.9827529021558872 and parameters: {'metric_deformation': 0.45282796517068724}. Best is trial 5 with value: 0.9850746268656715.
GPU available: True (cuda), used: True
TPU available: False, using: 0 TPU cores
IPU available: False, using: 0 IPUs
HPU available: False, using: 0 HPUs
Global seed set to 5
LOCAL_RANK: 0 - CUDA_VISIBLE_DEVICES: [GPU-e724bb03-ffd4-0954-9f9a-10f721e8e98e]
Fitting DPNet. Lookback window length set to 1
Fitted DeepEDMD model. Lookback length set to 1
Finding best initial lr:   0%|          | 0/50 [00:00<?, ?it/s]Finding best initial lr:  30%|███       | 15/50 [00:00<00:00, 145.18it/s]Finding best initial lr:  60%|██████    | 30/50 [00:00<00:00, 147.40it/s]Finding best initial lr:  90%|█████████ | 45/50 [00:00<00:00, 147.53it/s]`Trainer.fit` stopped: `max_steps=50` reached.
Finding best initial lr: 100%|██████████| 50/50 [00:00<00:00, 146.94it/s]
Learning rate set to 0.0008709635899560806
Restoring states from the checkpoint path at /work/pnovelli/dp_examples/ordered_MNIST/.lr_find_1680d9a9-4a5e-443b-a3de-0eeceecc67ea.ckpt
Restored all states from the checkpoint at /work/pnovelli/dp_examples/ordered_MNIST/.lr_find_1680d9a9-4a5e-443b-a3de-0eeceecc67ea.ckpt
LOCAL_RANK: 0 - CUDA_VISIBLE_DEVICES: [GPU-e724bb03-ffd4-0954-9f9a-10f721e8e98e]

  | Name    | Type       | Params
---------------------------------------
0 | encoder | CNNEncoder | 21.1 K
---------------------------------------
21.1 K    Trainable params
0         Non-trainable params
21.1 K    Total params
0.084     Total estimated model params size (MB)
`Trainer.fit` stopped: `max_epochs=150` reached.
[I 2023-09-25 13:37:55,428] Trial 15 finished with value: 0.9781094527363182 and parameters: {'metric_deformation': 0.9195634920933659}. Best is trial 5 with value: 0.9850746268656715.
GPU available: True (cuda), used: True
TPU available: False, using: 0 TPU cores
IPU available: False, using: 0 IPUs
HPU available: False, using: 0 HPUs
Global seed set to 5
LOCAL_RANK: 0 - CUDA_VISIBLE_DEVICES: [GPU-e724bb03-ffd4-0954-9f9a-10f721e8e98e]
Fitting DPNet. Lookback window length set to 1
Fitted DeepEDMD model. Lookback length set to 1
Finding best initial lr:   0%|          | 0/50 [00:00<?, ?it/s]Finding best initial lr:  24%|██▍       | 12/50 [00:00<00:00, 117.21it/s]Finding best initial lr:  56%|█████▌    | 28/50 [00:00<00:00, 137.07it/s]Finding best initial lr:  86%|████████▌ | 43/50 [00:00<00:00, 141.04it/s]`Trainer.fit` stopped: `max_steps=50` reached.
Finding best initial lr: 100%|██████████| 50/50 [00:00<00:00, 138.90it/s]
Learning rate set to 0.0008709635899560806
Restoring states from the checkpoint path at /work/pnovelli/dp_examples/ordered_MNIST/.lr_find_650769e5-835e-4507-8694-d037f0f78bfe.ckpt
Restored all states from the checkpoint at /work/pnovelli/dp_examples/ordered_MNIST/.lr_find_650769e5-835e-4507-8694-d037f0f78bfe.ckpt
LOCAL_RANK: 0 - CUDA_VISIBLE_DEVICES: [GPU-e724bb03-ffd4-0954-9f9a-10f721e8e98e]

  | Name    | Type       | Params
---------------------------------------
0 | encoder | CNNEncoder | 21.1 K
---------------------------------------
21.1 K    Trainable params
0         Non-trainable params
21.1 K    Total params
0.084     Total estimated model params size (MB)
`Trainer.fit` stopped: `max_epochs=150` reached.
[I 2023-09-25 13:38:06,772] Trial 16 finished with value: 0.9860696517412934 and parameters: {'metric_deformation': 0.2597301204083903}. Best is trial 16 with value: 0.9860696517412934.
GPU available: True (cuda), used: True
TPU available: False, using: 0 TPU cores
IPU available: False, using: 0 IPUs
HPU available: False, using: 0 HPUs
Global seed set to 5
LOCAL_RANK: 0 - CUDA_VISIBLE_DEVICES: [GPU-e724bb03-ffd4-0954-9f9a-10f721e8e98e]
Fitting DPNet. Lookback window length set to 1
Fitted DeepEDMD model. Lookback length set to 1
Finding best initial lr:   0%|          | 0/50 [00:00<?, ?it/s]Finding best initial lr:  30%|███       | 15/50 [00:00<00:00, 142.75it/s]Finding best initial lr:  60%|██████    | 30/50 [00:00<00:00, 144.98it/s]Finding best initial lr:  90%|█████████ | 45/50 [00:00<00:00, 134.93it/s]`Trainer.fit` stopped: `max_steps=50` reached.
Finding best initial lr: 100%|██████████| 50/50 [00:00<00:00, 134.36it/s]
Learning rate set to 0.0008709635899560806
Restoring states from the checkpoint path at /work/pnovelli/dp_examples/ordered_MNIST/.lr_find_891fa191-a601-4206-a6d2-1022c1caf025.ckpt
Restored all states from the checkpoint at /work/pnovelli/dp_examples/ordered_MNIST/.lr_find_891fa191-a601-4206-a6d2-1022c1caf025.ckpt
LOCAL_RANK: 0 - CUDA_VISIBLE_DEVICES: [GPU-e724bb03-ffd4-0954-9f9a-10f721e8e98e]

  | Name    | Type       | Params
---------------------------------------
0 | encoder | CNNEncoder | 21.1 K
---------------------------------------
21.1 K    Trainable params
0         Non-trainable params
21.1 K    Total params
0.084     Total estimated model params size (MB)
`Trainer.fit` stopped: `max_epochs=150` reached.
[I 2023-09-25 13:38:18,187] Trial 17 finished with value: 0.9860696517412934 and parameters: {'metric_deformation': 0.18278623321537296}. Best is trial 16 with value: 0.9860696517412934.
GPU available: True (cuda), used: True
TPU available: False, using: 0 TPU cores
IPU available: False, using: 0 IPUs
HPU available: False, using: 0 HPUs
Global seed set to 5
LOCAL_RANK: 0 - CUDA_VISIBLE_DEVICES: [GPU-e724bb03-ffd4-0954-9f9a-10f721e8e98e]
Fitting DPNet. Lookback window length set to 1
Fitted DeepEDMD model. Lookback length set to 1
Finding best initial lr:   0%|          | 0/50 [00:00<?, ?it/s]Finding best initial lr:  24%|██▍       | 12/50 [00:00<00:00, 114.67it/s]Finding best initial lr:  48%|████▊     | 24/50 [00:00<00:00, 114.62it/s]Finding best initial lr:  72%|███████▏  | 36/50 [00:00<00:00, 109.80it/s]Finding best initial lr:  96%|█████████▌| 48/50 [00:00<00:00, 107.83it/s]`Trainer.fit` stopped: `max_steps=50` reached.
Finding best initial lr: 100%|██████████| 50/50 [00:00<00:00, 109.29it/s]
Learning rate set to 0.0008709635899560806
Restoring states from the checkpoint path at /work/pnovelli/dp_examples/ordered_MNIST/.lr_find_79dd9686-5329-48c5-bb2d-2b27c9e27116.ckpt
Restored all states from the checkpoint at /work/pnovelli/dp_examples/ordered_MNIST/.lr_find_79dd9686-5329-48c5-bb2d-2b27c9e27116.ckpt
LOCAL_RANK: 0 - CUDA_VISIBLE_DEVICES: [GPU-e724bb03-ffd4-0954-9f9a-10f721e8e98e]

  | Name    | Type       | Params
---------------------------------------
0 | encoder | CNNEncoder | 21.1 K
---------------------------------------
21.1 K    Trainable params
0         Non-trainable params
21.1 K    Total params
0.084     Total estimated model params size (MB)
`Trainer.fit` stopped: `max_epochs=150` reached.
