[I 2023-09-25 15:49:39,786] Trial 37 finished with value: 0.9807628524046433 and parameters: {'metric_deformation': 0.25340710082963674}. Best is trial 19 with value: 0.9870646766169153.
GPU available: True (cuda), used: True
TPU available: False, using: 0 TPU cores
IPU available: False, using: 0 IPUs
HPU available: False, using: 0 HPUs
Global seed set to 18
LOCAL_RANK: 0 - CUDA_VISIBLE_DEVICES: [GPU-e724bb03-ffd4-0954-9f9a-10f721e8e98e]
Fitting DPNet. Lookback window length set to 1
Fitted DeepEDMD model. Lookback length set to 1
Finding best initial lr:   0%|          | 0/50 [00:00<?, ?it/s]Finding best initial lr:  30%|███       | 15/50 [00:00<00:00, 141.96it/s]Finding best initial lr:  60%|██████    | 30/50 [00:00<00:00, 136.37it/s]Finding best initial lr:  88%|████████▊ | 44/50 [00:00<00:00, 128.34it/s]`Trainer.fit` stopped: `max_steps=50` reached.
Finding best initial lr: 100%|██████████| 50/50 [00:00<00:00, 129.15it/s]
Learning rate set to 0.0008709635899560806
Restoring states from the checkpoint path at /work/pnovelli/dp_examples/ordered_MNIST/.lr_find_00332392-de22-4cb6-86f4-2843d94a3a1a.ckpt
Restored all states from the checkpoint at /work/pnovelli/dp_examples/ordered_MNIST/.lr_find_00332392-de22-4cb6-86f4-2843d94a3a1a.ckpt
LOCAL_RANK: 0 - CUDA_VISIBLE_DEVICES: [GPU-e724bb03-ffd4-0954-9f9a-10f721e8e98e]

  | Name    | Type       | Params
---------------------------------------
0 | encoder | CNNEncoder | 21.1 K
---------------------------------------
21.1 K    Trainable params
0         Non-trainable params
21.1 K    Total params
0.084     Total estimated model params size (MB)
`Trainer.fit` stopped: `max_epochs=150` reached.
[I 2023-09-25 15:49:51,317] Trial 38 finished with value: 0.9771144278606964 and parameters: {'metric_deformation': 0.08054676709168158}. Best is trial 19 with value: 0.9870646766169153.
GPU available: True (cuda), used: True
TPU available: False, using: 0 TPU cores
IPU available: False, using: 0 IPUs
HPU available: False, using: 0 HPUs
Global seed set to 18
LOCAL_RANK: 0 - CUDA_VISIBLE_DEVICES: [GPU-e724bb03-ffd4-0954-9f9a-10f721e8e98e]
Fitting DPNet. Lookback window length set to 1
Fitted DeepEDMD model. Lookback length set to 1
Finding best initial lr:   0%|          | 0/50 [00:00<?, ?it/s]Finding best initial lr:  32%|███▏      | 16/50 [00:00<00:00, 153.21it/s]Finding best initial lr:  66%|██████▌   | 33/50 [00:00<00:00, 157.43it/s]Finding best initial lr:  98%|█████████▊| 49/50 [00:00<00:00, 158.24it/s]`Trainer.fit` stopped: `max_steps=50` reached.
Finding best initial lr: 100%|██████████| 50/50 [00:00<00:00, 156.94it/s]
Learning rate set to 0.0008709635899560806
Restoring states from the checkpoint path at /work/pnovelli/dp_examples/ordered_MNIST/.lr_find_679b771f-947e-43e6-a496-c88fc06db479.ckpt
Restored all states from the checkpoint at /work/pnovelli/dp_examples/ordered_MNIST/.lr_find_679b771f-947e-43e6-a496-c88fc06db479.ckpt
LOCAL_RANK: 0 - CUDA_VISIBLE_DEVICES: [GPU-e724bb03-ffd4-0954-9f9a-10f721e8e98e]

  | Name    | Type       | Params
---------------------------------------
0 | encoder | CNNEncoder | 21.1 K
---------------------------------------
21.1 K    Trainable params
0         Non-trainable params
21.1 K    Total params
0.084     Total estimated model params size (MB)
`Trainer.fit` stopped: `max_epochs=150` reached.
[I 2023-09-25 15:50:02,580] Trial 39 finished with value: 0.9791044776119402 and parameters: {'metric_deformation': 0.1571959437175842}. Best is trial 19 with value: 0.9870646766169153.
GPU available: True (cuda), used: True
TPU available: False, using: 0 TPU cores
IPU available: False, using: 0 IPUs
HPU available: False, using: 0 HPUs
Global seed set to 18
LOCAL_RANK: 0 - CUDA_VISIBLE_DEVICES: [GPU-e724bb03-ffd4-0954-9f9a-10f721e8e98e]
Fitting DPNet. Lookback window length set to 1
Fitted DeepEDMD model. Lookback length set to 1
Finding best initial lr:   0%|          | 0/50 [00:00<?, ?it/s]Finding best initial lr:  26%|██▌       | 13/50 [00:00<00:00, 122.46it/s]Finding best initial lr:  52%|█████▏    | 26/50 [00:00<00:00, 123.37it/s]Finding best initial lr:  78%|███████▊  | 39/50 [00:00<00:00, 125.37it/s]`Trainer.fit` stopped: `max_steps=50` reached.
Finding best initial lr: 100%|██████████| 50/50 [00:00<00:00, 129.80it/s]
Learning rate set to 0.0008709635899560806
Restoring states from the checkpoint path at /work/pnovelli/dp_examples/ordered_MNIST/.lr_find_2f007da2-bd95-47c5-bef7-978b8b448d96.ckpt
Restored all states from the checkpoint at /work/pnovelli/dp_examples/ordered_MNIST/.lr_find_2f007da2-bd95-47c5-bef7-978b8b448d96.ckpt
LOCAL_RANK: 0 - CUDA_VISIBLE_DEVICES: [GPU-e724bb03-ffd4-0954-9f9a-10f721e8e98e]

  | Name    | Type       | Params
---------------------------------------
0 | encoder | CNNEncoder | 21.1 K
---------------------------------------
21.1 K    Trainable params
0         Non-trainable params
21.1 K    Total params
0.084     Total estimated model params size (MB)
`Trainer.fit` stopped: `max_epochs=150` reached.
[I 2023-09-25 15:50:13,611] Trial 40 finished with value: 0.9787728026533995 and parameters: {'metric_deformation': 0.11082404693972786}. Best is trial 19 with value: 0.9870646766169153.
GPU available: True (cuda), used: True
TPU available: False, using: 0 TPU cores
IPU available: False, using: 0 IPUs
HPU available: False, using: 0 HPUs
Global seed set to 18
LOCAL_RANK: 0 - CUDA_VISIBLE_DEVICES: [GPU-e724bb03-ffd4-0954-9f9a-10f721e8e98e]
Fitting DPNet. Lookback window length set to 1
Fitted DeepEDMD model. Lookback length set to 1
Finding best initial lr:   0%|          | 0/50 [00:00<?, ?it/s]Finding best initial lr:  32%|███▏      | 16/50 [00:00<00:00, 151.77it/s]Finding best initial lr:  64%|██████▍   | 32/50 [00:00<00:00, 156.31it/s]Finding best initial lr:  98%|█████████▊| 49/50 [00:00<00:00, 158.34it/s]`Trainer.fit` stopped: `max_steps=50` reached.
Finding best initial lr: 100%|██████████| 50/50 [00:00<00:00, 156.84it/s]
Learning rate set to 0.0008709635899560806
Restoring states from the checkpoint path at /work/pnovelli/dp_examples/ordered_MNIST/.lr_find_88f018a5-92d9-45d5-91b4-a4ba6b4a1f1d.ckpt
Restored all states from the checkpoint at /work/pnovelli/dp_examples/ordered_MNIST/.lr_find_88f018a5-92d9-45d5-91b4-a4ba6b4a1f1d.ckpt
LOCAL_RANK: 0 - CUDA_VISIBLE_DEVICES: [GPU-e724bb03-ffd4-0954-9f9a-10f721e8e98e]

  | Name    | Type       | Params
---------------------------------------
0 | encoder | CNNEncoder | 21.1 K
---------------------------------------
21.1 K    Trainable params
0         Non-trainable params
21.1 K    Total params
0.084     Total estimated model params size (MB)
`Trainer.fit` stopped: `max_epochs=150` reached.
[I 2023-09-25 15:50:25,013] Trial 41 finished with value: 0.983747927031509 and parameters: {'metric_deformation': 0.24361931938195994}. Best is trial 19 with value: 0.9870646766169153.
GPU available: True (cuda), used: True
TPU available: False, using: 0 TPU cores
IPU available: False, using: 0 IPUs
HPU available: False, using: 0 HPUs
Global seed set to 18
LOCAL_RANK: 0 - CUDA_VISIBLE_DEVICES: [GPU-e724bb03-ffd4-0954-9f9a-10f721e8e98e]
Fitting DPNet. Lookback window length set to 1
Fitted DeepEDMD model. Lookback length set to 1
Finding best initial lr:   0%|          | 0/50 [00:00<?, ?it/s]Finding best initial lr:  32%|███▏      | 16/50 [00:00<00:00, 151.58it/s]Finding best initial lr:  64%|██████▍   | 32/50 [00:00<00:00, 155.94it/s]Finding best initial lr:  96%|█████████▌| 48/50 [00:00<00:00, 157.49it/s]`Trainer.fit` stopped: `max_steps=50` reached.
Finding best initial lr: 100%|██████████| 50/50 [00:00<00:00, 156.35it/s]
Learning rate set to 0.0008709635899560806
Restoring states from the checkpoint path at /work/pnovelli/dp_examples/ordered_MNIST/.lr_find_1e55c292-576b-4d7a-8705-987f1930ef32.ckpt
Restored all states from the checkpoint at /work/pnovelli/dp_examples/ordered_MNIST/.lr_find_1e55c292-576b-4d7a-8705-987f1930ef32.ckpt
LOCAL_RANK: 0 - CUDA_VISIBLE_DEVICES: [GPU-e724bb03-ffd4-0954-9f9a-10f721e8e98e]

  | Name    | Type       | Params
---------------------------------------
0 | encoder | CNNEncoder | 21.1 K
---------------------------------------
21.1 K    Trainable params
0         Non-trainable params
21.1 K    Total params
0.084     Total estimated model params size (MB)
`Trainer.fit` stopped: `max_epochs=150` reached.
[I 2023-09-25 15:50:39,488] Trial 42 finished with value: 0.9840796019900496 and parameters: {'metric_deformation': 0.1889730078338345}. Best is trial 19 with value: 0.9870646766169153.
GPU available: True (cuda), used: True
TPU available: False, using: 0 TPU cores
IPU available: False, using: 0 IPUs
HPU available: False, using: 0 HPUs
Global seed set to 18
LOCAL_RANK: 0 - CUDA_VISIBLE_DEVICES: [GPU-e724bb03-ffd4-0954-9f9a-10f721e8e98e]
Fitting DPNet. Lookback window length set to 1
Fitted DeepEDMD model. Lookback length set to 1
Finding best initial lr:   0%|          | 0/50 [00:00<?, ?it/s]Finding best initial lr:  28%|██▊       | 14/50 [00:00<00:00, 139.40it/s]Finding best initial lr:  56%|█████▌    | 28/50 [00:00<00:00, 137.20it/s]Finding best initial lr:  84%|████████▍ | 42/50 [00:00<00:00, 127.87it/s]`Trainer.fit` stopped: `max_steps=50` reached.
Finding best initial lr: 100%|██████████| 50/50 [00:00<00:00, 125.36it/s]
Learning rate set to 0.0008709635899560806
Restoring states from the checkpoint path at /work/pnovelli/dp_examples/ordered_MNIST/.lr_find_085b6b8b-d49c-4aee-9c53-80b3df189d4b.ckpt
Restored all states from the checkpoint at /work/pnovelli/dp_examples/ordered_MNIST/.lr_find_085b6b8b-d49c-4aee-9c53-80b3df189d4b.ckpt
LOCAL_RANK: 0 - CUDA_VISIBLE_DEVICES: [GPU-e724bb03-ffd4-0954-9f9a-10f721e8e98e]

  | Name    | Type       | Params
---------------------------------------
0 | encoder | CNNEncoder | 21.1 K
---------------------------------------
21.1 K    Trainable params
0         Non-trainable params
21.1 K    Total params
0.084     Total estimated model params size (MB)
`Trainer.fit` stopped: `max_epochs=150` reached.
[I 2023-09-25 15:50:51,084] Trial 43 finished with value: 0.9781094527363182 and parameters: {'metric_deformation': 0.28144710081323326}. Best is trial 19 with value: 0.9870646766169153.
GPU available: True (cuda), used: True
TPU available: False, using: 0 TPU cores
IPU available: False, using: 0 IPUs
HPU available: False, using: 0 HPUs
Global seed set to 18
LOCAL_RANK: 0 - CUDA_VISIBLE_DEVICES: [GPU-e724bb03-ffd4-0954-9f9a-10f721e8e98e]
Fitting DPNet. Lookback window length set to 1
Fitted DeepEDMD model. Lookback length set to 1
Finding best initial lr:   0%|          | 0/50 [00:00<?, ?it/s]Finding best initial lr:  22%|██▏       | 11/50 [00:00<00:00, 106.24it/s]Finding best initial lr:  52%|█████▏    | 26/50 [00:00<00:00, 127.40it/s]Finding best initial lr:  82%|████████▏ | 41/50 [00:00<00:00, 134.23it/s]`Trainer.fit` stopped: `max_steps=50` reached.
Finding best initial lr: 100%|██████████| 50/50 [00:00<00:00, 126.41it/s]
Learning rate set to 0.0008709635899560806
Restoring states from the checkpoint path at /work/pnovelli/dp_examples/ordered_MNIST/.lr_find_f02c79ce-8d7a-4f6d-b4ca-d855a5befaf8.ckpt
Restored all states from the checkpoint at /work/pnovelli/dp_examples/ordered_MNIST/.lr_find_f02c79ce-8d7a-4f6d-b4ca-d855a5befaf8.ckpt
LOCAL_RANK: 0 - CUDA_VISIBLE_DEVICES: [GPU-e724bb03-ffd4-0954-9f9a-10f721e8e98e]

  | Name    | Type       | Params
---------------------------------------
0 | encoder | CNNEncoder | 21.1 K
---------------------------------------
21.1 K    Trainable params
0         Non-trainable params
21.1 K    Total params
0.084     Total estimated model params size (MB)
`Trainer.fit` stopped: `max_epochs=150` reached.
[I 2023-09-25 15:51:02,380] Trial 44 finished with value: 0.9850746268656716 and parameters: {'metric_deformation': 0.3536600808643431}. Best is trial 19 with value: 0.9870646766169153.
GPU available: True (cuda), used: True
TPU available: False, using: 0 TPU cores
IPU available: False, using: 0 IPUs
HPU available: False, using: 0 HPUs
Global seed set to 18
LOCAL_RANK: 0 - CUDA_VISIBLE_DEVICES: [GPU-e724bb03-ffd4-0954-9f9a-10f721e8e98e]
Fitting DPNet. Lookback window length set to 1
Fitted DeepEDMD model. Lookback length set to 1
Finding best initial lr:   0%|          | 0/50 [00:00<?, ?it/s]Finding best initial lr:  26%|██▌       | 13/50 [00:00<00:00, 123.85it/s]Finding best initial lr:  54%|█████▍    | 27/50 [00:00<00:00, 131.55it/s]Finding best initial lr:  82%|████████▏ | 41/50 [00:00<00:00, 133.51it/s]`Trainer.fit` stopped: `max_steps=50` reached.
Finding best initial lr: 100%|██████████| 50/50 [00:00<00:00, 132.70it/s]
Learning rate set to 0.0008709635899560806
Restoring states from the checkpoint path at /work/pnovelli/dp_examples/ordered_MNIST/.lr_find_f12c0dbd-b71c-40db-932a-f6ff41bdd0d5.ckpt
Restored all states from the checkpoint at /work/pnovelli/dp_examples/ordered_MNIST/.lr_find_f12c0dbd-b71c-40db-932a-f6ff41bdd0d5.ckpt
LOCAL_RANK: 0 - CUDA_VISIBLE_DEVICES: [GPU-e724bb03-ffd4-0954-9f9a-10f721e8e98e]

  | Name    | Type       | Params
---------------------------------------
0 | encoder | CNNEncoder | 21.1 K
---------------------------------------
21.1 K    Trainable params
0         Non-trainable params
21.1 K    Total params
0.084     Total estimated model params size (MB)
`Trainer.fit` stopped: `max_epochs=150` reached.
[I 2023-09-25 15:51:14,416] Trial 45 finished with value: 0.9834162520729683 and parameters: {'metric_deformation': 0.4382510756701932}. Best is trial 19 with value: 0.9870646766169153.
GPU available: True (cuda), used: True
TPU available: False, using: 0 TPU cores
IPU available: False, using: 0 IPUs
HPU available: False, using: 0 HPUs
Global seed set to 18
LOCAL_RANK: 0 - CUDA_VISIBLE_DEVICES: [GPU-e724bb03-ffd4-0954-9f9a-10f721e8e98e]
Fitting DPNet. Lookback window length set to 1
Fitted DeepEDMD model. Lookback length set to 1
Finding best initial lr:   0%|          | 0/50 [00:00<?, ?it/s]Finding best initial lr:  30%|███       | 15/50 [00:00<00:00, 145.03it/s]Finding best initial lr:  62%|██████▏   | 31/50 [00:00<00:00, 150.52it/s]Finding best initial lr:  94%|█████████▍| 47/50 [00:00<00:00, 153.75it/s]`Trainer.fit` stopped: `max_steps=50` reached.
Finding best initial lr: 100%|██████████| 50/50 [00:00<00:00, 152.34it/s]
Learning rate set to 0.0008709635899560806
Restoring states from the checkpoint path at /work/pnovelli/dp_examples/ordered_MNIST/.lr_find_23b0f8a3-2a99-42a4-a5f0-2c1b21ef6ea0.ckpt
Restored all states from the checkpoint at /work/pnovelli/dp_examples/ordered_MNIST/.lr_find_23b0f8a3-2a99-42a4-a5f0-2c1b21ef6ea0.ckpt
LOCAL_RANK: 0 - CUDA_VISIBLE_DEVICES: [GPU-e724bb03-ffd4-0954-9f9a-10f721e8e98e]

  | Name    | Type       | Params
---------------------------------------
0 | encoder | CNNEncoder | 21.1 K
---------------------------------------
21.1 K    Trainable params
0         Non-trainable params
21.1 K    Total params
0.084     Total estimated model params size (MB)
`Trainer.fit` stopped: `max_epochs=150` reached.
[I 2023-09-25 15:51:26,572] Trial 46 finished with value: 0.9860696517412934 and parameters: {'metric_deformation': 0.23592652370727074}. Best is trial 19 with value: 0.9870646766169153.
GPU available: True (cuda), used: True
TPU available: False, using: 0 TPU cores
IPU available: False, using: 0 IPUs
HPU available: False, using: 0 HPUs
Global seed set to 18
LOCAL_RANK: 0 - CUDA_VISIBLE_DEVICES: [GPU-e724bb03-ffd4-0954-9f9a-10f721e8e98e]
Fitting DPNet. Lookback window length set to 1
Fitted DeepEDMD model. Lookback length set to 1
Finding best initial lr:   0%|          | 0/50 [00:00<?, ?it/s]Finding best initial lr:  28%|██▊       | 14/50 [00:00<00:00, 137.46it/s]Finding best initial lr:  58%|█████▊    | 29/50 [00:00<00:00, 143.04it/s]Finding best initial lr:  88%|████████▊ | 44/50 [00:00<00:00, 139.27it/s]`Trainer.fit` stopped: `max_steps=50` reached.
Finding best initial lr: 100%|██████████| 50/50 [00:00<00:00, 135.57it/s]
Learning rate set to 0.0008709635899560806
Restoring states from the checkpoint path at /work/pnovelli/dp_examples/ordered_MNIST/.lr_find_f7ae3b77-31a3-45b9-9999-a487a9998ca2.ckpt
Restored all states from the checkpoint at /work/pnovelli/dp_examples/ordered_MNIST/.lr_find_f7ae3b77-31a3-45b9-9999-a487a9998ca2.ckpt
LOCAL_RANK: 0 - CUDA_VISIBLE_DEVICES: [GPU-e724bb03-ffd4-0954-9f9a-10f721e8e98e]

  | Name    | Type       | Params
---------------------------------------
0 | encoder | CNNEncoder | 21.1 K
---------------------------------------
21.1 K    Trainable params
0         Non-trainable params
21.1 K    Total params
0.084     Total estimated model params size (MB)
`Trainer.fit` stopped: `max_epochs=150` reached.
[I 2023-09-25 15:51:38,647] Trial 47 finished with value: 0.9797678275290215 and parameters: {'metric_deformation': 0.130256203860169}. Best is trial 19 with value: 0.9870646766169153.
GPU available: True (cuda), used: True
TPU available: False, using: 0 TPU cores
IPU available: False, using: 0 IPUs
HPU available: False, using: 0 HPUs
Global seed set to 18
LOCAL_RANK: 0 - CUDA_VISIBLE_DEVICES: [GPU-e724bb03-ffd4-0954-9f9a-10f721e8e98e]
Fitting DPNet. Lookback window length set to 1
Fitted DeepEDMD model. Lookback length set to 1
Finding best initial lr:   0%|          | 0/50 [00:00<?, ?it/s]Finding best initial lr:  30%|███       | 15/50 [00:00<00:00, 140.83it/s]Finding best initial lr:  60%|██████    | 30/50 [00:00<00:00, 136.12it/s]Finding best initial lr:  88%|████████▊ | 44/50 [00:00<00:00, 127.20it/s]`Trainer.fit` stopped: `max_steps=50` reached.
Finding best initial lr: 100%|██████████| 50/50 [00:00<00:00, 128.18it/s]
Learning rate set to 0.0008709635899560806
Restoring states from the checkpoint path at /work/pnovelli/dp_examples/ordered_MNIST/.lr_find_c2ce11cf-ff23-4b7d-87e8-69f4e478c996.ckpt
Restored all states from the checkpoint at /work/pnovelli/dp_examples/ordered_MNIST/.lr_find_c2ce11cf-ff23-4b7d-87e8-69f4e478c996.ckpt
LOCAL_RANK: 0 - CUDA_VISIBLE_DEVICES: [GPU-e724bb03-ffd4-0954-9f9a-10f721e8e98e]

  | Name    | Type       | Params
---------------------------------------
0 | encoder | CNNEncoder | 21.1 K
---------------------------------------
21.1 K    Trainable params
0         Non-trainable params
21.1 K    Total params
0.084     Total estimated model params size (MB)
`Trainer.fit` stopped: `max_epochs=150` reached.
[I 2023-09-25 15:51:50,006] Trial 48 finished with value: 0.9791044776119402 and parameters: {'metric_deformation': 0.15478342931499164}. Best is trial 19 with value: 0.9870646766169153.
GPU available: True (cuda), used: True
TPU available: False, using: 0 TPU cores
IPU available: False, using: 0 IPUs
HPU available: False, using: 0 HPUs
Global seed set to 18
LOCAL_RANK: 0 - CUDA_VISIBLE_DEVICES: [GPU-e724bb03-ffd4-0954-9f9a-10f721e8e98e]
Fitting DPNet. Lookback window length set to 1
Fitted DeepEDMD model. Lookback length set to 1
Finding best initial lr:   0%|          | 0/50 [00:00<?, ?it/s]Finding best initial lr:  24%|██▍       | 12/50 [00:00<00:00, 119.11it/s]Finding best initial lr:  56%|█████▌    | 28/50 [00:00<00:00, 141.56it/s]Finding best initial lr:  88%|████████▊ | 44/50 [00:00<00:00, 148.81it/s]`Trainer.fit` stopped: `max_steps=50` reached.
Finding best initial lr: 100%|██████████| 50/50 [00:00<00:00, 145.80it/s]
Learning rate set to 0.0008709635899560806
Restoring states from the checkpoint path at /work/pnovelli/dp_examples/ordered_MNIST/.lr_find_efa5f11e-f637-461f-8cd7-1e716078efea.ckpt
Restored all states from the checkpoint at /work/pnovelli/dp_examples/ordered_MNIST/.lr_find_efa5f11e-f637-461f-8cd7-1e716078efea.ckpt
LOCAL_RANK: 0 - CUDA_VISIBLE_DEVICES: [GPU-e724bb03-ffd4-0954-9f9a-10f721e8e98e]

  | Name    | Type       | Params
---------------------------------------
0 | encoder | CNNEncoder | 21.1 K
---------------------------------------
21.1 K    Trainable params
0         Non-trainable params
21.1 K    Total params
0.084     Total estimated model params size (MB)
`Trainer.fit` stopped: `max_epochs=150` reached.
